The system is: Darwin - 20.6.0 - arm64
Compiling the C compiler identification source file "CMakeCCompilerId.c" succeeded.
Compiler: /Applications/Xcode.app/Contents/Developer/Toolchains/XcodeDefault.xctoolchain/usr/bin/cc 
Build flags: -arch;x86_64;-mmacosx-version-min=10.13;-stdlib=libc++
Id flags: -c 

The output was:
0


Compilation of the C compiler identification source "CMakeCCompilerId.c" produced "CMakeCCompilerId.o"

The C compiler identification is AppleClang, found in "/Users/macmade/Documents/Macmade/GitHub/libgit/libgit2/build/x86_64/CMakeFiles/3.19.6/CompilerIdC/CMakeCCompilerId.o"

Detecting C compiler ABI info compiled with the following output:
Change Dir: /Users/macmade/Documents/Macmade/GitHub/libgit/libgit2/build/x86_64/CMakeFiles/CMakeTmp

Run Build Command(s):/usr/local/make/bin/make cmTC_1cee9/fast && make[1]: Entering directory '/Users/macmade/Documents/Macmade/GitHub/libgit/libgit2/build/x86_64/CMakeFiles/CMakeTmp'
/usr/local/make/bin/make  -f CMakeFiles/cmTC_1cee9.dir/build.make CMakeFiles/cmTC_1cee9.dir/build
make[2]: Entering directory '/Users/macmade/Documents/Macmade/GitHub/libgit/libgit2/build/x86_64/CMakeFiles/CMakeTmp'
Building C object CMakeFiles/cmTC_1cee9.dir/CMakeCCompilerABI.c.o
/Applications/Xcode.app/Contents/Developer/Toolchains/XcodeDefault.xctoolchain/usr/bin/cc   -arch x86_64 -mmacosx-version-min=10.13 -stdlib=libc++  -arch x86_64 -isysroot /Applications/Xcode.app/Contents/Developer/Platforms/MacOSX.platform/Developer/SDKs/MacOSX11.3.sdk   -v -Wl,-v -o CMakeFiles/cmTC_1cee9.dir/CMakeCCompilerABI.c.o -c /opt/homebrew/Cellar/cmake/3.19.6/share/cmake/Modules/CMakeCCompilerABI.c
Apple clang version 12.0.5 (clang-1205.0.22.11)
Target: x86_64-apple-darwin20.6.0
Thread model: posix
InstalledDir: /Applications/Xcode.app/Contents/Developer/Toolchains/XcodeDefault.xctoolchain/usr/bin
clang: warning: -Wl,-v: 'linker' input unused [-Wunused-command-line-argument]
 "/Applications/Xcode.app/Contents/Developer/Toolchains/XcodeDefault.xctoolchain/usr/bin/clang" -cc1 -triple x86_64-apple-macosx10.13.0 -Wdeprecated-objc-isa-usage -Werror=deprecated-objc-isa-usage -Werror=implicit-function-declaration -emit-obj -mrelax-all -disable-free -disable-llvm-verifier -discard-value-names -main-file-name CMakeCCompilerABI.c -mrelocation-model pic -pic-level 2 -mframe-pointer=all -fno-strict-return -fno-rounding-math -munwind-tables -faligned-alloc-unavailable -target-sdk-version=11.3 -fvisibility-inlines-hidden-static-local-var -target-cpu penryn -debugger-tuning=lldb -target-linker-version 650.9 -v -resource-dir /Applications/Xcode.app/Contents/Developer/Toolchains/XcodeDefault.xctoolchain/usr/lib/clang/12.0.5 -isysroot /Applications/Xcode.app/Contents/Developer/Platforms/MacOSX.platform/Developer/SDKs/MacOSX11.3.sdk -internal-isystem /Applications/Xcode.app/Contents/Developer/Platforms/MacOSX.platform/Developer/SDKs/MacOSX11.3.sdk/usr/local/include -internal-isystem /Applications/Xcode.app/Contents/Developer/Toolchains/XcodeDefault.xctoolchain/usr/lib/clang/12.0.5/include -internal-externc-isystem /Applications/Xcode.app/Contents/Developer/Platforms/MacOSX.platform/Developer/SDKs/MacOSX11.3.sdk/usr/include -internal-externc-isystem /Applications/Xcode.app/Contents/Developer/Toolchains/XcodeDefault.xctoolchain/usr/include -Wno-reorder-init-list -Wno-implicit-int-float-conversion -Wno-c99-designator -Wno-final-dtor-non-final-class -Wno-extra-semi-stmt -Wno-misleading-indentation -Wno-quoted-include-in-framework-header -Wno-implicit-fallthrough -Wno-enum-enum-conversion -Wno-enum-float-conversion -Wno-elaborated-enum-base -fdebug-compilation-dir /Users/macmade/Documents/Macmade/GitHub/libgit/libgit2/build/x86_64/CMakeFiles/CMakeTmp -ferror-limit 19 -stack-protector 1 -mdarwin-stkchk-strong-link -fblocks -fencode-extended-block-signature -fregister-global-dtors-with-atexit -fgnuc-version=4.2.1 -fmax-type-align=16 -fcommon -clang-vendor-feature=+disableNonDependentMemberExprInCurrentInstantiation -fno-odr-hash-protocols -mllvm -disable-aligned-alloc-awareness=1 -o CMakeFiles/cmTC_1cee9.dir/CMakeCCompilerABI.c.o -x c /opt/homebrew/Cellar/cmake/3.19.6/share/cmake/Modules/CMakeCCompilerABI.c
clang -cc1 version 12.0.5 (clang-1205.0.22.11) default target arm64-apple-darwin20.6.0
ignoring nonexistent directory "/Applications/Xcode.app/Contents/Developer/Platforms/MacOSX.platform/Developer/SDKs/MacOSX11.3.sdk/usr/local/include"
ignoring nonexistent directory "/Applications/Xcode.app/Contents/Developer/Platforms/MacOSX.platform/Developer/SDKs/MacOSX11.3.sdk/Library/Frameworks"
#include "..." search starts here:
#include <...> search starts here:
 /Applications/Xcode.app/Contents/Developer/Toolchains/XcodeDefault.xctoolchain/usr/lib/clang/12.0.5/include
 /Applications/Xcode.app/Contents/Developer/Platforms/MacOSX.platform/Developer/SDKs/MacOSX11.3.sdk/usr/include
 /Applications/Xcode.app/Contents/Developer/Toolchains/XcodeDefault.xctoolchain/usr/include
 /Applications/Xcode.app/Contents/Developer/Platforms/MacOSX.platform/Developer/SDKs/MacOSX11.3.sdk/System/Library/Frameworks (framework directory)
End of search list.
Linking C executable cmTC_1cee9
/opt/homebrew/Cellar/cmake/3.19.6/bin/cmake -E cmake_link_script CMakeFiles/cmTC_1cee9.dir/link.txt --verbose=1
/Applications/Xcode.app/Contents/Developer/Toolchains/XcodeDefault.xctoolchain/usr/bin/cc -arch x86_64 -mmacosx-version-min=10.13 -stdlib=libc++  -arch x86_64 -isysroot /Applications/Xcode.app/Contents/Developer/Platforms/MacOSX.platform/Developer/SDKs/MacOSX11.3.sdk -Wl,-search_paths_first -Wl,-headerpad_max_install_names  -v -Wl,-v CMakeFiles/cmTC_1cee9.dir/CMakeCCompilerABI.c.o -o cmTC_1cee9 
Apple clang version 12.0.5 (clang-1205.0.22.11)
Target: x86_64-apple-darwin20.6.0
Thread model: posix
InstalledDir: /Applications/Xcode.app/Contents/Developer/Toolchains/XcodeDefault.xctoolchain/usr/bin
 "/Applications/Xcode.app/Contents/Developer/Toolchains/XcodeDefault.xctoolchain/usr/bin/ld" -demangle -lto_library /Applications/Xcode.app/Contents/Developer/Toolchains/XcodeDefault.xctoolchain/usr/lib/libLTO.dylib -dynamic -arch x86_64 -platform_version macos 10.13.0 11.3 -syslibroot /Applications/Xcode.app/Contents/Developer/Platforms/MacOSX.platform/Developer/SDKs/MacOSX11.3.sdk -o cmTC_1cee9 -search_paths_first -headerpad_max_install_names -v CMakeFiles/cmTC_1cee9.dir/CMakeCCompilerABI.c.o -lSystem /Applications/Xcode.app/Contents/Developer/Toolchains/XcodeDefault.xctoolchain/usr/lib/clang/12.0.5/lib/darwin/libclang_rt.osx.a
@(#)PROGRAM:ld  PROJECT:ld64-650.9
BUILD 13:09:13 May 28 2021
configured to support archs: armv6 armv7 armv7s arm64 arm64e arm64_32 i386 x86_64 x86_64h armv6m armv7k armv7m armv7em
Library search paths:
	/Applications/Xcode.app/Contents/Developer/Platforms/MacOSX.platform/Developer/SDKs/MacOSX11.3.sdk/usr/lib
Framework search paths:
	/Applications/Xcode.app/Contents/Developer/Platforms/MacOSX.platform/Developer/SDKs/MacOSX11.3.sdk/System/Library/Frameworks/
make[2]: Leaving directory '/Users/macmade/Documents/Macmade/GitHub/libgit/libgit2/build/x86_64/CMakeFiles/CMakeTmp'
make[1]: Leaving directory '/Users/macmade/Documents/Macmade/GitHub/libgit/libgit2/build/x86_64/CMakeFiles/CMakeTmp'



Parsed C implicit include dir info from above output: rv=done
  found start of include info
  found start of implicit include info
    add: [/Applications/Xcode.app/Contents/Developer/Toolchains/XcodeDefault.xctoolchain/usr/lib/clang/12.0.5/include]
    add: [/Applications/Xcode.app/Contents/Developer/Platforms/MacOSX.platform/Developer/SDKs/MacOSX11.3.sdk/usr/include]
    add: [/Applications/Xcode.app/Contents/Developer/Toolchains/XcodeDefault.xctoolchain/usr/include]
  end of search list found
  collapse include dir [/Applications/Xcode.app/Contents/Developer/Toolchains/XcodeDefault.xctoolchain/usr/lib/clang/12.0.5/include] ==> [/Applications/Xcode.app/Contents/Developer/Toolchains/XcodeDefault.xctoolchain/usr/lib/clang/12.0.5/include]
  collapse include dir [/Applications/Xcode.app/Contents/Developer/Platforms/MacOSX.platform/Developer/SDKs/MacOSX11.3.sdk/usr/include] ==> [/Applications/Xcode.app/Contents/Developer/Platforms/MacOSX.platform/Developer/SDKs/MacOSX11.3.sdk/usr/include]
  collapse include dir [/Applications/Xcode.app/Contents/Developer/Toolchains/XcodeDefault.xctoolchain/usr/include] ==> [/Applications/Xcode.app/Contents/Developer/Toolchains/XcodeDefault.xctoolchain/usr/include]
  implicit include dirs: [/Applications/Xcode.app/Contents/Developer/Toolchains/XcodeDefault.xctoolchain/usr/lib/clang/12.0.5/include;/Applications/Xcode.app/Contents/Developer/Platforms/MacOSX.platform/Developer/SDKs/MacOSX11.3.sdk/usr/include;/Applications/Xcode.app/Contents/Developer/Toolchains/XcodeDefault.xctoolchain/usr/include]


Parsed C implicit link information from above output:
  link line regex: [^( *|.*[/\])(ld|CMAKE_LINK_STARTFILE-NOTFOUND|([^/\]+-)?ld|collect2)[^/\]*( |$)]
  ignore line: [Change Dir: /Users/macmade/Documents/Macmade/GitHub/libgit/libgit2/build/x86_64/CMakeFiles/CMakeTmp]
  ignore line: []
  ignore line: [Run Build Command(s):/usr/local/make/bin/make cmTC_1cee9/fast && make[1]: Entering directory '/Users/macmade/Documents/Macmade/GitHub/libgit/libgit2/build/x86_64/CMakeFiles/CMakeTmp']
  ignore line: [/usr/local/make/bin/make  -f CMakeFiles/cmTC_1cee9.dir/build.make CMakeFiles/cmTC_1cee9.dir/build]
  ignore line: [make[2]: Entering directory '/Users/macmade/Documents/Macmade/GitHub/libgit/libgit2/build/x86_64/CMakeFiles/CMakeTmp']
  ignore line: [Building C object CMakeFiles/cmTC_1cee9.dir/CMakeCCompilerABI.c.o]
  ignore line: [/Applications/Xcode.app/Contents/Developer/Toolchains/XcodeDefault.xctoolchain/usr/bin/cc   -arch x86_64 -mmacosx-version-min=10.13 -stdlib=libc++  -arch x86_64 -isysroot /Applications/Xcode.app/Contents/Developer/Platforms/MacOSX.platform/Developer/SDKs/MacOSX11.3.sdk   -v -Wl -v -o CMakeFiles/cmTC_1cee9.dir/CMakeCCompilerABI.c.o -c /opt/homebrew/Cellar/cmake/3.19.6/share/cmake/Modules/CMakeCCompilerABI.c]
  ignore line: [Apple clang version 12.0.5 (clang-1205.0.22.11)]
  ignore line: [Target: x86_64-apple-darwin20.6.0]
  ignore line: [Thread model: posix]
  ignore line: [InstalledDir: /Applications/Xcode.app/Contents/Developer/Toolchains/XcodeDefault.xctoolchain/usr/bin]
  ignore line: [clang: warning: -Wl -v: 'linker' input unused [-Wunused-command-line-argument]]
  ignore line: [ "/Applications/Xcode.app/Contents/Developer/Toolchains/XcodeDefault.xctoolchain/usr/bin/clang" -cc1 -triple x86_64-apple-macosx10.13.0 -Wdeprecated-objc-isa-usage -Werror=deprecated-objc-isa-usage -Werror=implicit-function-declaration -emit-obj -mrelax-all -disable-free -disable-llvm-verifier -discard-value-names -main-file-name CMakeCCompilerABI.c -mrelocation-model pic -pic-level 2 -mframe-pointer=all -fno-strict-return -fno-rounding-math -munwind-tables -faligned-alloc-unavailable -target-sdk-version=11.3 -fvisibility-inlines-hidden-static-local-var -target-cpu penryn -debugger-tuning=lldb -target-linker-version 650.9 -v -resource-dir /Applications/Xcode.app/Contents/Developer/Toolchains/XcodeDefault.xctoolchain/usr/lib/clang/12.0.5 -isysroot /Applications/Xcode.app/Contents/Developer/Platforms/MacOSX.platform/Developer/SDKs/MacOSX11.3.sdk -internal-isystem /Applications/Xcode.app/Contents/Developer/Platforms/MacOSX.platform/Developer/SDKs/MacOSX11.3.sdk/usr/local/include -internal-isystem /Applications/Xcode.app/Contents/Developer/Toolchains/XcodeDefault.xctoolchain/usr/lib/clang/12.0.5/include -internal-externc-isystem /Applications/Xcode.app/Contents/Developer/Platforms/MacOSX.platform/Developer/SDKs/MacOSX11.3.sdk/usr/include -internal-externc-isystem /Applications/Xcode.app/Contents/Developer/Toolchains/XcodeDefault.xctoolchain/usr/include -Wno-reorder-init-list -Wno-implicit-int-float-conversion -Wno-c99-designator -Wno-final-dtor-non-final-class -Wno-extra-semi-stmt -Wno-misleading-indentation -Wno-quoted-include-in-framework-header -Wno-implicit-fallthrough -Wno-enum-enum-conversion -Wno-enum-float-conversion -Wno-elaborated-enum-base -fdebug-compilation-dir /Users/macmade/Documents/Macmade/GitHub/libgit/libgit2/build/x86_64/CMakeFiles/CMakeTmp -ferror-limit 19 -stack-protector 1 -mdarwin-stkchk-strong-link -fblocks -fencode-extended-block-signature -fregister-global-dtors-with-atexit -fgnuc-version=4.2.1 -fmax-type-align=16 -fcommon -clang-vendor-feature=+disableNonDependentMemberExprInCurrentInstantiation -fno-odr-hash-protocols -mllvm -disable-aligned-alloc-awareness=1 -o CMakeFiles/cmTC_1cee9.dir/CMakeCCompilerABI.c.o -x c /opt/homebrew/Cellar/cmake/3.19.6/share/cmake/Modules/CMakeCCompilerABI.c]
  ignore line: [clang -cc1 version 12.0.5 (clang-1205.0.22.11) default target arm64-apple-darwin20.6.0]
  ignore line: [ignoring nonexistent directory "/Applications/Xcode.app/Contents/Developer/Platforms/MacOSX.platform/Developer/SDKs/MacOSX11.3.sdk/usr/local/include"]
  ignore line: [ignoring nonexistent directory "/Applications/Xcode.app/Contents/Developer/Platforms/MacOSX.platform/Developer/SDKs/MacOSX11.3.sdk/Library/Frameworks"]
  ignore line: [#include "..." search starts here:]
  ignore line: [#include <...> search starts here:]
  ignore line: [ /Applications/Xcode.app/Contents/Developer/Toolchains/XcodeDefault.xctoolchain/usr/lib/clang/12.0.5/include]
  ignore line: [ /Applications/Xcode.app/Contents/Developer/Platforms/MacOSX.platform/Developer/SDKs/MacOSX11.3.sdk/usr/include]
  ignore line: [ /Applications/Xcode.app/Contents/Developer/Toolchains/XcodeDefault.xctoolchain/usr/include]
  ignore line: [ /Applications/Xcode.app/Contents/Developer/Platforms/MacOSX.platform/Developer/SDKs/MacOSX11.3.sdk/System/Library/Frameworks (framework directory)]
  ignore line: [End of search list.]
  ignore line: [Linking C executable cmTC_1cee9]
  ignore line: [/opt/homebrew/Cellar/cmake/3.19.6/bin/cmake -E cmake_link_script CMakeFiles/cmTC_1cee9.dir/link.txt --verbose=1]
  ignore line: [/Applications/Xcode.app/Contents/Developer/Toolchains/XcodeDefault.xctoolchain/usr/bin/cc -arch x86_64 -mmacosx-version-min=10.13 -stdlib=libc++  -arch x86_64 -isysroot /Applications/Xcode.app/Contents/Developer/Platforms/MacOSX.platform/Developer/SDKs/MacOSX11.3.sdk -Wl -search_paths_first -Wl -headerpad_max_install_names  -v -Wl -v CMakeFiles/cmTC_1cee9.dir/CMakeCCompilerABI.c.o -o cmTC_1cee9 ]
  ignore line: [Apple clang version 12.0.5 (clang-1205.0.22.11)]
  ignore line: [Target: x86_64-apple-darwin20.6.0]
  ignore line: [Thread model: posix]
  ignore line: [InstalledDir: /Applications/Xcode.app/Contents/Developer/Toolchains/XcodeDefault.xctoolchain/usr/bin]
  link line: [ "/Applications/Xcode.app/Contents/Developer/Toolchains/XcodeDefault.xctoolchain/usr/bin/ld" -demangle -lto_library /Applications/Xcode.app/Contents/Developer/Toolchains/XcodeDefault.xctoolchain/usr/lib/libLTO.dylib -dynamic -arch x86_64 -platform_version macos 10.13.0 11.3 -syslibroot /Applications/Xcode.app/Contents/Developer/Platforms/MacOSX.platform/Developer/SDKs/MacOSX11.3.sdk -o cmTC_1cee9 -search_paths_first -headerpad_max_install_names -v CMakeFiles/cmTC_1cee9.dir/CMakeCCompilerABI.c.o -lSystem /Applications/Xcode.app/Contents/Developer/Toolchains/XcodeDefault.xctoolchain/usr/lib/clang/12.0.5/lib/darwin/libclang_rt.osx.a]
    arg [/Applications/Xcode.app/Contents/Developer/Toolchains/XcodeDefault.xctoolchain/usr/bin/ld] ==> ignore
    arg [-demangle] ==> ignore
    arg [-lto_library] ==> ignore, skip following value
    arg [/Applications/Xcode.app/Contents/Developer/Toolchains/XcodeDefault.xctoolchain/usr/lib/libLTO.dylib] ==> skip value of -lto_library
    arg [-dynamic] ==> ignore
    arg [-arch] ==> ignore
    arg [x86_64] ==> ignore
    arg [-platform_version] ==> ignore
    arg [macos] ==> ignore
    arg [10.13.0] ==> ignore
    arg [11.3] ==> ignore
    arg [-syslibroot] ==> ignore
    arg [/Applications/Xcode.app/Contents/Developer/Platforms/MacOSX.platform/Developer/SDKs/MacOSX11.3.sdk] ==> ignore
    arg [-o] ==> ignore
    arg [cmTC_1cee9] ==> ignore
    arg [-search_paths_first] ==> ignore
    arg [-headerpad_max_install_names] ==> ignore
    arg [-v] ==> ignore
    arg [CMakeFiles/cmTC_1cee9.dir/CMakeCCompilerABI.c.o] ==> ignore
    arg [-lSystem] ==> lib [System]
    arg [/Applications/Xcode.app/Contents/Developer/Toolchains/XcodeDefault.xctoolchain/usr/lib/clang/12.0.5/lib/darwin/libclang_rt.osx.a] ==> lib [/Applications/Xcode.app/Contents/Developer/Toolchains/XcodeDefault.xctoolchain/usr/lib/clang/12.0.5/lib/darwin/libclang_rt.osx.a]
  Library search paths: [;/Applications/Xcode.app/Contents/Developer/Platforms/MacOSX.platform/Developer/SDKs/MacOSX11.3.sdk/usr/lib]
  Framework search paths: [;/Applications/Xcode.app/Contents/Developer/Platforms/MacOSX.platform/Developer/SDKs/MacOSX11.3.sdk/System/Library/Frameworks/]
  remove lib [System]
  remove lib [/Applications/Xcode.app/Contents/Developer/Toolchains/XcodeDefault.xctoolchain/usr/lib/clang/12.0.5/lib/darwin/libclang_rt.osx.a]
  collapse library dir [/Applications/Xcode.app/Contents/Developer/Platforms/MacOSX.platform/Developer/SDKs/MacOSX11.3.sdk/usr/lib] ==> [/Applications/Xcode.app/Contents/Developer/Platforms/MacOSX.platform/Developer/SDKs/MacOSX11.3.sdk/usr/lib]
  collapse framework dir [/Applications/Xcode.app/Contents/Developer/Platforms/MacOSX.platform/Developer/SDKs/MacOSX11.3.sdk/System/Library/Frameworks/] ==> [/Applications/Xcode.app/Contents/Developer/Platforms/MacOSX.platform/Developer/SDKs/MacOSX11.3.sdk/System/Library/Frameworks]
  implicit libs: []
  implicit dirs: [/Applications/Xcode.app/Contents/Developer/Platforms/MacOSX.platform/Developer/SDKs/MacOSX11.3.sdk/usr/lib]
  implicit fwks: [/Applications/Xcode.app/Contents/Developer/Platforms/MacOSX.platform/Developer/SDKs/MacOSX11.3.sdk/System/Library/Frameworks]


Determining if the include file pthread.h exists passed with the following output:
Change Dir: /Users/macmade/Documents/Macmade/GitHub/libgit/libgit2/build/x86_64/CMakeFiles/CMakeTmp

Run Build Command(s):/usr/local/make/bin/make cmTC_bb61d/fast && make[1]: Entering directory '/Users/macmade/Documents/Macmade/GitHub/libgit/libgit2/build/x86_64/CMakeFiles/CMakeTmp'
/usr/local/make/bin/make  -f CMakeFiles/cmTC_bb61d.dir/build.make CMakeFiles/cmTC_bb61d.dir/build
make[2]: Entering directory '/Users/macmade/Documents/Macmade/GitHub/libgit/libgit2/build/x86_64/CMakeFiles/CMakeTmp'
Building C object CMakeFiles/cmTC_bb61d.dir/CheckIncludeFile.c.o
/Applications/Xcode.app/Contents/Developer/Toolchains/XcodeDefault.xctoolchain/usr/bin/cc   -arch x86_64 -mmacosx-version-min=10.13 -stdlib=libc++  -arch x86_64 -isysroot /Applications/Xcode.app/Contents/Developer/Platforms/MacOSX.platform/Developer/SDKs/MacOSX11.3.sdk -o CMakeFiles/cmTC_bb61d.dir/CheckIncludeFile.c.o -c /Users/macmade/Documents/Macmade/GitHub/libgit/libgit2/build/x86_64/CMakeFiles/CMakeTmp/CheckIncludeFile.c
Linking C executable cmTC_bb61d
/opt/homebrew/Cellar/cmake/3.19.6/bin/cmake -E cmake_link_script CMakeFiles/cmTC_bb61d.dir/link.txt --verbose=1
/Applications/Xcode.app/Contents/Developer/Toolchains/XcodeDefault.xctoolchain/usr/bin/cc -arch x86_64 -mmacosx-version-min=10.13 -stdlib=libc++  -arch x86_64 -isysroot /Applications/Xcode.app/Contents/Developer/Platforms/MacOSX.platform/Developer/SDKs/MacOSX11.3.sdk -Wl,-search_paths_first -Wl,-headerpad_max_install_names CMakeFiles/cmTC_bb61d.dir/CheckIncludeFile.c.o -o cmTC_bb61d 
make[2]: Leaving directory '/Users/macmade/Documents/Macmade/GitHub/libgit/libgit2/build/x86_64/CMakeFiles/CMakeTmp'
make[1]: Leaving directory '/Users/macmade/Documents/Macmade/GitHub/libgit/libgit2/build/x86_64/CMakeFiles/CMakeTmp'



Performing C SOURCE FILE Test CMAKE_HAVE_LIBC_PTHREAD succeeded with the following output:
Change Dir: /Users/macmade/Documents/Macmade/GitHub/libgit/libgit2/build/x86_64/CMakeFiles/CMakeTmp

Run Build Command(s):/usr/local/make/bin/make cmTC_fa8d5/fast && make[1]: Entering directory '/Users/macmade/Documents/Macmade/GitHub/libgit/libgit2/build/x86_64/CMakeFiles/CMakeTmp'
/usr/local/make/bin/make  -f CMakeFiles/cmTC_fa8d5.dir/build.make CMakeFiles/cmTC_fa8d5.dir/build
make[2]: Entering directory '/Users/macmade/Documents/Macmade/GitHub/libgit/libgit2/build/x86_64/CMakeFiles/CMakeTmp'
Building C object CMakeFiles/cmTC_fa8d5.dir/src.c.o
/Applications/Xcode.app/Contents/Developer/Toolchains/XcodeDefault.xctoolchain/usr/bin/cc -DCMAKE_HAVE_LIBC_PTHREAD  -arch x86_64 -mmacosx-version-min=10.13 -stdlib=libc++  -arch x86_64 -isysroot /Applications/Xcode.app/Contents/Developer/Platforms/MacOSX.platform/Developer/SDKs/MacOSX11.3.sdk -o CMakeFiles/cmTC_fa8d5.dir/src.c.o -c /Users/macmade/Documents/Macmade/GitHub/libgit/libgit2/build/x86_64/CMakeFiles/CMakeTmp/src.c
Linking C executable cmTC_fa8d5
/opt/homebrew/Cellar/cmake/3.19.6/bin/cmake -E cmake_link_script CMakeFiles/cmTC_fa8d5.dir/link.txt --verbose=1
/Applications/Xcode.app/Contents/Developer/Toolchains/XcodeDefault.xctoolchain/usr/bin/cc -arch x86_64 -mmacosx-version-min=10.13 -stdlib=libc++  -arch x86_64 -isysroot /Applications/Xcode.app/Contents/Developer/Platforms/MacOSX.platform/Developer/SDKs/MacOSX11.3.sdk -Wl,-search_paths_first -Wl,-headerpad_max_install_names CMakeFiles/cmTC_fa8d5.dir/src.c.o -o cmTC_fa8d5 
make[2]: Leaving directory '/Users/macmade/Documents/Macmade/GitHub/libgit/libgit2/build/x86_64/CMakeFiles/CMakeTmp'
make[1]: Leaving directory '/Users/macmade/Documents/Macmade/GitHub/libgit/libgit2/build/x86_64/CMakeFiles/CMakeTmp'


Source file was:
#include <pthread.h>

static void* test_func(void* data)
{
  return data;
}

int main(void)
{
  pthread_t thread;
  pthread_create(&thread, NULL, test_func, NULL);
  pthread_detach(thread);
  pthread_cancel(thread);
  pthread_join(thread, NULL);
  pthread_atfork(NULL, NULL, NULL);
  pthread_exit(NULL);

  return 0;
}

Performing C SOURCE FILE Test HAVE_STRUCT_STAT_ST_MTIMESPEC succeeded with the following output:
Change Dir: /Users/macmade/Documents/Macmade/GitHub/libgit/libgit2/build/x86_64/CMakeFiles/CMakeTmp

Run Build Command(s):/usr/local/make/bin/make cmTC_3e099/fast && make[1]: Entering directory '/Users/macmade/Documents/Macmade/GitHub/libgit/libgit2/build/x86_64/CMakeFiles/CMakeTmp'
/usr/local/make/bin/make  -f CMakeFiles/cmTC_3e099.dir/build.make CMakeFiles/cmTC_3e099.dir/build
make[2]: Entering directory '/Users/macmade/Documents/Macmade/GitHub/libgit/libgit2/build/x86_64/CMakeFiles/CMakeTmp'
Building C object CMakeFiles/cmTC_3e099.dir/src.c.o
/Applications/Xcode.app/Contents/Developer/Toolchains/XcodeDefault.xctoolchain/usr/bin/cc -DHAVE_STRUCT_STAT_ST_MTIMESPEC  -arch x86_64 -mmacosx-version-min=10.13 -stdlib=libc++  -arch x86_64 -isysroot /Applications/Xcode.app/Contents/Developer/Platforms/MacOSX.platform/Developer/SDKs/MacOSX11.3.sdk -o CMakeFiles/cmTC_3e099.dir/src.c.o -c /Users/macmade/Documents/Macmade/GitHub/libgit/libgit2/build/x86_64/CMakeFiles/CMakeTmp/src.c
Linking C executable cmTC_3e099
/opt/homebrew/Cellar/cmake/3.19.6/bin/cmake -E cmake_link_script CMakeFiles/cmTC_3e099.dir/link.txt --verbose=1
/Applications/Xcode.app/Contents/Developer/Toolchains/XcodeDefault.xctoolchain/usr/bin/cc -arch x86_64 -mmacosx-version-min=10.13 -stdlib=libc++  -arch x86_64 -isysroot /Applications/Xcode.app/Contents/Developer/Platforms/MacOSX.platform/Developer/SDKs/MacOSX11.3.sdk -Wl,-search_paths_first -Wl,-headerpad_max_install_names CMakeFiles/cmTC_3e099.dir/src.c.o -o cmTC_3e099 
make[2]: Leaving directory '/Users/macmade/Documents/Macmade/GitHub/libgit/libgit2/build/x86_64/CMakeFiles/CMakeTmp'
make[1]: Leaving directory '/Users/macmade/Documents/Macmade/GitHub/libgit/libgit2/build/x86_64/CMakeFiles/CMakeTmp'


Source file was:

#include <sys/types.h>
#include <sys/stat.h>

int main()
{
  (void)sizeof(((struct stat *)0)->st_mtimespec);
  return 0;
}

Performing C SOURCE FILE Test HAVE_STRUCT_STAT_NSEC succeeded with the following output:
Change Dir: /Users/macmade/Documents/Macmade/GitHub/libgit/libgit2/build/x86_64/CMakeFiles/CMakeTmp

Run Build Command(s):/usr/local/make/bin/make cmTC_788db/fast && make[1]: Entering directory '/Users/macmade/Documents/Macmade/GitHub/libgit/libgit2/build/x86_64/CMakeFiles/CMakeTmp'
/usr/local/make/bin/make  -f CMakeFiles/cmTC_788db.dir/build.make CMakeFiles/cmTC_788db.dir/build
make[2]: Entering directory '/Users/macmade/Documents/Macmade/GitHub/libgit/libgit2/build/x86_64/CMakeFiles/CMakeTmp'
Building C object CMakeFiles/cmTC_788db.dir/src.c.o
/Applications/Xcode.app/Contents/Developer/Toolchains/XcodeDefault.xctoolchain/usr/bin/cc -DHAVE_STRUCT_STAT_NSEC  -arch x86_64 -mmacosx-version-min=10.13 -stdlib=libc++  -arch x86_64 -isysroot /Applications/Xcode.app/Contents/Developer/Platforms/MacOSX.platform/Developer/SDKs/MacOSX11.3.sdk -o CMakeFiles/cmTC_788db.dir/src.c.o -c /Users/macmade/Documents/Macmade/GitHub/libgit/libgit2/build/x86_64/CMakeFiles/CMakeTmp/src.c
Linking C executable cmTC_788db
/opt/homebrew/Cellar/cmake/3.19.6/bin/cmake -E cmake_link_script CMakeFiles/cmTC_788db.dir/link.txt --verbose=1
/Applications/Xcode.app/Contents/Developer/Toolchains/XcodeDefault.xctoolchain/usr/bin/cc -arch x86_64 -mmacosx-version-min=10.13 -stdlib=libc++  -arch x86_64 -isysroot /Applications/Xcode.app/Contents/Developer/Platforms/MacOSX.platform/Developer/SDKs/MacOSX11.3.sdk -Wl,-search_paths_first -Wl,-headerpad_max_install_names CMakeFiles/cmTC_788db.dir/src.c.o -o cmTC_788db 
make[2]: Leaving directory '/Users/macmade/Documents/Macmade/GitHub/libgit/libgit2/build/x86_64/CMakeFiles/CMakeTmp'
make[1]: Leaving directory '/Users/macmade/Documents/Macmade/GitHub/libgit/libgit2/build/x86_64/CMakeFiles/CMakeTmp'


Source file was:

#include <sys/stat.h>

int main()
{
  (void)sizeof(((struct stat *)0)->st_mtimespec.tv_nsec);
  return 0;
}

Performing C SOURCE FILE Test IS_WERROR_SUPPORTED succeeded with the following output:
Change Dir: /Users/macmade/Documents/Macmade/GitHub/libgit/libgit2/build/x86_64/CMakeFiles/CMakeTmp

Run Build Command(s):/usr/local/make/bin/make cmTC_5173a/fast && make[1]: Entering directory '/Users/macmade/Documents/Macmade/GitHub/libgit/libgit2/build/x86_64/CMakeFiles/CMakeTmp'
/usr/local/make/bin/make  -f CMakeFiles/cmTC_5173a.dir/build.make CMakeFiles/cmTC_5173a.dir/build
make[2]: Entering directory '/Users/macmade/Documents/Macmade/GitHub/libgit/libgit2/build/x86_64/CMakeFiles/CMakeTmp'
Building C object CMakeFiles/cmTC_5173a.dir/src.c.o
/Applications/Xcode.app/Contents/Developer/Toolchains/XcodeDefault.xctoolchain/usr/bin/cc -DIS_WERROR_SUPPORTED  -arch x86_64 -mmacosx-version-min=10.13 -stdlib=libc++  -arch x86_64 -isysroot /Applications/Xcode.app/Contents/Developer/Platforms/MacOSX.platform/Developer/SDKs/MacOSX11.3.sdk   -Werror -o CMakeFiles/cmTC_5173a.dir/src.c.o -c /Users/macmade/Documents/Macmade/GitHub/libgit/libgit2/build/x86_64/CMakeFiles/CMakeTmp/src.c
Linking C executable cmTC_5173a
/opt/homebrew/Cellar/cmake/3.19.6/bin/cmake -E cmake_link_script CMakeFiles/cmTC_5173a.dir/link.txt --verbose=1
/Applications/Xcode.app/Contents/Developer/Toolchains/XcodeDefault.xctoolchain/usr/bin/cc -arch x86_64 -mmacosx-version-min=10.13 -stdlib=libc++  -arch x86_64 -isysroot /Applications/Xcode.app/Contents/Developer/Platforms/MacOSX.platform/Developer/SDKs/MacOSX11.3.sdk -Wl,-search_paths_first -Wl,-headerpad_max_install_names CMakeFiles/cmTC_5173a.dir/src.c.o -o cmTC_5173a 
make[2]: Leaving directory '/Users/macmade/Documents/Macmade/GitHub/libgit/libgit2/build/x86_64/CMakeFiles/CMakeTmp'
make[1]: Leaving directory '/Users/macmade/Documents/Macmade/GitHub/libgit/libgit2/build/x86_64/CMakeFiles/CMakeTmp'


Source file was:
int main(void) { return 0; }
Determining if the futimens exist passed with the following output:
Change Dir: /Users/macmade/Documents/Macmade/GitHub/libgit/libgit2/build/x86_64/CMakeFiles/CMakeTmp

Run Build Command(s):/usr/local/make/bin/make cmTC_6767a/fast && make[1]: Entering directory '/Users/macmade/Documents/Macmade/GitHub/libgit/libgit2/build/x86_64/CMakeFiles/CMakeTmp'
/usr/local/make/bin/make  -f CMakeFiles/cmTC_6767a.dir/build.make CMakeFiles/cmTC_6767a.dir/build
make[2]: Entering directory '/Users/macmade/Documents/Macmade/GitHub/libgit/libgit2/build/x86_64/CMakeFiles/CMakeTmp'
Building C object CMakeFiles/cmTC_6767a.dir/CheckSymbolExists.c.o
/Applications/Xcode.app/Contents/Developer/Toolchains/XcodeDefault.xctoolchain/usr/bin/cc   -arch x86_64 -mmacosx-version-min=10.13 -stdlib=libc++ -Werror  -arch x86_64 -isysroot /Applications/Xcode.app/Contents/Developer/Platforms/MacOSX.platform/Developer/SDKs/MacOSX11.3.sdk -o CMakeFiles/cmTC_6767a.dir/CheckSymbolExists.c.o -c /Users/macmade/Documents/Macmade/GitHub/libgit/libgit2/build/x86_64/CMakeFiles/CMakeTmp/CheckSymbolExists.c
Linking C executable cmTC_6767a
/opt/homebrew/Cellar/cmake/3.19.6/bin/cmake -E cmake_link_script CMakeFiles/cmTC_6767a.dir/link.txt --verbose=1
/Applications/Xcode.app/Contents/Developer/Toolchains/XcodeDefault.xctoolchain/usr/bin/cc -arch x86_64 -mmacosx-version-min=10.13 -stdlib=libc++ -Werror  -arch x86_64 -isysroot /Applications/Xcode.app/Contents/Developer/Platforms/MacOSX.platform/Developer/SDKs/MacOSX11.3.sdk -Wl,-search_paths_first -Wl,-headerpad_max_install_names CMakeFiles/cmTC_6767a.dir/CheckSymbolExists.c.o -o cmTC_6767a 
make[2]: Leaving directory '/Users/macmade/Documents/Macmade/GitHub/libgit/libgit2/build/x86_64/CMakeFiles/CMakeTmp'
make[1]: Leaving directory '/Users/macmade/Documents/Macmade/GitHub/libgit/libgit2/build/x86_64/CMakeFiles/CMakeTmp'


File /Users/macmade/Documents/Macmade/GitHub/libgit/libgit2/build/x86_64/CMakeFiles/CMakeTmp/CheckSymbolExists.c:
/* */
#include <sys/stat.h>

int main(int argc, char** argv)
{
  (void)argv;
#ifndef futimens
  return ((int*)(&futimens))[argc];
#else
  (void)argc;
  return 0;
#endif
}
Performing C SOURCE FILE Test IS_WNO_ERROR_SUPPORTED succeeded with the following output:
Change Dir: /Users/macmade/Documents/Macmade/GitHub/libgit/libgit2/build/x86_64/CMakeFiles/CMakeTmp

Run Build Command(s):/usr/local/make/bin/make cmTC_19b40/fast && make[1]: Entering directory '/Users/macmade/Documents/Macmade/GitHub/libgit/libgit2/build/x86_64/CMakeFiles/CMakeTmp'
/usr/local/make/bin/make  -f CMakeFiles/cmTC_19b40.dir/build.make CMakeFiles/cmTC_19b40.dir/build
make[2]: Entering directory '/Users/macmade/Documents/Macmade/GitHub/libgit/libgit2/build/x86_64/CMakeFiles/CMakeTmp'
Building C object CMakeFiles/cmTC_19b40.dir/src.c.o
/Applications/Xcode.app/Contents/Developer/Toolchains/XcodeDefault.xctoolchain/usr/bin/cc -DIS_WNO_ERROR_SUPPORTED  -arch x86_64 -mmacosx-version-min=10.13 -stdlib=libc++ -Werror  -arch x86_64 -isysroot /Applications/Xcode.app/Contents/Developer/Platforms/MacOSX.platform/Developer/SDKs/MacOSX11.3.sdk   -Wno-error -o CMakeFiles/cmTC_19b40.dir/src.c.o -c /Users/macmade/Documents/Macmade/GitHub/libgit/libgit2/build/x86_64/CMakeFiles/CMakeTmp/src.c
Linking C executable cmTC_19b40
/opt/homebrew/Cellar/cmake/3.19.6/bin/cmake -E cmake_link_script CMakeFiles/cmTC_19b40.dir/link.txt --verbose=1
/Applications/Xcode.app/Contents/Developer/Toolchains/XcodeDefault.xctoolchain/usr/bin/cc -arch x86_64 -mmacosx-version-min=10.13 -stdlib=libc++ -Werror  -arch x86_64 -isysroot /Applications/Xcode.app/Contents/Developer/Platforms/MacOSX.platform/Developer/SDKs/MacOSX11.3.sdk -Wl,-search_paths_first -Wl,-headerpad_max_install_names CMakeFiles/cmTC_19b40.dir/src.c.o -o cmTC_19b40 
make[2]: Leaving directory '/Users/macmade/Documents/Macmade/GitHub/libgit/libgit2/build/x86_64/CMakeFiles/CMakeTmp'
make[1]: Leaving directory '/Users/macmade/Documents/Macmade/GitHub/libgit/libgit2/build/x86_64/CMakeFiles/CMakeTmp'


Source file was:
int main(void) { return 0; }
Performing C SOURCE FILE Test IS_WALL_SUPPORTED succeeded with the following output:
Change Dir: /Users/macmade/Documents/Macmade/GitHub/libgit/libgit2/build/x86_64/CMakeFiles/CMakeTmp

Run Build Command(s):/usr/local/make/bin/make cmTC_dd7e2/fast && make[1]: Entering directory '/Users/macmade/Documents/Macmade/GitHub/libgit/libgit2/build/x86_64/CMakeFiles/CMakeTmp'
/usr/local/make/bin/make  -f CMakeFiles/cmTC_dd7e2.dir/build.make CMakeFiles/cmTC_dd7e2.dir/build
make[2]: Entering directory '/Users/macmade/Documents/Macmade/GitHub/libgit/libgit2/build/x86_64/CMakeFiles/CMakeTmp'
Building C object CMakeFiles/cmTC_dd7e2.dir/src.c.o
/Applications/Xcode.app/Contents/Developer/Toolchains/XcodeDefault.xctoolchain/usr/bin/cc -DIS_WALL_SUPPORTED  -D_GNU_SOURCE -arch x86_64 -mmacosx-version-min=10.13 -stdlib=libc++ -Werror -Wno-error  -arch x86_64 -isysroot /Applications/Xcode.app/Contents/Developer/Platforms/MacOSX.platform/Developer/SDKs/MacOSX11.3.sdk   -Wall -o CMakeFiles/cmTC_dd7e2.dir/src.c.o -c /Users/macmade/Documents/Macmade/GitHub/libgit/libgit2/build/x86_64/CMakeFiles/CMakeTmp/src.c
Linking C executable cmTC_dd7e2
/opt/homebrew/Cellar/cmake/3.19.6/bin/cmake -E cmake_link_script CMakeFiles/cmTC_dd7e2.dir/link.txt --verbose=1
/Applications/Xcode.app/Contents/Developer/Toolchains/XcodeDefault.xctoolchain/usr/bin/cc -D_GNU_SOURCE -arch x86_64 -mmacosx-version-min=10.13 -stdlib=libc++ -Werror -Wno-error  -arch x86_64 -isysroot /Applications/Xcode.app/Contents/Developer/Platforms/MacOSX.platform/Developer/SDKs/MacOSX11.3.sdk -Wl,-search_paths_first -Wl,-headerpad_max_install_names CMakeFiles/cmTC_dd7e2.dir/src.c.o -o cmTC_dd7e2 
make[2]: Leaving directory '/Users/macmade/Documents/Macmade/GitHub/libgit/libgit2/build/x86_64/CMakeFiles/CMakeTmp'
make[1]: Leaving directory '/Users/macmade/Documents/Macmade/GitHub/libgit/libgit2/build/x86_64/CMakeFiles/CMakeTmp'


Source file was:
int main(void) { return 0; }
Performing C SOURCE FILE Test IS_WEXTRA_SUPPORTED succeeded with the following output:
Change Dir: /Users/macmade/Documents/Macmade/GitHub/libgit/libgit2/build/x86_64/CMakeFiles/CMakeTmp

Run Build Command(s):/usr/local/make/bin/make cmTC_b9f12/fast && make[1]: Entering directory '/Users/macmade/Documents/Macmade/GitHub/libgit/libgit2/build/x86_64/CMakeFiles/CMakeTmp'
/usr/local/make/bin/make  -f CMakeFiles/cmTC_b9f12.dir/build.make CMakeFiles/cmTC_b9f12.dir/build
make[2]: Entering directory '/Users/macmade/Documents/Macmade/GitHub/libgit/libgit2/build/x86_64/CMakeFiles/CMakeTmp'
Building C object CMakeFiles/cmTC_b9f12.dir/src.c.o
/Applications/Xcode.app/Contents/Developer/Toolchains/XcodeDefault.xctoolchain/usr/bin/cc -DIS_WEXTRA_SUPPORTED  -D_GNU_SOURCE -arch x86_64 -mmacosx-version-min=10.13 -stdlib=libc++ -Werror -Wno-error -Wall  -arch x86_64 -isysroot /Applications/Xcode.app/Contents/Developer/Platforms/MacOSX.platform/Developer/SDKs/MacOSX11.3.sdk   -Wextra -o CMakeFiles/cmTC_b9f12.dir/src.c.o -c /Users/macmade/Documents/Macmade/GitHub/libgit/libgit2/build/x86_64/CMakeFiles/CMakeTmp/src.c
Linking C executable cmTC_b9f12
/opt/homebrew/Cellar/cmake/3.19.6/bin/cmake -E cmake_link_script CMakeFiles/cmTC_b9f12.dir/link.txt --verbose=1
/Applications/Xcode.app/Contents/Developer/Toolchains/XcodeDefault.xctoolchain/usr/bin/cc -D_GNU_SOURCE -arch x86_64 -mmacosx-version-min=10.13 -stdlib=libc++ -Werror -Wno-error -Wall  -arch x86_64 -isysroot /Applications/Xcode.app/Contents/Developer/Platforms/MacOSX.platform/Developer/SDKs/MacOSX11.3.sdk -Wl,-search_paths_first -Wl,-headerpad_max_install_names CMakeFiles/cmTC_b9f12.dir/src.c.o -o cmTC_b9f12 
make[2]: Leaving directory '/Users/macmade/Documents/Macmade/GitHub/libgit/libgit2/build/x86_64/CMakeFiles/CMakeTmp'
make[1]: Leaving directory '/Users/macmade/Documents/Macmade/GitHub/libgit/libgit2/build/x86_64/CMakeFiles/CMakeTmp'


Source file was:
int main(void) { return 0; }
Performing C SOURCE FILE Test IS_WDOCUMENTATION_SUPPORTED succeeded with the following output:
Change Dir: /Users/macmade/Documents/Macmade/GitHub/libgit/libgit2/build/x86_64/CMakeFiles/CMakeTmp

Run Build Command(s):/usr/local/make/bin/make cmTC_99f56/fast && make[1]: Entering directory '/Users/macmade/Documents/Macmade/GitHub/libgit/libgit2/build/x86_64/CMakeFiles/CMakeTmp'
/usr/local/make/bin/make  -f CMakeFiles/cmTC_99f56.dir/build.make CMakeFiles/cmTC_99f56.dir/build
make[2]: Entering directory '/Users/macmade/Documents/Macmade/GitHub/libgit/libgit2/build/x86_64/CMakeFiles/CMakeTmp'
Building C object CMakeFiles/cmTC_99f56.dir/src.c.o
/Applications/Xcode.app/Contents/Developer/Toolchains/XcodeDefault.xctoolchain/usr/bin/cc -DIS_WDOCUMENTATION_SUPPORTED  -D_GNU_SOURCE -arch x86_64 -mmacosx-version-min=10.13 -stdlib=libc++ -Werror -Wno-error -Wall -Wextra  -arch x86_64 -isysroot /Applications/Xcode.app/Contents/Developer/Platforms/MacOSX.platform/Developer/SDKs/MacOSX11.3.sdk   -Wdocumentation -o CMakeFiles/cmTC_99f56.dir/src.c.o -c /Users/macmade/Documents/Macmade/GitHub/libgit/libgit2/build/x86_64/CMakeFiles/CMakeTmp/src.c
Linking C executable cmTC_99f56
/opt/homebrew/Cellar/cmake/3.19.6/bin/cmake -E cmake_link_script CMakeFiles/cmTC_99f56.dir/link.txt --verbose=1
/Applications/Xcode.app/Contents/Developer/Toolchains/XcodeDefault.xctoolchain/usr/bin/cc -D_GNU_SOURCE -arch x86_64 -mmacosx-version-min=10.13 -stdlib=libc++ -Werror -Wno-error -Wall -Wextra  -arch x86_64 -isysroot /Applications/Xcode.app/Contents/Developer/Platforms/MacOSX.platform/Developer/SDKs/MacOSX11.3.sdk -Wl,-search_paths_first -Wl,-headerpad_max_install_names CMakeFiles/cmTC_99f56.dir/src.c.o -o cmTC_99f56 
make[2]: Leaving directory '/Users/macmade/Documents/Macmade/GitHub/libgit/libgit2/build/x86_64/CMakeFiles/CMakeTmp'
make[1]: Leaving directory '/Users/macmade/Documents/Macmade/GitHub/libgit/libgit2/build/x86_64/CMakeFiles/CMakeTmp'


Source file was:
int main(void) { return 0; }
Performing C SOURCE FILE Test IS_WNO_DOCUMENTATION_DEPRECATED_SYNC_SUPPORTED succeeded with the following output:
Change Dir: /Users/macmade/Documents/Macmade/GitHub/libgit/libgit2/build/x86_64/CMakeFiles/CMakeTmp

Run Build Command(s):/usr/local/make/bin/make cmTC_0eb20/fast && make[1]: Entering directory '/Users/macmade/Documents/Macmade/GitHub/libgit/libgit2/build/x86_64/CMakeFiles/CMakeTmp'
/usr/local/make/bin/make  -f CMakeFiles/cmTC_0eb20.dir/build.make CMakeFiles/cmTC_0eb20.dir/build
make[2]: Entering directory '/Users/macmade/Documents/Macmade/GitHub/libgit/libgit2/build/x86_64/CMakeFiles/CMakeTmp'
Building C object CMakeFiles/cmTC_0eb20.dir/src.c.o
/Applications/Xcode.app/Contents/Developer/Toolchains/XcodeDefault.xctoolchain/usr/bin/cc -DIS_WNO_DOCUMENTATION_DEPRECATED_SYNC_SUPPORTED  -D_GNU_SOURCE -arch x86_64 -mmacosx-version-min=10.13 -stdlib=libc++ -Werror -Wno-error -Wall -Wextra -Wdocumentation  -arch x86_64 -isysroot /Applications/Xcode.app/Contents/Developer/Platforms/MacOSX.platform/Developer/SDKs/MacOSX11.3.sdk   -Wno-documentation-deprecated-sync -o CMakeFiles/cmTC_0eb20.dir/src.c.o -c /Users/macmade/Documents/Macmade/GitHub/libgit/libgit2/build/x86_64/CMakeFiles/CMakeTmp/src.c
Linking C executable cmTC_0eb20
/opt/homebrew/Cellar/cmake/3.19.6/bin/cmake -E cmake_link_script CMakeFiles/cmTC_0eb20.dir/link.txt --verbose=1
/Applications/Xcode.app/Contents/Developer/Toolchains/XcodeDefault.xctoolchain/usr/bin/cc -D_GNU_SOURCE -arch x86_64 -mmacosx-version-min=10.13 -stdlib=libc++ -Werror -Wno-error -Wall -Wextra -Wdocumentation  -arch x86_64 -isysroot /Applications/Xcode.app/Contents/Developer/Platforms/MacOSX.platform/Developer/SDKs/MacOSX11.3.sdk -Wl,-search_paths_first -Wl,-headerpad_max_install_names CMakeFiles/cmTC_0eb20.dir/src.c.o -o cmTC_0eb20 
make[2]: Leaving directory '/Users/macmade/Documents/Macmade/GitHub/libgit/libgit2/build/x86_64/CMakeFiles/CMakeTmp'
make[1]: Leaving directory '/Users/macmade/Documents/Macmade/GitHub/libgit/libgit2/build/x86_64/CMakeFiles/CMakeTmp'


Source file was:
int main(void) { return 0; }
Performing C SOURCE FILE Test IS_WNO_MISSING_FIELD_INITIALIZERS_SUPPORTED succeeded with the following output:
Change Dir: /Users/macmade/Documents/Macmade/GitHub/libgit/libgit2/build/x86_64/CMakeFiles/CMakeTmp

Run Build Command(s):/usr/local/make/bin/make cmTC_352d0/fast && make[1]: Entering directory '/Users/macmade/Documents/Macmade/GitHub/libgit/libgit2/build/x86_64/CMakeFiles/CMakeTmp'
/usr/local/make/bin/make  -f CMakeFiles/cmTC_352d0.dir/build.make CMakeFiles/cmTC_352d0.dir/build
make[2]: Entering directory '/Users/macmade/Documents/Macmade/GitHub/libgit/libgit2/build/x86_64/CMakeFiles/CMakeTmp'
Building C object CMakeFiles/cmTC_352d0.dir/src.c.o
/Applications/Xcode.app/Contents/Developer/Toolchains/XcodeDefault.xctoolchain/usr/bin/cc -DIS_WNO_MISSING_FIELD_INITIALIZERS_SUPPORTED  -D_GNU_SOURCE -arch x86_64 -mmacosx-version-min=10.13 -stdlib=libc++ -Werror -Wno-error -Wall -Wextra -Wdocumentation -Wno-documentation-deprecated-sync  -arch x86_64 -isysroot /Applications/Xcode.app/Contents/Developer/Platforms/MacOSX.platform/Developer/SDKs/MacOSX11.3.sdk   -Wno-missing-field-initializers -o CMakeFiles/cmTC_352d0.dir/src.c.o -c /Users/macmade/Documents/Macmade/GitHub/libgit/libgit2/build/x86_64/CMakeFiles/CMakeTmp/src.c
Linking C executable cmTC_352d0
/opt/homebrew/Cellar/cmake/3.19.6/bin/cmake -E cmake_link_script CMakeFiles/cmTC_352d0.dir/link.txt --verbose=1
/Applications/Xcode.app/Contents/Developer/Toolchains/XcodeDefault.xctoolchain/usr/bin/cc -D_GNU_SOURCE -arch x86_64 -mmacosx-version-min=10.13 -stdlib=libc++ -Werror -Wno-error -Wall -Wextra -Wdocumentation -Wno-documentation-deprecated-sync  -arch x86_64 -isysroot /Applications/Xcode.app/Contents/Developer/Platforms/MacOSX.platform/Developer/SDKs/MacOSX11.3.sdk -Wl,-search_paths_first -Wl,-headerpad_max_install_names CMakeFiles/cmTC_352d0.dir/src.c.o -o cmTC_352d0 
make[2]: Leaving directory '/Users/macmade/Documents/Macmade/GitHub/libgit/libgit2/build/x86_64/CMakeFiles/CMakeTmp'
make[1]: Leaving directory '/Users/macmade/Documents/Macmade/GitHub/libgit/libgit2/build/x86_64/CMakeFiles/CMakeTmp'


Source file was:
int main(void) { return 0; }
Performing C SOURCE FILE Test IS_WSTRICT_ALIASING_SUPPORTED succeeded with the following output:
Change Dir: /Users/macmade/Documents/Macmade/GitHub/libgit/libgit2/build/x86_64/CMakeFiles/CMakeTmp

Run Build Command(s):/usr/local/make/bin/make cmTC_8767c/fast && make[1]: Entering directory '/Users/macmade/Documents/Macmade/GitHub/libgit/libgit2/build/x86_64/CMakeFiles/CMakeTmp'
/usr/local/make/bin/make  -f CMakeFiles/cmTC_8767c.dir/build.make CMakeFiles/cmTC_8767c.dir/build
make[2]: Entering directory '/Users/macmade/Documents/Macmade/GitHub/libgit/libgit2/build/x86_64/CMakeFiles/CMakeTmp'
Building C object CMakeFiles/cmTC_8767c.dir/src.c.o
/Applications/Xcode.app/Contents/Developer/Toolchains/XcodeDefault.xctoolchain/usr/bin/cc -DIS_WSTRICT_ALIASING_SUPPORTED  -D_GNU_SOURCE -arch x86_64 -mmacosx-version-min=10.13 -stdlib=libc++ -Werror -Wno-error -Wall -Wextra -Wdocumentation -Wno-documentation-deprecated-sync -Wno-missing-field-initializers  -arch x86_64 -isysroot /Applications/Xcode.app/Contents/Developer/Platforms/MacOSX.platform/Developer/SDKs/MacOSX11.3.sdk   -Wstrict-aliasing -o CMakeFiles/cmTC_8767c.dir/src.c.o -c /Users/macmade/Documents/Macmade/GitHub/libgit/libgit2/build/x86_64/CMakeFiles/CMakeTmp/src.c
Linking C executable cmTC_8767c
/opt/homebrew/Cellar/cmake/3.19.6/bin/cmake -E cmake_link_script CMakeFiles/cmTC_8767c.dir/link.txt --verbose=1
/Applications/Xcode.app/Contents/Developer/Toolchains/XcodeDefault.xctoolchain/usr/bin/cc -D_GNU_SOURCE -arch x86_64 -mmacosx-version-min=10.13 -stdlib=libc++ -Werror -Wno-error -Wall -Wextra -Wdocumentation -Wno-documentation-deprecated-sync -Wno-missing-field-initializers  -arch x86_64 -isysroot /Applications/Xcode.app/Contents/Developer/Platforms/MacOSX.platform/Developer/SDKs/MacOSX11.3.sdk -Wl,-search_paths_first -Wl,-headerpad_max_install_names CMakeFiles/cmTC_8767c.dir/src.c.o -o cmTC_8767c 
make[2]: Leaving directory '/Users/macmade/Documents/Macmade/GitHub/libgit/libgit2/build/x86_64/CMakeFiles/CMakeTmp'
make[1]: Leaving directory '/Users/macmade/Documents/Macmade/GitHub/libgit/libgit2/build/x86_64/CMakeFiles/CMakeTmp'


Source file was:
int main(void) { return 0; }
Performing C SOURCE FILE Test IS_WSTRICT_PROTOTYPES_SUPPORTED succeeded with the following output:
Change Dir: /Users/macmade/Documents/Macmade/GitHub/libgit/libgit2/build/x86_64/CMakeFiles/CMakeTmp

Run Build Command(s):/usr/local/make/bin/make cmTC_a2ffd/fast && make[1]: Entering directory '/Users/macmade/Documents/Macmade/GitHub/libgit/libgit2/build/x86_64/CMakeFiles/CMakeTmp'
/usr/local/make/bin/make  -f CMakeFiles/cmTC_a2ffd.dir/build.make CMakeFiles/cmTC_a2ffd.dir/build
make[2]: Entering directory '/Users/macmade/Documents/Macmade/GitHub/libgit/libgit2/build/x86_64/CMakeFiles/CMakeTmp'
Building C object CMakeFiles/cmTC_a2ffd.dir/src.c.o
/Applications/Xcode.app/Contents/Developer/Toolchains/XcodeDefault.xctoolchain/usr/bin/cc -DIS_WSTRICT_PROTOTYPES_SUPPORTED  -D_GNU_SOURCE -arch x86_64 -mmacosx-version-min=10.13 -stdlib=libc++ -Werror -Wno-error -Wall -Wextra -Wdocumentation -Wno-documentation-deprecated-sync -Wno-missing-field-initializers -Wstrict-aliasing  -arch x86_64 -isysroot /Applications/Xcode.app/Contents/Developer/Platforms/MacOSX.platform/Developer/SDKs/MacOSX11.3.sdk   -Wstrict-prototypes -o CMakeFiles/cmTC_a2ffd.dir/src.c.o -c /Users/macmade/Documents/Macmade/GitHub/libgit/libgit2/build/x86_64/CMakeFiles/CMakeTmp/src.c
Linking C executable cmTC_a2ffd
/opt/homebrew/Cellar/cmake/3.19.6/bin/cmake -E cmake_link_script CMakeFiles/cmTC_a2ffd.dir/link.txt --verbose=1
/Applications/Xcode.app/Contents/Developer/Toolchains/XcodeDefault.xctoolchain/usr/bin/cc -D_GNU_SOURCE -arch x86_64 -mmacosx-version-min=10.13 -stdlib=libc++ -Werror -Wno-error -Wall -Wextra -Wdocumentation -Wno-documentation-deprecated-sync -Wno-missing-field-initializers -Wstrict-aliasing  -arch x86_64 -isysroot /Applications/Xcode.app/Contents/Developer/Platforms/MacOSX.platform/Developer/SDKs/MacOSX11.3.sdk -Wl,-search_paths_first -Wl,-headerpad_max_install_names CMakeFiles/cmTC_a2ffd.dir/src.c.o -o cmTC_a2ffd 
make[2]: Leaving directory '/Users/macmade/Documents/Macmade/GitHub/libgit/libgit2/build/x86_64/CMakeFiles/CMakeTmp'
make[1]: Leaving directory '/Users/macmade/Documents/Macmade/GitHub/libgit/libgit2/build/x86_64/CMakeFiles/CMakeTmp'


Source file was:
int main(void) { return 0; }
Performing C SOURCE FILE Test IS_WDECLARATION_AFTER_STATEMENT_SUPPORTED succeeded with the following output:
Change Dir: /Users/macmade/Documents/Macmade/GitHub/libgit/libgit2/build/x86_64/CMakeFiles/CMakeTmp

Run Build Command(s):/usr/local/make/bin/make cmTC_923b8/fast && make[1]: Entering directory '/Users/macmade/Documents/Macmade/GitHub/libgit/libgit2/build/x86_64/CMakeFiles/CMakeTmp'
/usr/local/make/bin/make  -f CMakeFiles/cmTC_923b8.dir/build.make CMakeFiles/cmTC_923b8.dir/build
make[2]: Entering directory '/Users/macmade/Documents/Macmade/GitHub/libgit/libgit2/build/x86_64/CMakeFiles/CMakeTmp'
Building C object CMakeFiles/cmTC_923b8.dir/src.c.o
/Applications/Xcode.app/Contents/Developer/Toolchains/XcodeDefault.xctoolchain/usr/bin/cc -DIS_WDECLARATION_AFTER_STATEMENT_SUPPORTED  -D_GNU_SOURCE -arch x86_64 -mmacosx-version-min=10.13 -stdlib=libc++ -Werror -Wno-error -Wall -Wextra -Wdocumentation -Wno-documentation-deprecated-sync -Wno-missing-field-initializers -Wstrict-aliasing -Wstrict-prototypes  -arch x86_64 -isysroot /Applications/Xcode.app/Contents/Developer/Platforms/MacOSX.platform/Developer/SDKs/MacOSX11.3.sdk   -Wdeclaration-after-statement -o CMakeFiles/cmTC_923b8.dir/src.c.o -c /Users/macmade/Documents/Macmade/GitHub/libgit/libgit2/build/x86_64/CMakeFiles/CMakeTmp/src.c
Linking C executable cmTC_923b8
/opt/homebrew/Cellar/cmake/3.19.6/bin/cmake -E cmake_link_script CMakeFiles/cmTC_923b8.dir/link.txt --verbose=1
/Applications/Xcode.app/Contents/Developer/Toolchains/XcodeDefault.xctoolchain/usr/bin/cc -D_GNU_SOURCE -arch x86_64 -mmacosx-version-min=10.13 -stdlib=libc++ -Werror -Wno-error -Wall -Wextra -Wdocumentation -Wno-documentation-deprecated-sync -Wno-missing-field-initializers -Wstrict-aliasing -Wstrict-prototypes  -arch x86_64 -isysroot /Applications/Xcode.app/Contents/Developer/Platforms/MacOSX.platform/Developer/SDKs/MacOSX11.3.sdk -Wl,-search_paths_first -Wl,-headerpad_max_install_names CMakeFiles/cmTC_923b8.dir/src.c.o -o cmTC_923b8 
make[2]: Leaving directory '/Users/macmade/Documents/Macmade/GitHub/libgit/libgit2/build/x86_64/CMakeFiles/CMakeTmp'
make[1]: Leaving directory '/Users/macmade/Documents/Macmade/GitHub/libgit/libgit2/build/x86_64/CMakeFiles/CMakeTmp'


Source file was:
int main(void) { return 0; }
Performing C SOURCE FILE Test IS_WSHIFT_COUNT_OVERFLOW_SUPPORTED succeeded with the following output:
Change Dir: /Users/macmade/Documents/Macmade/GitHub/libgit/libgit2/build/x86_64/CMakeFiles/CMakeTmp

Run Build Command(s):/usr/local/make/bin/make cmTC_b43b4/fast && make[1]: Entering directory '/Users/macmade/Documents/Macmade/GitHub/libgit/libgit2/build/x86_64/CMakeFiles/CMakeTmp'
/usr/local/make/bin/make  -f CMakeFiles/cmTC_b43b4.dir/build.make CMakeFiles/cmTC_b43b4.dir/build
make[2]: Entering directory '/Users/macmade/Documents/Macmade/GitHub/libgit/libgit2/build/x86_64/CMakeFiles/CMakeTmp'
Building C object CMakeFiles/cmTC_b43b4.dir/src.c.o
/Applications/Xcode.app/Contents/Developer/Toolchains/XcodeDefault.xctoolchain/usr/bin/cc -DIS_WSHIFT_COUNT_OVERFLOW_SUPPORTED  -D_GNU_SOURCE -arch x86_64 -mmacosx-version-min=10.13 -stdlib=libc++ -Werror -Wno-error -Wall -Wextra -Wdocumentation -Wno-documentation-deprecated-sync -Wno-missing-field-initializers -Wstrict-aliasing -Wstrict-prototypes -Wdeclaration-after-statement  -arch x86_64 -isysroot /Applications/Xcode.app/Contents/Developer/Platforms/MacOSX.platform/Developer/SDKs/MacOSX11.3.sdk   -Wshift-count-overflow -o CMakeFiles/cmTC_b43b4.dir/src.c.o -c /Users/macmade/Documents/Macmade/GitHub/libgit/libgit2/build/x86_64/CMakeFiles/CMakeTmp/src.c
Linking C executable cmTC_b43b4
/opt/homebrew/Cellar/cmake/3.19.6/bin/cmake -E cmake_link_script CMakeFiles/cmTC_b43b4.dir/link.txt --verbose=1
/Applications/Xcode.app/Contents/Developer/Toolchains/XcodeDefault.xctoolchain/usr/bin/cc -D_GNU_SOURCE -arch x86_64 -mmacosx-version-min=10.13 -stdlib=libc++ -Werror -Wno-error -Wall -Wextra -Wdocumentation -Wno-documentation-deprecated-sync -Wno-missing-field-initializers -Wstrict-aliasing -Wstrict-prototypes -Wdeclaration-after-statement  -arch x86_64 -isysroot /Applications/Xcode.app/Contents/Developer/Platforms/MacOSX.platform/Developer/SDKs/MacOSX11.3.sdk -Wl,-search_paths_first -Wl,-headerpad_max_install_names CMakeFiles/cmTC_b43b4.dir/src.c.o -o cmTC_b43b4 
make[2]: Leaving directory '/Users/macmade/Documents/Macmade/GitHub/libgit/libgit2/build/x86_64/CMakeFiles/CMakeTmp'
make[1]: Leaving directory '/Users/macmade/Documents/Macmade/GitHub/libgit/libgit2/build/x86_64/CMakeFiles/CMakeTmp'


Source file was:
int main(void) { return 0; }
Performing C SOURCE FILE Test IS_WUNUSED_CONST_VARIABLE_SUPPORTED succeeded with the following output:
Change Dir: /Users/macmade/Documents/Macmade/GitHub/libgit/libgit2/build/x86_64/CMakeFiles/CMakeTmp

Run Build Command(s):/usr/local/make/bin/make cmTC_2b09f/fast && make[1]: Entering directory '/Users/macmade/Documents/Macmade/GitHub/libgit/libgit2/build/x86_64/CMakeFiles/CMakeTmp'
/usr/local/make/bin/make  -f CMakeFiles/cmTC_2b09f.dir/build.make CMakeFiles/cmTC_2b09f.dir/build
make[2]: Entering directory '/Users/macmade/Documents/Macmade/GitHub/libgit/libgit2/build/x86_64/CMakeFiles/CMakeTmp'
Building C object CMakeFiles/cmTC_2b09f.dir/src.c.o
/Applications/Xcode.app/Contents/Developer/Toolchains/XcodeDefault.xctoolchain/usr/bin/cc -DIS_WUNUSED_CONST_VARIABLE_SUPPORTED  -D_GNU_SOURCE -arch x86_64 -mmacosx-version-min=10.13 -stdlib=libc++ -Werror -Wno-error -Wall -Wextra -Wdocumentation -Wno-documentation-deprecated-sync -Wno-missing-field-initializers -Wstrict-aliasing -Wstrict-prototypes -Wdeclaration-after-statement -Wshift-count-overflow  -arch x86_64 -isysroot /Applications/Xcode.app/Contents/Developer/Platforms/MacOSX.platform/Developer/SDKs/MacOSX11.3.sdk   -Wunused-const-variable -o CMakeFiles/cmTC_2b09f.dir/src.c.o -c /Users/macmade/Documents/Macmade/GitHub/libgit/libgit2/build/x86_64/CMakeFiles/CMakeTmp/src.c
Linking C executable cmTC_2b09f
/opt/homebrew/Cellar/cmake/3.19.6/bin/cmake -E cmake_link_script CMakeFiles/cmTC_2b09f.dir/link.txt --verbose=1
/Applications/Xcode.app/Contents/Developer/Toolchains/XcodeDefault.xctoolchain/usr/bin/cc -D_GNU_SOURCE -arch x86_64 -mmacosx-version-min=10.13 -stdlib=libc++ -Werror -Wno-error -Wall -Wextra -Wdocumentation -Wno-documentation-deprecated-sync -Wno-missing-field-initializers -Wstrict-aliasing -Wstrict-prototypes -Wdeclaration-after-statement -Wshift-count-overflow  -arch x86_64 -isysroot /Applications/Xcode.app/Contents/Developer/Platforms/MacOSX.platform/Developer/SDKs/MacOSX11.3.sdk -Wl,-search_paths_first -Wl,-headerpad_max_install_names CMakeFiles/cmTC_2b09f.dir/src.c.o -o cmTC_2b09f 
make[2]: Leaving directory '/Users/macmade/Documents/Macmade/GitHub/libgit/libgit2/build/x86_64/CMakeFiles/CMakeTmp'
make[1]: Leaving directory '/Users/macmade/Documents/Macmade/GitHub/libgit/libgit2/build/x86_64/CMakeFiles/CMakeTmp'


Source file was:
int main(void) { return 0; }
Performing C SOURCE FILE Test IS_WUNUSED_FUNCTION_SUPPORTED succeeded with the following output:
Change Dir: /Users/macmade/Documents/Macmade/GitHub/libgit/libgit2/build/x86_64/CMakeFiles/CMakeTmp

Run Build Command(s):/usr/local/make/bin/make cmTC_1d035/fast && make[1]: Entering directory '/Users/macmade/Documents/Macmade/GitHub/libgit/libgit2/build/x86_64/CMakeFiles/CMakeTmp'
/usr/local/make/bin/make  -f CMakeFiles/cmTC_1d035.dir/build.make CMakeFiles/cmTC_1d035.dir/build
make[2]: Entering directory '/Users/macmade/Documents/Macmade/GitHub/libgit/libgit2/build/x86_64/CMakeFiles/CMakeTmp'
Building C object CMakeFiles/cmTC_1d035.dir/src.c.o
/Applications/Xcode.app/Contents/Developer/Toolchains/XcodeDefault.xctoolchain/usr/bin/cc -DIS_WUNUSED_FUNCTION_SUPPORTED  -D_GNU_SOURCE -arch x86_64 -mmacosx-version-min=10.13 -stdlib=libc++ -Werror -Wno-error -Wall -Wextra -Wdocumentation -Wno-documentation-deprecated-sync -Wno-missing-field-initializers -Wstrict-aliasing -Wstrict-prototypes -Wdeclaration-after-statement -Wshift-count-overflow -Wunused-const-variable  -arch x86_64 -isysroot /Applications/Xcode.app/Contents/Developer/Platforms/MacOSX.platform/Developer/SDKs/MacOSX11.3.sdk   -Wunused-function -o CMakeFiles/cmTC_1d035.dir/src.c.o -c /Users/macmade/Documents/Macmade/GitHub/libgit/libgit2/build/x86_64/CMakeFiles/CMakeTmp/src.c
Linking C executable cmTC_1d035
/opt/homebrew/Cellar/cmake/3.19.6/bin/cmake -E cmake_link_script CMakeFiles/cmTC_1d035.dir/link.txt --verbose=1
/Applications/Xcode.app/Contents/Developer/Toolchains/XcodeDefault.xctoolchain/usr/bin/cc -D_GNU_SOURCE -arch x86_64 -mmacosx-version-min=10.13 -stdlib=libc++ -Werror -Wno-error -Wall -Wextra -Wdocumentation -Wno-documentation-deprecated-sync -Wno-missing-field-initializers -Wstrict-aliasing -Wstrict-prototypes -Wdeclaration-after-statement -Wshift-count-overflow -Wunused-const-variable  -arch x86_64 -isysroot /Applications/Xcode.app/Contents/Developer/Platforms/MacOSX.platform/Developer/SDKs/MacOSX11.3.sdk -Wl,-search_paths_first -Wl,-headerpad_max_install_names CMakeFiles/cmTC_1d035.dir/src.c.o -o cmTC_1d035 
make[2]: Leaving directory '/Users/macmade/Documents/Macmade/GitHub/libgit/libgit2/build/x86_64/CMakeFiles/CMakeTmp'
make[1]: Leaving directory '/Users/macmade/Documents/Macmade/GitHub/libgit/libgit2/build/x86_64/CMakeFiles/CMakeTmp'


Source file was:
int main(void) { return 0; }
Performing C SOURCE FILE Test IS_WINT_CONVERSION_SUPPORTED succeeded with the following output:
Change Dir: /Users/macmade/Documents/Macmade/GitHub/libgit/libgit2/build/x86_64/CMakeFiles/CMakeTmp

Run Build Command(s):/usr/local/make/bin/make cmTC_8af8d/fast && make[1]: Entering directory '/Users/macmade/Documents/Macmade/GitHub/libgit/libgit2/build/x86_64/CMakeFiles/CMakeTmp'
/usr/local/make/bin/make  -f CMakeFiles/cmTC_8af8d.dir/build.make CMakeFiles/cmTC_8af8d.dir/build
make[2]: Entering directory '/Users/macmade/Documents/Macmade/GitHub/libgit/libgit2/build/x86_64/CMakeFiles/CMakeTmp'
Building C object CMakeFiles/cmTC_8af8d.dir/src.c.o
/Applications/Xcode.app/Contents/Developer/Toolchains/XcodeDefault.xctoolchain/usr/bin/cc -DIS_WINT_CONVERSION_SUPPORTED  -D_GNU_SOURCE -arch x86_64 -mmacosx-version-min=10.13 -stdlib=libc++ -Werror -Wno-error -Wall -Wextra -Wdocumentation -Wno-documentation-deprecated-sync -Wno-missing-field-initializers -Wstrict-aliasing -Wstrict-prototypes -Wdeclaration-after-statement -Wshift-count-overflow -Wunused-const-variable -Wunused-function  -arch x86_64 -isysroot /Applications/Xcode.app/Contents/Developer/Platforms/MacOSX.platform/Developer/SDKs/MacOSX11.3.sdk   -Wint-conversion -o CMakeFiles/cmTC_8af8d.dir/src.c.o -c /Users/macmade/Documents/Macmade/GitHub/libgit/libgit2/build/x86_64/CMakeFiles/CMakeTmp/src.c
Linking C executable cmTC_8af8d
/opt/homebrew/Cellar/cmake/3.19.6/bin/cmake -E cmake_link_script CMakeFiles/cmTC_8af8d.dir/link.txt --verbose=1
/Applications/Xcode.app/Contents/Developer/Toolchains/XcodeDefault.xctoolchain/usr/bin/cc -D_GNU_SOURCE -arch x86_64 -mmacosx-version-min=10.13 -stdlib=libc++ -Werror -Wno-error -Wall -Wextra -Wdocumentation -Wno-documentation-deprecated-sync -Wno-missing-field-initializers -Wstrict-aliasing -Wstrict-prototypes -Wdeclaration-after-statement -Wshift-count-overflow -Wunused-const-variable -Wunused-function  -arch x86_64 -isysroot /Applications/Xcode.app/Contents/Developer/Platforms/MacOSX.platform/Developer/SDKs/MacOSX11.3.sdk -Wl,-search_paths_first -Wl,-headerpad_max_install_names CMakeFiles/cmTC_8af8d.dir/src.c.o -o cmTC_8af8d 
make[2]: Leaving directory '/Users/macmade/Documents/Macmade/GitHub/libgit/libgit2/build/x86_64/CMakeFiles/CMakeTmp'
make[1]: Leaving directory '/Users/macmade/Documents/Macmade/GitHub/libgit/libgit2/build/x86_64/CMakeFiles/CMakeTmp'


Source file was:
int main(void) { return 0; }
Performing C SOURCE FILE Test IS_WC11_EXTENSIONS_SUPPORTED succeeded with the following output:
Change Dir: /Users/macmade/Documents/Macmade/GitHub/libgit/libgit2/build/x86_64/CMakeFiles/CMakeTmp

Run Build Command(s):/usr/local/make/bin/make cmTC_1ee5c/fast && make[1]: Entering directory '/Users/macmade/Documents/Macmade/GitHub/libgit/libgit2/build/x86_64/CMakeFiles/CMakeTmp'
/usr/local/make/bin/make  -f CMakeFiles/cmTC_1ee5c.dir/build.make CMakeFiles/cmTC_1ee5c.dir/build
make[2]: Entering directory '/Users/macmade/Documents/Macmade/GitHub/libgit/libgit2/build/x86_64/CMakeFiles/CMakeTmp'
Building C object CMakeFiles/cmTC_1ee5c.dir/src.c.o
/Applications/Xcode.app/Contents/Developer/Toolchains/XcodeDefault.xctoolchain/usr/bin/cc -DIS_WC11_EXTENSIONS_SUPPORTED  -D_GNU_SOURCE -arch x86_64 -mmacosx-version-min=10.13 -stdlib=libc++ -Werror -Wno-error -Wall -Wextra -Wdocumentation -Wno-documentation-deprecated-sync -Wno-missing-field-initializers -Wstrict-aliasing -Wstrict-prototypes -Wdeclaration-after-statement -Wshift-count-overflow -Wunused-const-variable -Wunused-function -Wint-conversion  -arch x86_64 -isysroot /Applications/Xcode.app/Contents/Developer/Platforms/MacOSX.platform/Developer/SDKs/MacOSX11.3.sdk   -Wc11-extensions -o CMakeFiles/cmTC_1ee5c.dir/src.c.o -c /Users/macmade/Documents/Macmade/GitHub/libgit/libgit2/build/x86_64/CMakeFiles/CMakeTmp/src.c
Linking C executable cmTC_1ee5c
/opt/homebrew/Cellar/cmake/3.19.6/bin/cmake -E cmake_link_script CMakeFiles/cmTC_1ee5c.dir/link.txt --verbose=1
/Applications/Xcode.app/Contents/Developer/Toolchains/XcodeDefault.xctoolchain/usr/bin/cc -D_GNU_SOURCE -arch x86_64 -mmacosx-version-min=10.13 -stdlib=libc++ -Werror -Wno-error -Wall -Wextra -Wdocumentation -Wno-documentation-deprecated-sync -Wno-missing-field-initializers -Wstrict-aliasing -Wstrict-prototypes -Wdeclaration-after-statement -Wshift-count-overflow -Wunused-const-variable -Wunused-function -Wint-conversion  -arch x86_64 -isysroot /Applications/Xcode.app/Contents/Developer/Platforms/MacOSX.platform/Developer/SDKs/MacOSX11.3.sdk -Wl,-search_paths_first -Wl,-headerpad_max_install_names CMakeFiles/cmTC_1ee5c.dir/src.c.o -o cmTC_1ee5c 
make[2]: Leaving directory '/Users/macmade/Documents/Macmade/GitHub/libgit/libgit2/build/x86_64/CMakeFiles/CMakeTmp'
make[1]: Leaving directory '/Users/macmade/Documents/Macmade/GitHub/libgit/libgit2/build/x86_64/CMakeFiles/CMakeTmp'


Source file was:
int main(void) { return 0; }
Performing C SOURCE FILE Test IS_WFORMAT_SUPPORTED succeeded with the following output:
Change Dir: /Users/macmade/Documents/Macmade/GitHub/libgit/libgit2/build/x86_64/CMakeFiles/CMakeTmp

Run Build Command(s):/usr/local/make/bin/make cmTC_9ab1e/fast && make[1]: Entering directory '/Users/macmade/Documents/Macmade/GitHub/libgit/libgit2/build/x86_64/CMakeFiles/CMakeTmp'
/usr/local/make/bin/make  -f CMakeFiles/cmTC_9ab1e.dir/build.make CMakeFiles/cmTC_9ab1e.dir/build
make[2]: Entering directory '/Users/macmade/Documents/Macmade/GitHub/libgit/libgit2/build/x86_64/CMakeFiles/CMakeTmp'
Building C object CMakeFiles/cmTC_9ab1e.dir/src.c.o
/Applications/Xcode.app/Contents/Developer/Toolchains/XcodeDefault.xctoolchain/usr/bin/cc -DIS_WFORMAT_SUPPORTED  -D_GNU_SOURCE -arch x86_64 -mmacosx-version-min=10.13 -stdlib=libc++ -Werror -Wno-error -Wall -Wextra -Wdocumentation -Wno-documentation-deprecated-sync -Wno-missing-field-initializers -Wstrict-aliasing -Wstrict-prototypes -Wdeclaration-after-statement -Wshift-count-overflow -Wunused-const-variable -Wunused-function -Wint-conversion -Wc11-extensions  -arch x86_64 -isysroot /Applications/Xcode.app/Contents/Developer/Platforms/MacOSX.platform/Developer/SDKs/MacOSX11.3.sdk   -Wformat -o CMakeFiles/cmTC_9ab1e.dir/src.c.o -c /Users/macmade/Documents/Macmade/GitHub/libgit/libgit2/build/x86_64/CMakeFiles/CMakeTmp/src.c
Linking C executable cmTC_9ab1e
/opt/homebrew/Cellar/cmake/3.19.6/bin/cmake -E cmake_link_script CMakeFiles/cmTC_9ab1e.dir/link.txt --verbose=1
/Applications/Xcode.app/Contents/Developer/Toolchains/XcodeDefault.xctoolchain/usr/bin/cc -D_GNU_SOURCE -arch x86_64 -mmacosx-version-min=10.13 -stdlib=libc++ -Werror -Wno-error -Wall -Wextra -Wdocumentation -Wno-documentation-deprecated-sync -Wno-missing-field-initializers -Wstrict-aliasing -Wstrict-prototypes -Wdeclaration-after-statement -Wshift-count-overflow -Wunused-const-variable -Wunused-function -Wint-conversion -Wc11-extensions  -arch x86_64 -isysroot /Applications/Xcode.app/Contents/Developer/Platforms/MacOSX.platform/Developer/SDKs/MacOSX11.3.sdk -Wl,-search_paths_first -Wl,-headerpad_max_install_names CMakeFiles/cmTC_9ab1e.dir/src.c.o -o cmTC_9ab1e 
make[2]: Leaving directory '/Users/macmade/Documents/Macmade/GitHub/libgit/libgit2/build/x86_64/CMakeFiles/CMakeTmp'
make[1]: Leaving directory '/Users/macmade/Documents/Macmade/GitHub/libgit/libgit2/build/x86_64/CMakeFiles/CMakeTmp'


Source file was:
int main(void) { return 0; }
Performing C SOURCE FILE Test IS_WFORMAT_SECURITY_SUPPORTED succeeded with the following output:
Change Dir: /Users/macmade/Documents/Macmade/GitHub/libgit/libgit2/build/x86_64/CMakeFiles/CMakeTmp

Run Build Command(s):/usr/local/make/bin/make cmTC_93448/fast && make[1]: Entering directory '/Users/macmade/Documents/Macmade/GitHub/libgit/libgit2/build/x86_64/CMakeFiles/CMakeTmp'
/usr/local/make/bin/make  -f CMakeFiles/cmTC_93448.dir/build.make CMakeFiles/cmTC_93448.dir/build
make[2]: Entering directory '/Users/macmade/Documents/Macmade/GitHub/libgit/libgit2/build/x86_64/CMakeFiles/CMakeTmp'
Building C object CMakeFiles/cmTC_93448.dir/src.c.o
/Applications/Xcode.app/Contents/Developer/Toolchains/XcodeDefault.xctoolchain/usr/bin/cc -DIS_WFORMAT_SECURITY_SUPPORTED  -D_GNU_SOURCE -arch x86_64 -mmacosx-version-min=10.13 -stdlib=libc++ -Werror -Wno-error -Wall -Wextra -Wdocumentation -Wno-documentation-deprecated-sync -Wno-missing-field-initializers -Wstrict-aliasing -Wstrict-prototypes -Wdeclaration-after-statement -Wshift-count-overflow -Wunused-const-variable -Wunused-function -Wint-conversion -Wc11-extensions -Wformat  -arch x86_64 -isysroot /Applications/Xcode.app/Contents/Developer/Platforms/MacOSX.platform/Developer/SDKs/MacOSX11.3.sdk   -Wformat-security -o CMakeFiles/cmTC_93448.dir/src.c.o -c /Users/macmade/Documents/Macmade/GitHub/libgit/libgit2/build/x86_64/CMakeFiles/CMakeTmp/src.c
Linking C executable cmTC_93448
/opt/homebrew/Cellar/cmake/3.19.6/bin/cmake -E cmake_link_script CMakeFiles/cmTC_93448.dir/link.txt --verbose=1
/Applications/Xcode.app/Contents/Developer/Toolchains/XcodeDefault.xctoolchain/usr/bin/cc -D_GNU_SOURCE -arch x86_64 -mmacosx-version-min=10.13 -stdlib=libc++ -Werror -Wno-error -Wall -Wextra -Wdocumentation -Wno-documentation-deprecated-sync -Wno-missing-field-initializers -Wstrict-aliasing -Wstrict-prototypes -Wdeclaration-after-statement -Wshift-count-overflow -Wunused-const-variable -Wunused-function -Wint-conversion -Wc11-extensions -Wformat  -arch x86_64 -isysroot /Applications/Xcode.app/Contents/Developer/Platforms/MacOSX.platform/Developer/SDKs/MacOSX11.3.sdk -Wl,-search_paths_first -Wl,-headerpad_max_install_names CMakeFiles/cmTC_93448.dir/src.c.o -o cmTC_93448 
make[2]: Leaving directory '/Users/macmade/Documents/Macmade/GitHub/libgit/libgit2/build/x86_64/CMakeFiles/CMakeTmp'
make[1]: Leaving directory '/Users/macmade/Documents/Macmade/GitHub/libgit/libgit2/build/x86_64/CMakeFiles/CMakeTmp'


Source file was:
int main(void) { return 0; }
Performing C SOURCE FILE Test IS_WMISSING_DECLARATIONS_SUPPORTED succeeded with the following output:
Change Dir: /Users/macmade/Documents/Macmade/GitHub/libgit/libgit2/build/x86_64/CMakeFiles/CMakeTmp

Run Build Command(s):/usr/local/make/bin/make cmTC_8d52b/fast && make[1]: Entering directory '/Users/macmade/Documents/Macmade/GitHub/libgit/libgit2/build/x86_64/CMakeFiles/CMakeTmp'
/usr/local/make/bin/make  -f CMakeFiles/cmTC_8d52b.dir/build.make CMakeFiles/cmTC_8d52b.dir/build
make[2]: Entering directory '/Users/macmade/Documents/Macmade/GitHub/libgit/libgit2/build/x86_64/CMakeFiles/CMakeTmp'
Building C object CMakeFiles/cmTC_8d52b.dir/src.c.o
/Applications/Xcode.app/Contents/Developer/Toolchains/XcodeDefault.xctoolchain/usr/bin/cc -DIS_WMISSING_DECLARATIONS_SUPPORTED  -D_GNU_SOURCE -arch x86_64 -mmacosx-version-min=10.13 -stdlib=libc++ -Werror -Wno-error -Wall -Wextra -Wdocumentation -Wno-documentation-deprecated-sync -Wno-missing-field-initializers -Wstrict-aliasing -Wstrict-prototypes -Wdeclaration-after-statement -Wshift-count-overflow -Wunused-const-variable -Wunused-function -Wint-conversion -Wc11-extensions -Wformat -Wformat-security  -arch x86_64 -isysroot /Applications/Xcode.app/Contents/Developer/Platforms/MacOSX.platform/Developer/SDKs/MacOSX11.3.sdk   -Wmissing-declarations -o CMakeFiles/cmTC_8d52b.dir/src.c.o -c /Users/macmade/Documents/Macmade/GitHub/libgit/libgit2/build/x86_64/CMakeFiles/CMakeTmp/src.c
Linking C executable cmTC_8d52b
/opt/homebrew/Cellar/cmake/3.19.6/bin/cmake -E cmake_link_script CMakeFiles/cmTC_8d52b.dir/link.txt --verbose=1
/Applications/Xcode.app/Contents/Developer/Toolchains/XcodeDefault.xctoolchain/usr/bin/cc -D_GNU_SOURCE -arch x86_64 -mmacosx-version-min=10.13 -stdlib=libc++ -Werror -Wno-error -Wall -Wextra -Wdocumentation -Wno-documentation-deprecated-sync -Wno-missing-field-initializers -Wstrict-aliasing -Wstrict-prototypes -Wdeclaration-after-statement -Wshift-count-overflow -Wunused-const-variable -Wunused-function -Wint-conversion -Wc11-extensions -Wformat -Wformat-security  -arch x86_64 -isysroot /Applications/Xcode.app/Contents/Developer/Platforms/MacOSX.platform/Developer/SDKs/MacOSX11.3.sdk -Wl,-search_paths_first -Wl,-headerpad_max_install_names CMakeFiles/cmTC_8d52b.dir/src.c.o -o cmTC_8d52b 
make[2]: Leaving directory '/Users/macmade/Documents/Macmade/GitHub/libgit/libgit2/build/x86_64/CMakeFiles/CMakeTmp'
make[1]: Leaving directory '/Users/macmade/Documents/Macmade/GitHub/libgit/libgit2/build/x86_64/CMakeFiles/CMakeTmp'


Source file was:
int main(void) { return 0; }
Determining if the prototype qsort_r exists for HAVE_QSORT_R_BSD passed with the following output:
Change Dir: /Users/macmade/Documents/Macmade/GitHub/libgit/libgit2/build/x86_64/CMakeFiles/CMakeTmp

Run Build Command(s):/usr/local/make/bin/make cmTC_c07dc/fast && make[1]: Entering directory '/Users/macmade/Documents/Macmade/GitHub/libgit/libgit2/build/x86_64/CMakeFiles/CMakeTmp'
/usr/local/make/bin/make  -f CMakeFiles/cmTC_c07dc.dir/build.make CMakeFiles/cmTC_c07dc.dir/build
make[2]: Entering directory '/Users/macmade/Documents/Macmade/GitHub/libgit/libgit2/build/x86_64/CMakeFiles/CMakeTmp'
Building C object CMakeFiles/cmTC_c07dc.dir/CheckPrototypeDefinition.c.o
/Applications/Xcode.app/Contents/Developer/Toolchains/XcodeDefault.xctoolchain/usr/bin/cc   -D_GNU_SOURCE -arch x86_64 -mmacosx-version-min=10.13 -stdlib=libc++ -Werror -Wno-error -Wall -Wextra -Wdocumentation -Wno-documentation-deprecated-sync -Wno-missing-field-initializers -Wstrict-aliasing -Wstrict-prototypes -Wdeclaration-after-statement -Wshift-count-overflow -Wunused-const-variable -Wunused-function -Wint-conversion -Wc11-extensions -Wformat -Wformat-security -Wmissing-declarations  -arch x86_64 -isysroot /Applications/Xcode.app/Contents/Developer/Platforms/MacOSX.platform/Developer/SDKs/MacOSX11.3.sdk -o CMakeFiles/cmTC_c07dc.dir/CheckPrototypeDefinition.c.o -c /Users/macmade/Documents/Macmade/GitHub/libgit/libgit2/build/x86_64/CMakeFiles/CMakeTmp/CheckPrototypeDefinition.c
/Users/macmade/Documents/Macmade/GitHub/libgit/libgit2/build/x86_64/CMakeFiles/CMakeTmp/CheckPrototypeDefinition.c:14:20: warning: unused parameter 'base' [-Wunused-parameter]
void qsort_r(void *base, size_t nmemb, size_t size, void *thunk, int (*compar)(void *, const void *, const void *)) {
                   ^
/Users/macmade/Documents/Macmade/GitHub/libgit/libgit2/build/x86_64/CMakeFiles/CMakeTmp/CheckPrototypeDefinition.c:14:33: warning: unused parameter 'nmemb' [-Wunused-parameter]
void qsort_r(void *base, size_t nmemb, size_t size, void *thunk, int (*compar)(void *, const void *, const void *)) {
                                ^
/Users/macmade/Documents/Macmade/GitHub/libgit/libgit2/build/x86_64/CMakeFiles/CMakeTmp/CheckPrototypeDefinition.c:14:47: warning: unused parameter 'size' [-Wunused-parameter]
void qsort_r(void *base, size_t nmemb, size_t size, void *thunk, int (*compar)(void *, const void *, const void *)) {
                                              ^
/Users/macmade/Documents/Macmade/GitHub/libgit/libgit2/build/x86_64/CMakeFiles/CMakeTmp/CheckPrototypeDefinition.c:14:59: warning: unused parameter 'thunk' [-Wunused-parameter]
void qsort_r(void *base, size_t nmemb, size_t size, void *thunk, int (*compar)(void *, const void *, const void *)) {
                                                          ^
/Users/macmade/Documents/Macmade/GitHub/libgit/libgit2/build/x86_64/CMakeFiles/CMakeTmp/CheckPrototypeDefinition.c:14:72: warning: unused parameter 'compar' [-Wunused-parameter]
void qsort_r(void *base, size_t nmemb, size_t size, void *thunk, int (*compar)(void *, const void *, const void *)) {
                                                                       ^
5 warnings generated.
Linking C executable cmTC_c07dc
/opt/homebrew/Cellar/cmake/3.19.6/bin/cmake -E cmake_link_script CMakeFiles/cmTC_c07dc.dir/link.txt --verbose=1
/Applications/Xcode.app/Contents/Developer/Toolchains/XcodeDefault.xctoolchain/usr/bin/cc -D_GNU_SOURCE -arch x86_64 -mmacosx-version-min=10.13 -stdlib=libc++ -Werror -Wno-error -Wall -Wextra -Wdocumentation -Wno-documentation-deprecated-sync -Wno-missing-field-initializers -Wstrict-aliasing -Wstrict-prototypes -Wdeclaration-after-statement -Wshift-count-overflow -Wunused-const-variable -Wunused-function -Wint-conversion -Wc11-extensions -Wformat -Wformat-security -Wmissing-declarations  -arch x86_64 -isysroot /Applications/Xcode.app/Contents/Developer/Platforms/MacOSX.platform/Developer/SDKs/MacOSX11.3.sdk -Wl,-search_paths_first -Wl,-headerpad_max_install_names CMakeFiles/cmTC_c07dc.dir/CheckPrototypeDefinition.c.o -o cmTC_c07dc 
make[2]: Leaving directory '/Users/macmade/Documents/Macmade/GitHub/libgit/libgit2/build/x86_64/CMakeFiles/CMakeTmp'
make[1]: Leaving directory '/Users/macmade/Documents/Macmade/GitHub/libgit/libgit2/build/x86_64/CMakeFiles/CMakeTmp'



Determining if the function SSLCreateContext exists in the /Applications/Xcode.app/Contents/Developer/Platforms/MacOSX.platform/Developer/SDKs/MacOSX11.3.sdk/System/Library/Frameworks/Security.framework passed with the following output:
Change Dir: /Users/macmade/Documents/Macmade/GitHub/libgit/libgit2/build/x86_64/CMakeFiles/CMakeTmp

Run Build Command(s):/usr/local/make/bin/make cmTC_57505/fast && make[1]: Entering directory '/Users/macmade/Documents/Macmade/GitHub/libgit/libgit2/build/x86_64/CMakeFiles/CMakeTmp'
/usr/local/make/bin/make  -f CMakeFiles/cmTC_57505.dir/build.make CMakeFiles/cmTC_57505.dir/build
make[2]: Entering directory '/Users/macmade/Documents/Macmade/GitHub/libgit/libgit2/build/x86_64/CMakeFiles/CMakeTmp'
Building C object CMakeFiles/cmTC_57505.dir/CheckFunctionExists.c.o
/Applications/Xcode.app/Contents/Developer/Toolchains/XcodeDefault.xctoolchain/usr/bin/cc   -D_GNU_SOURCE -arch x86_64 -mmacosx-version-min=10.13 -stdlib=libc++ -Werror -Wno-error -Wall -Wextra -Wdocumentation -Wno-documentation-deprecated-sync -Wno-missing-field-initializers -Wstrict-aliasing -Wstrict-prototypes -Wdeclaration-after-statement -Wshift-count-overflow -Wunused-const-variable -Wunused-function -Wint-conversion -Wc11-extensions -Wformat -Wformat-security -Wmissing-declarations -DCHECK_FUNCTION_EXISTS=SSLCreateContext -arch x86_64 -isysroot /Applications/Xcode.app/Contents/Developer/Platforms/MacOSX.platform/Developer/SDKs/MacOSX11.3.sdk -o CMakeFiles/cmTC_57505.dir/CheckFunctionExists.c.o -c /opt/homebrew/Cellar/cmake/3.19.6/share/cmake/Modules/CheckFunctionExists.c
Linking C executable cmTC_57505
/opt/homebrew/Cellar/cmake/3.19.6/bin/cmake -E cmake_link_script CMakeFiles/cmTC_57505.dir/link.txt --verbose=1
/Applications/Xcode.app/Contents/Developer/Toolchains/XcodeDefault.xctoolchain/usr/bin/cc -D_GNU_SOURCE -arch x86_64 -mmacosx-version-min=10.13 -stdlib=libc++ -Werror -Wno-error -Wall -Wextra -Wdocumentation -Wno-documentation-deprecated-sync -Wno-missing-field-initializers -Wstrict-aliasing -Wstrict-prototypes -Wdeclaration-after-statement -Wshift-count-overflow -Wunused-const-variable -Wunused-function -Wint-conversion -Wc11-extensions -Wformat -Wformat-security -Wmissing-declarations -DCHECK_FUNCTION_EXISTS=SSLCreateContext -arch x86_64 -isysroot /Applications/Xcode.app/Contents/Developer/Platforms/MacOSX.platform/Developer/SDKs/MacOSX11.3.sdk -Wl,-search_paths_first -Wl,-headerpad_max_install_names CMakeFiles/cmTC_57505.dir/CheckFunctionExists.c.o -o cmTC_57505   -L/Users/macmade/Documents/Macmade/GitHub/libgit/libgit2/build/x86_64/CMakeFiles/CMakeTmp/Security/SecureTransport.h  -Wl,-rpath,/Users/macmade/Documents/Macmade/GitHub/libgit/libgit2/build/x86_64/CMakeFiles/CMakeTmp/Security/SecureTransport.h -framework Security 
ld: warning: directory not found for option '-L/Users/macmade/Documents/Macmade/GitHub/libgit/libgit2/build/x86_64/CMakeFiles/CMakeTmp/Security/SecureTransport.h'
make[2]: Leaving directory '/Users/macmade/Documents/Macmade/GitHub/libgit/libgit2/build/x86_64/CMakeFiles/CMakeTmp'
make[1]: Leaving directory '/Users/macmade/Documents/Macmade/GitHub/libgit/libgit2/build/x86_64/CMakeFiles/CMakeTmp'



Determining if the regcomp_l exist passed with the following output:
Change Dir: /Users/macmade/Documents/Macmade/GitHub/libgit/libgit2/build/x86_64/CMakeFiles/CMakeTmp

Run Build Command(s):/usr/local/make/bin/make cmTC_3fe05/fast && make[1]: Entering directory '/Users/macmade/Documents/Macmade/GitHub/libgit/libgit2/build/x86_64/CMakeFiles/CMakeTmp'
/usr/local/make/bin/make  -f CMakeFiles/cmTC_3fe05.dir/build.make CMakeFiles/cmTC_3fe05.dir/build
make[2]: Entering directory '/Users/macmade/Documents/Macmade/GitHub/libgit/libgit2/build/x86_64/CMakeFiles/CMakeTmp'
Building C object CMakeFiles/cmTC_3fe05.dir/CheckSymbolExists.c.o
/Applications/Xcode.app/Contents/Developer/Toolchains/XcodeDefault.xctoolchain/usr/bin/cc   -D_GNU_SOURCE -arch x86_64 -mmacosx-version-min=10.13 -stdlib=libc++ -Werror -Wno-error -Wall -Wextra -Wdocumentation -Wno-documentation-deprecated-sync -Wno-missing-field-initializers -Wstrict-aliasing -Wstrict-prototypes -Wdeclaration-after-statement -Wshift-count-overflow -Wunused-const-variable -Wunused-function -Wint-conversion -Wc11-extensions -Wformat -Wformat-security -Wmissing-declarations  -arch x86_64 -isysroot /Applications/Xcode.app/Contents/Developer/Platforms/MacOSX.platform/Developer/SDKs/MacOSX11.3.sdk -o CMakeFiles/cmTC_3fe05.dir/CheckSymbolExists.c.o -c /Users/macmade/Documents/Macmade/GitHub/libgit/libgit2/build/x86_64/CMakeFiles/CMakeTmp/CheckSymbolExists.c
Linking C executable cmTC_3fe05
/opt/homebrew/Cellar/cmake/3.19.6/bin/cmake -E cmake_link_script CMakeFiles/cmTC_3fe05.dir/link.txt --verbose=1
/Applications/Xcode.app/Contents/Developer/Toolchains/XcodeDefault.xctoolchain/usr/bin/cc -D_GNU_SOURCE -arch x86_64 -mmacosx-version-min=10.13 -stdlib=libc++ -Werror -Wno-error -Wall -Wextra -Wdocumentation -Wno-documentation-deprecated-sync -Wno-missing-field-initializers -Wstrict-aliasing -Wstrict-prototypes -Wdeclaration-after-statement -Wshift-count-overflow -Wunused-const-variable -Wunused-function -Wint-conversion -Wc11-extensions -Wformat -Wformat-security -Wmissing-declarations  -arch x86_64 -isysroot /Applications/Xcode.app/Contents/Developer/Platforms/MacOSX.platform/Developer/SDKs/MacOSX11.3.sdk -Wl,-search_paths_first -Wl,-headerpad_max_install_names CMakeFiles/cmTC_3fe05.dir/CheckSymbolExists.c.o -o cmTC_3fe05 
make[2]: Leaving directory '/Users/macmade/Documents/Macmade/GitHub/libgit/libgit2/build/x86_64/CMakeFiles/CMakeTmp'
make[1]: Leaving directory '/Users/macmade/Documents/Macmade/GitHub/libgit/libgit2/build/x86_64/CMakeFiles/CMakeTmp'


File /Users/macmade/Documents/Macmade/GitHub/libgit/libgit2/build/x86_64/CMakeFiles/CMakeTmp/CheckSymbolExists.c:
/* */
#include <regex.h>
#include <xlocale.h>

int main(int argc, char** argv)
{
  (void)argv;
#ifndef regcomp_l
  return ((int*)(&regcomp_l))[argc];
#else
  (void)argc;
  return 0;
#endif
}
Performing C SOURCE FILE Test IS_WNO_IMPLICIT_FALLTHROUGH_SUPPORTED succeeded with the following output:
Change Dir: /Users/macmade/Documents/Macmade/GitHub/libgit/libgit2/build/x86_64/CMakeFiles/CMakeTmp

Run Build Command(s):/usr/local/make/bin/make cmTC_97dc7/fast && make[1]: Entering directory '/Users/macmade/Documents/Macmade/GitHub/libgit/libgit2/build/x86_64/CMakeFiles/CMakeTmp'
/usr/local/make/bin/make  -f CMakeFiles/cmTC_97dc7.dir/build.make CMakeFiles/cmTC_97dc7.dir/build
make[2]: Entering directory '/Users/macmade/Documents/Macmade/GitHub/libgit/libgit2/build/x86_64/CMakeFiles/CMakeTmp'
Building C object CMakeFiles/cmTC_97dc7.dir/src.c.o
/Applications/Xcode.app/Contents/Developer/Toolchains/XcodeDefault.xctoolchain/usr/bin/cc -DIS_WNO_IMPLICIT_FALLTHROUGH_SUPPORTED  -D_GNU_SOURCE -arch x86_64 -mmacosx-version-min=10.13 -stdlib=libc++ -Werror -Wno-error -Wall -Wextra -Wdocumentation -Wno-documentation-deprecated-sync -Wno-missing-field-initializers -Wstrict-aliasing -Wstrict-prototypes -Wdeclaration-after-statement -Wshift-count-overflow -Wunused-const-variable -Wunused-function -Wint-conversion -Wc11-extensions -Wformat -Wformat-security -Wmissing-declarations  -arch x86_64 -isysroot /Applications/Xcode.app/Contents/Developer/Platforms/MacOSX.platform/Developer/SDKs/MacOSX11.3.sdk   -Wno-implicit-fallthrough -o CMakeFiles/cmTC_97dc7.dir/src.c.o -c /Users/macmade/Documents/Macmade/GitHub/libgit/libgit2/build/x86_64/CMakeFiles/CMakeTmp/src.c
Linking C executable cmTC_97dc7
/opt/homebrew/Cellar/cmake/3.19.6/bin/cmake -E cmake_link_script CMakeFiles/cmTC_97dc7.dir/link.txt --verbose=1
/Applications/Xcode.app/Contents/Developer/Toolchains/XcodeDefault.xctoolchain/usr/bin/cc -D_GNU_SOURCE -arch x86_64 -mmacosx-version-min=10.13 -stdlib=libc++ -Werror -Wno-error -Wall -Wextra -Wdocumentation -Wno-documentation-deprecated-sync -Wno-missing-field-initializers -Wstrict-aliasing -Wstrict-prototypes -Wdeclaration-after-statement -Wshift-count-overflow -Wunused-const-variable -Wunused-function -Wint-conversion -Wc11-extensions -Wformat -Wformat-security -Wmissing-declarations  -arch x86_64 -isysroot /Applications/Xcode.app/Contents/Developer/Platforms/MacOSX.platform/Developer/SDKs/MacOSX11.3.sdk -Wl,-search_paths_first -Wl,-headerpad_max_install_names CMakeFiles/cmTC_97dc7.dir/src.c.o -o cmTC_97dc7 
make[2]: Leaving directory '/Users/macmade/Documents/Macmade/GitHub/libgit/libgit2/build/x86_64/CMakeFiles/CMakeTmp'
make[1]: Leaving directory '/Users/macmade/Documents/Macmade/GitHub/libgit/libgit2/build/x86_64/CMakeFiles/CMakeTmp'


Source file was:
int main(void) { return 0; }
