The system is: Darwin - 20.6.0 - arm64
Compiling the C compiler identification source file "CMakeCCompilerId.c" succeeded.
Compiler: /Applications/Xcode.app/Contents/Developer/Toolchains/XcodeDefault.xctoolchain/usr/bin/cc 
Build flags: -arch;arm64;-mmacosx-version-min=10.13;-stdlib=libc++
Id flags: -c 

The output was:
0


Compilation of the C compiler identification source "CMakeCCompilerId.c" produced "CMakeCCompilerId.o"

The C compiler identification is AppleClang, found in "/Users/macmade/Documents/Macmade/GitHub/libgit/libgit2/build/arm64/CMakeFiles/3.19.6/CompilerIdC/CMakeCCompilerId.o"

Detecting C compiler ABI info compiled with the following output:
Change Dir: /Users/macmade/Documents/Macmade/GitHub/libgit/libgit2/build/arm64/CMakeFiles/CMakeTmp

Run Build Command(s):/usr/local/make/bin/make cmTC_5bbcb/fast && make[1]: Entering directory '/Users/macmade/Documents/Macmade/GitHub/libgit/libgit2/build/arm64/CMakeFiles/CMakeTmp'
/usr/local/make/bin/make  -f CMakeFiles/cmTC_5bbcb.dir/build.make CMakeFiles/cmTC_5bbcb.dir/build
make[2]: Entering directory '/Users/macmade/Documents/Macmade/GitHub/libgit/libgit2/build/arm64/CMakeFiles/CMakeTmp'
Building C object CMakeFiles/cmTC_5bbcb.dir/CMakeCCompilerABI.c.o
/Applications/Xcode.app/Contents/Developer/Toolchains/XcodeDefault.xctoolchain/usr/bin/cc   -arch arm64 -mmacosx-version-min=10.13 -stdlib=libc++  -arch arm64 -isysroot /Applications/Xcode.app/Contents/Developer/Platforms/MacOSX.platform/Developer/SDKs/MacOSX11.3.sdk   -v -Wl,-v -o CMakeFiles/cmTC_5bbcb.dir/CMakeCCompilerABI.c.o -c /opt/homebrew/Cellar/cmake/3.19.6/share/cmake/Modules/CMakeCCompilerABI.c
Apple clang version 12.0.5 (clang-1205.0.22.11)
Target: aarch64-apple-darwin20.6.0
Thread model: posix
InstalledDir: /Applications/Xcode.app/Contents/Developer/Toolchains/XcodeDefault.xctoolchain/usr/bin
clang: warning: -Wl,-v: 'linker' input unused [-Wunused-command-line-argument]
 "/Applications/Xcode.app/Contents/Developer/Toolchains/XcodeDefault.xctoolchain/usr/bin/clang" -cc1 -triple arm64-apple-macosx10.13.0 -Wdeprecated-objc-isa-usage -Werror=deprecated-objc-isa-usage -Werror=implicit-function-declaration -emit-obj -mrelax-all -disable-free -disable-llvm-verifier -discard-value-names -main-file-name CMakeCCompilerABI.c -mrelocation-model pic -pic-level 2 -mframe-pointer=non-leaf -fno-strict-return -fno-rounding-math -munwind-tables -faligned-alloc-unavailable -target-sdk-version=11.3 -fvisibility-inlines-hidden-static-local-var -target-cpu apple-a12 -target-feature +v8.3a -target-feature +fp-armv8 -target-feature +neon -target-feature +crc -target-feature +crypto -target-feature +fullfp16 -target-feature +ras -target-feature +lse -target-feature +rdm -target-feature +rcpc -target-feature +zcm -target-feature +zcz -target-feature +sha2 -target-feature +aes -target-abi darwinpcs -fallow-half-arguments-and-returns -debugger-tuning=lldb -target-linker-version 650.9 -v -resource-dir /Applications/Xcode.app/Contents/Developer/Toolchains/XcodeDefault.xctoolchain/usr/lib/clang/12.0.5 -isysroot /Applications/Xcode.app/Contents/Developer/Platforms/MacOSX.platform/Developer/SDKs/MacOSX11.3.sdk -internal-isystem /Applications/Xcode.app/Contents/Developer/Platforms/MacOSX.platform/Developer/SDKs/MacOSX11.3.sdk/usr/local/include -internal-isystem /Applications/Xcode.app/Contents/Developer/Toolchains/XcodeDefault.xctoolchain/usr/lib/clang/12.0.5/include -internal-externc-isystem /Applications/Xcode.app/Contents/Developer/Platforms/MacOSX.platform/Developer/SDKs/MacOSX11.3.sdk/usr/include -internal-externc-isystem /Applications/Xcode.app/Contents/Developer/Toolchains/XcodeDefault.xctoolchain/usr/include -Wno-reorder-init-list -Wno-implicit-int-float-conversion -Wno-c99-designator -Wno-final-dtor-non-final-class -Wno-extra-semi-stmt -Wno-misleading-indentation -Wno-quoted-include-in-framework-header -Wno-implicit-fallthrough -Wno-enum-enum-conversion -Wno-enum-float-conversion -Wno-elaborated-enum-base -fdebug-compilation-dir /Users/macmade/Documents/Macmade/GitHub/libgit/libgit2/build/arm64/CMakeFiles/CMakeTmp -ferror-limit 19 -stack-protector 1 -fstack-check -mdarwin-stkchk-strong-link -fblocks -fencode-extended-block-signature -fregister-global-dtors-with-atexit -fgnuc-version=4.2.1 -fmax-type-align=16 -fcommon -clang-vendor-feature=+disableNonDependentMemberExprInCurrentInstantiation -fno-odr-hash-protocols -mllvm -disable-aligned-alloc-awareness=1 -o CMakeFiles/cmTC_5bbcb.dir/CMakeCCompilerABI.c.o -x c /opt/homebrew/Cellar/cmake/3.19.6/share/cmake/Modules/CMakeCCompilerABI.c
clang -cc1 version 12.0.5 (clang-1205.0.22.11) default target arm64-apple-darwin20.6.0
ignoring nonexistent directory "/Applications/Xcode.app/Contents/Developer/Platforms/MacOSX.platform/Developer/SDKs/MacOSX11.3.sdk/usr/local/include"
ignoring nonexistent directory "/Applications/Xcode.app/Contents/Developer/Platforms/MacOSX.platform/Developer/SDKs/MacOSX11.3.sdk/Library/Frameworks"
#include "..." search starts here:
#include <...> search starts here:
 /Applications/Xcode.app/Contents/Developer/Toolchains/XcodeDefault.xctoolchain/usr/lib/clang/12.0.5/include
 /Applications/Xcode.app/Contents/Developer/Platforms/MacOSX.platform/Developer/SDKs/MacOSX11.3.sdk/usr/include
 /Applications/Xcode.app/Contents/Developer/Toolchains/XcodeDefault.xctoolchain/usr/include
 /Applications/Xcode.app/Contents/Developer/Platforms/MacOSX.platform/Developer/SDKs/MacOSX11.3.sdk/System/Library/Frameworks (framework directory)
End of search list.
Linking C executable cmTC_5bbcb
/opt/homebrew/Cellar/cmake/3.19.6/bin/cmake -E cmake_link_script CMakeFiles/cmTC_5bbcb.dir/link.txt --verbose=1
/Applications/Xcode.app/Contents/Developer/Toolchains/XcodeDefault.xctoolchain/usr/bin/cc -arch arm64 -mmacosx-version-min=10.13 -stdlib=libc++  -arch arm64 -isysroot /Applications/Xcode.app/Contents/Developer/Platforms/MacOSX.platform/Developer/SDKs/MacOSX11.3.sdk -Wl,-search_paths_first -Wl,-headerpad_max_install_names  -v -Wl,-v CMakeFiles/cmTC_5bbcb.dir/CMakeCCompilerABI.c.o -o cmTC_5bbcb 
Apple clang version 12.0.5 (clang-1205.0.22.11)
Target: aarch64-apple-darwin20.6.0
Thread model: posix
InstalledDir: /Applications/Xcode.app/Contents/Developer/Toolchains/XcodeDefault.xctoolchain/usr/bin
 "/Applications/Xcode.app/Contents/Developer/Toolchains/XcodeDefault.xctoolchain/usr/bin/ld" -demangle -lto_library /Applications/Xcode.app/Contents/Developer/Toolchains/XcodeDefault.xctoolchain/usr/lib/libLTO.dylib -dynamic -arch arm64 -platform_version macos 11.0.0 11.3 -syslibroot /Applications/Xcode.app/Contents/Developer/Platforms/MacOSX.platform/Developer/SDKs/MacOSX11.3.sdk -o cmTC_5bbcb -search_paths_first -headerpad_max_install_names -v CMakeFiles/cmTC_5bbcb.dir/CMakeCCompilerABI.c.o -lSystem /Applications/Xcode.app/Contents/Developer/Toolchains/XcodeDefault.xctoolchain/usr/lib/clang/12.0.5/lib/darwin/libclang_rt.osx.a
@(#)PROGRAM:ld  PROJECT:ld64-650.9
BUILD 13:09:13 May 28 2021
configured to support archs: armv6 armv7 armv7s arm64 arm64e arm64_32 i386 x86_64 x86_64h armv6m armv7k armv7m armv7em
Library search paths:
	/Applications/Xcode.app/Contents/Developer/Platforms/MacOSX.platform/Developer/SDKs/MacOSX11.3.sdk/usr/lib
Framework search paths:
	/Applications/Xcode.app/Contents/Developer/Platforms/MacOSX.platform/Developer/SDKs/MacOSX11.3.sdk/System/Library/Frameworks/
make[2]: Leaving directory '/Users/macmade/Documents/Macmade/GitHub/libgit/libgit2/build/arm64/CMakeFiles/CMakeTmp'
make[1]: Leaving directory '/Users/macmade/Documents/Macmade/GitHub/libgit/libgit2/build/arm64/CMakeFiles/CMakeTmp'



Parsed C implicit include dir info from above output: rv=done
  found start of include info
  found start of implicit include info
    add: [/Applications/Xcode.app/Contents/Developer/Toolchains/XcodeDefault.xctoolchain/usr/lib/clang/12.0.5/include]
    add: [/Applications/Xcode.app/Contents/Developer/Platforms/MacOSX.platform/Developer/SDKs/MacOSX11.3.sdk/usr/include]
    add: [/Applications/Xcode.app/Contents/Developer/Toolchains/XcodeDefault.xctoolchain/usr/include]
  end of search list found
  collapse include dir [/Applications/Xcode.app/Contents/Developer/Toolchains/XcodeDefault.xctoolchain/usr/lib/clang/12.0.5/include] ==> [/Applications/Xcode.app/Contents/Developer/Toolchains/XcodeDefault.xctoolchain/usr/lib/clang/12.0.5/include]
  collapse include dir [/Applications/Xcode.app/Contents/Developer/Platforms/MacOSX.platform/Developer/SDKs/MacOSX11.3.sdk/usr/include] ==> [/Applications/Xcode.app/Contents/Developer/Platforms/MacOSX.platform/Developer/SDKs/MacOSX11.3.sdk/usr/include]
  collapse include dir [/Applications/Xcode.app/Contents/Developer/Toolchains/XcodeDefault.xctoolchain/usr/include] ==> [/Applications/Xcode.app/Contents/Developer/Toolchains/XcodeDefault.xctoolchain/usr/include]
  implicit include dirs: [/Applications/Xcode.app/Contents/Developer/Toolchains/XcodeDefault.xctoolchain/usr/lib/clang/12.0.5/include;/Applications/Xcode.app/Contents/Developer/Platforms/MacOSX.platform/Developer/SDKs/MacOSX11.3.sdk/usr/include;/Applications/Xcode.app/Contents/Developer/Toolchains/XcodeDefault.xctoolchain/usr/include]


Parsed C implicit link information from above output:
  link line regex: [^( *|.*[/\])(ld|CMAKE_LINK_STARTFILE-NOTFOUND|([^/\]+-)?ld|collect2)[^/\]*( |$)]
  ignore line: [Change Dir: /Users/macmade/Documents/Macmade/GitHub/libgit/libgit2/build/arm64/CMakeFiles/CMakeTmp]
  ignore line: []
  ignore line: [Run Build Command(s):/usr/local/make/bin/make cmTC_5bbcb/fast && make[1]: Entering directory '/Users/macmade/Documents/Macmade/GitHub/libgit/libgit2/build/arm64/CMakeFiles/CMakeTmp']
  ignore line: [/usr/local/make/bin/make  -f CMakeFiles/cmTC_5bbcb.dir/build.make CMakeFiles/cmTC_5bbcb.dir/build]
  ignore line: [make[2]: Entering directory '/Users/macmade/Documents/Macmade/GitHub/libgit/libgit2/build/arm64/CMakeFiles/CMakeTmp']
  ignore line: [Building C object CMakeFiles/cmTC_5bbcb.dir/CMakeCCompilerABI.c.o]
  ignore line: [/Applications/Xcode.app/Contents/Developer/Toolchains/XcodeDefault.xctoolchain/usr/bin/cc   -arch arm64 -mmacosx-version-min=10.13 -stdlib=libc++  -arch arm64 -isysroot /Applications/Xcode.app/Contents/Developer/Platforms/MacOSX.platform/Developer/SDKs/MacOSX11.3.sdk   -v -Wl -v -o CMakeFiles/cmTC_5bbcb.dir/CMakeCCompilerABI.c.o -c /opt/homebrew/Cellar/cmake/3.19.6/share/cmake/Modules/CMakeCCompilerABI.c]
  ignore line: [Apple clang version 12.0.5 (clang-1205.0.22.11)]
  ignore line: [Target: aarch64-apple-darwin20.6.0]
  ignore line: [Thread model: posix]
  ignore line: [InstalledDir: /Applications/Xcode.app/Contents/Developer/Toolchains/XcodeDefault.xctoolchain/usr/bin]
  ignore line: [clang: warning: -Wl -v: 'linker' input unused [-Wunused-command-line-argument]]
  ignore line: [ "/Applications/Xcode.app/Contents/Developer/Toolchains/XcodeDefault.xctoolchain/usr/bin/clang" -cc1 -triple arm64-apple-macosx10.13.0 -Wdeprecated-objc-isa-usage -Werror=deprecated-objc-isa-usage -Werror=implicit-function-declaration -emit-obj -mrelax-all -disable-free -disable-llvm-verifier -discard-value-names -main-file-name CMakeCCompilerABI.c -mrelocation-model pic -pic-level 2 -mframe-pointer=non-leaf -fno-strict-return -fno-rounding-math -munwind-tables -faligned-alloc-unavailable -target-sdk-version=11.3 -fvisibility-inlines-hidden-static-local-var -target-cpu apple-a12 -target-feature +v8.3a -target-feature +fp-armv8 -target-feature +neon -target-feature +crc -target-feature +crypto -target-feature +fullfp16 -target-feature +ras -target-feature +lse -target-feature +rdm -target-feature +rcpc -target-feature +zcm -target-feature +zcz -target-feature +sha2 -target-feature +aes -target-abi darwinpcs -fallow-half-arguments-and-returns -debugger-tuning=lldb -target-linker-version 650.9 -v -resource-dir /Applications/Xcode.app/Contents/Developer/Toolchains/XcodeDefault.xctoolchain/usr/lib/clang/12.0.5 -isysroot /Applications/Xcode.app/Contents/Developer/Platforms/MacOSX.platform/Developer/SDKs/MacOSX11.3.sdk -internal-isystem /Applications/Xcode.app/Contents/Developer/Platforms/MacOSX.platform/Developer/SDKs/MacOSX11.3.sdk/usr/local/include -internal-isystem /Applications/Xcode.app/Contents/Developer/Toolchains/XcodeDefault.xctoolchain/usr/lib/clang/12.0.5/include -internal-externc-isystem /Applications/Xcode.app/Contents/Developer/Platforms/MacOSX.platform/Developer/SDKs/MacOSX11.3.sdk/usr/include -internal-externc-isystem /Applications/Xcode.app/Contents/Developer/Toolchains/XcodeDefault.xctoolchain/usr/include -Wno-reorder-init-list -Wno-implicit-int-float-conversion -Wno-c99-designator -Wno-final-dtor-non-final-class -Wno-extra-semi-stmt -Wno-misleading-indentation -Wno-quoted-include-in-framework-header -Wno-implicit-fallthrough -Wno-enum-enum-conversion -Wno-enum-float-conversion -Wno-elaborated-enum-base -fdebug-compilation-dir /Users/macmade/Documents/Macmade/GitHub/libgit/libgit2/build/arm64/CMakeFiles/CMakeTmp -ferror-limit 19 -stack-protector 1 -fstack-check -mdarwin-stkchk-strong-link -fblocks -fencode-extended-block-signature -fregister-global-dtors-with-atexit -fgnuc-version=4.2.1 -fmax-type-align=16 -fcommon -clang-vendor-feature=+disableNonDependentMemberExprInCurrentInstantiation -fno-odr-hash-protocols -mllvm -disable-aligned-alloc-awareness=1 -o CMakeFiles/cmTC_5bbcb.dir/CMakeCCompilerABI.c.o -x c /opt/homebrew/Cellar/cmake/3.19.6/share/cmake/Modules/CMakeCCompilerABI.c]
  ignore line: [clang -cc1 version 12.0.5 (clang-1205.0.22.11) default target arm64-apple-darwin20.6.0]
  ignore line: [ignoring nonexistent directory "/Applications/Xcode.app/Contents/Developer/Platforms/MacOSX.platform/Developer/SDKs/MacOSX11.3.sdk/usr/local/include"]
  ignore line: [ignoring nonexistent directory "/Applications/Xcode.app/Contents/Developer/Platforms/MacOSX.platform/Developer/SDKs/MacOSX11.3.sdk/Library/Frameworks"]
  ignore line: [#include "..." search starts here:]
  ignore line: [#include <...> search starts here:]
  ignore line: [ /Applications/Xcode.app/Contents/Developer/Toolchains/XcodeDefault.xctoolchain/usr/lib/clang/12.0.5/include]
  ignore line: [ /Applications/Xcode.app/Contents/Developer/Platforms/MacOSX.platform/Developer/SDKs/MacOSX11.3.sdk/usr/include]
  ignore line: [ /Applications/Xcode.app/Contents/Developer/Toolchains/XcodeDefault.xctoolchain/usr/include]
  ignore line: [ /Applications/Xcode.app/Contents/Developer/Platforms/MacOSX.platform/Developer/SDKs/MacOSX11.3.sdk/System/Library/Frameworks (framework directory)]
  ignore line: [End of search list.]
  ignore line: [Linking C executable cmTC_5bbcb]
  ignore line: [/opt/homebrew/Cellar/cmake/3.19.6/bin/cmake -E cmake_link_script CMakeFiles/cmTC_5bbcb.dir/link.txt --verbose=1]
  ignore line: [/Applications/Xcode.app/Contents/Developer/Toolchains/XcodeDefault.xctoolchain/usr/bin/cc -arch arm64 -mmacosx-version-min=10.13 -stdlib=libc++  -arch arm64 -isysroot /Applications/Xcode.app/Contents/Developer/Platforms/MacOSX.platform/Developer/SDKs/MacOSX11.3.sdk -Wl -search_paths_first -Wl -headerpad_max_install_names  -v -Wl -v CMakeFiles/cmTC_5bbcb.dir/CMakeCCompilerABI.c.o -o cmTC_5bbcb ]
  ignore line: [Apple clang version 12.0.5 (clang-1205.0.22.11)]
  ignore line: [Target: aarch64-apple-darwin20.6.0]
  ignore line: [Thread model: posix]
  ignore line: [InstalledDir: /Applications/Xcode.app/Contents/Developer/Toolchains/XcodeDefault.xctoolchain/usr/bin]
  link line: [ "/Applications/Xcode.app/Contents/Developer/Toolchains/XcodeDefault.xctoolchain/usr/bin/ld" -demangle -lto_library /Applications/Xcode.app/Contents/Developer/Toolchains/XcodeDefault.xctoolchain/usr/lib/libLTO.dylib -dynamic -arch arm64 -platform_version macos 11.0.0 11.3 -syslibroot /Applications/Xcode.app/Contents/Developer/Platforms/MacOSX.platform/Developer/SDKs/MacOSX11.3.sdk -o cmTC_5bbcb -search_paths_first -headerpad_max_install_names -v CMakeFiles/cmTC_5bbcb.dir/CMakeCCompilerABI.c.o -lSystem /Applications/Xcode.app/Contents/Developer/Toolchains/XcodeDefault.xctoolchain/usr/lib/clang/12.0.5/lib/darwin/libclang_rt.osx.a]
    arg [/Applications/Xcode.app/Contents/Developer/Toolchains/XcodeDefault.xctoolchain/usr/bin/ld] ==> ignore
    arg [-demangle] ==> ignore
    arg [-lto_library] ==> ignore, skip following value
    arg [/Applications/Xcode.app/Contents/Developer/Toolchains/XcodeDefault.xctoolchain/usr/lib/libLTO.dylib] ==> skip value of -lto_library
    arg [-dynamic] ==> ignore
    arg [-arch] ==> ignore
    arg [arm64] ==> ignore
    arg [-platform_version] ==> ignore
    arg [macos] ==> ignore
    arg [11.0.0] ==> ignore
    arg [11.3] ==> ignore
    arg [-syslibroot] ==> ignore
    arg [/Applications/Xcode.app/Contents/Developer/Platforms/MacOSX.platform/Developer/SDKs/MacOSX11.3.sdk] ==> ignore
    arg [-o] ==> ignore
    arg [cmTC_5bbcb] ==> ignore
    arg [-search_paths_first] ==> ignore
    arg [-headerpad_max_install_names] ==> ignore
    arg [-v] ==> ignore
    arg [CMakeFiles/cmTC_5bbcb.dir/CMakeCCompilerABI.c.o] ==> ignore
    arg [-lSystem] ==> lib [System]
    arg [/Applications/Xcode.app/Contents/Developer/Toolchains/XcodeDefault.xctoolchain/usr/lib/clang/12.0.5/lib/darwin/libclang_rt.osx.a] ==> lib [/Applications/Xcode.app/Contents/Developer/Toolchains/XcodeDefault.xctoolchain/usr/lib/clang/12.0.5/lib/darwin/libclang_rt.osx.a]
  Library search paths: [;/Applications/Xcode.app/Contents/Developer/Platforms/MacOSX.platform/Developer/SDKs/MacOSX11.3.sdk/usr/lib]
  Framework search paths: [;/Applications/Xcode.app/Contents/Developer/Platforms/MacOSX.platform/Developer/SDKs/MacOSX11.3.sdk/System/Library/Frameworks/]
  remove lib [System]
  remove lib [/Applications/Xcode.app/Contents/Developer/Toolchains/XcodeDefault.xctoolchain/usr/lib/clang/12.0.5/lib/darwin/libclang_rt.osx.a]
  collapse library dir [/Applications/Xcode.app/Contents/Developer/Platforms/MacOSX.platform/Developer/SDKs/MacOSX11.3.sdk/usr/lib] ==> [/Applications/Xcode.app/Contents/Developer/Platforms/MacOSX.platform/Developer/SDKs/MacOSX11.3.sdk/usr/lib]
  collapse framework dir [/Applications/Xcode.app/Contents/Developer/Platforms/MacOSX.platform/Developer/SDKs/MacOSX11.3.sdk/System/Library/Frameworks/] ==> [/Applications/Xcode.app/Contents/Developer/Platforms/MacOSX.platform/Developer/SDKs/MacOSX11.3.sdk/System/Library/Frameworks]
  implicit libs: []
  implicit dirs: [/Applications/Xcode.app/Contents/Developer/Platforms/MacOSX.platform/Developer/SDKs/MacOSX11.3.sdk/usr/lib]
  implicit fwks: [/Applications/Xcode.app/Contents/Developer/Platforms/MacOSX.platform/Developer/SDKs/MacOSX11.3.sdk/System/Library/Frameworks]


Determining if the include file pthread.h exists passed with the following output:
Change Dir: /Users/macmade/Documents/Macmade/GitHub/libgit/libgit2/build/arm64/CMakeFiles/CMakeTmp

Run Build Command(s):/usr/local/make/bin/make cmTC_06912/fast && make[1]: Entering directory '/Users/macmade/Documents/Macmade/GitHub/libgit/libgit2/build/arm64/CMakeFiles/CMakeTmp'
/usr/local/make/bin/make  -f CMakeFiles/cmTC_06912.dir/build.make CMakeFiles/cmTC_06912.dir/build
make[2]: Entering directory '/Users/macmade/Documents/Macmade/GitHub/libgit/libgit2/build/arm64/CMakeFiles/CMakeTmp'
Building C object CMakeFiles/cmTC_06912.dir/CheckIncludeFile.c.o
/Applications/Xcode.app/Contents/Developer/Toolchains/XcodeDefault.xctoolchain/usr/bin/cc   -arch arm64 -mmacosx-version-min=10.13 -stdlib=libc++  -arch arm64 -isysroot /Applications/Xcode.app/Contents/Developer/Platforms/MacOSX.platform/Developer/SDKs/MacOSX11.3.sdk -o CMakeFiles/cmTC_06912.dir/CheckIncludeFile.c.o -c /Users/macmade/Documents/Macmade/GitHub/libgit/libgit2/build/arm64/CMakeFiles/CMakeTmp/CheckIncludeFile.c
Linking C executable cmTC_06912
/opt/homebrew/Cellar/cmake/3.19.6/bin/cmake -E cmake_link_script CMakeFiles/cmTC_06912.dir/link.txt --verbose=1
/Applications/Xcode.app/Contents/Developer/Toolchains/XcodeDefault.xctoolchain/usr/bin/cc -arch arm64 -mmacosx-version-min=10.13 -stdlib=libc++  -arch arm64 -isysroot /Applications/Xcode.app/Contents/Developer/Platforms/MacOSX.platform/Developer/SDKs/MacOSX11.3.sdk -Wl,-search_paths_first -Wl,-headerpad_max_install_names CMakeFiles/cmTC_06912.dir/CheckIncludeFile.c.o -o cmTC_06912 
make[2]: Leaving directory '/Users/macmade/Documents/Macmade/GitHub/libgit/libgit2/build/arm64/CMakeFiles/CMakeTmp'
make[1]: Leaving directory '/Users/macmade/Documents/Macmade/GitHub/libgit/libgit2/build/arm64/CMakeFiles/CMakeTmp'



Performing C SOURCE FILE Test CMAKE_HAVE_LIBC_PTHREAD succeeded with the following output:
Change Dir: /Users/macmade/Documents/Macmade/GitHub/libgit/libgit2/build/arm64/CMakeFiles/CMakeTmp

Run Build Command(s):/usr/local/make/bin/make cmTC_0cfc1/fast && make[1]: Entering directory '/Users/macmade/Documents/Macmade/GitHub/libgit/libgit2/build/arm64/CMakeFiles/CMakeTmp'
/usr/local/make/bin/make  -f CMakeFiles/cmTC_0cfc1.dir/build.make CMakeFiles/cmTC_0cfc1.dir/build
make[2]: Entering directory '/Users/macmade/Documents/Macmade/GitHub/libgit/libgit2/build/arm64/CMakeFiles/CMakeTmp'
Building C object CMakeFiles/cmTC_0cfc1.dir/src.c.o
/Applications/Xcode.app/Contents/Developer/Toolchains/XcodeDefault.xctoolchain/usr/bin/cc -DCMAKE_HAVE_LIBC_PTHREAD  -arch arm64 -mmacosx-version-min=10.13 -stdlib=libc++  -arch arm64 -isysroot /Applications/Xcode.app/Contents/Developer/Platforms/MacOSX.platform/Developer/SDKs/MacOSX11.3.sdk -o CMakeFiles/cmTC_0cfc1.dir/src.c.o -c /Users/macmade/Documents/Macmade/GitHub/libgit/libgit2/build/arm64/CMakeFiles/CMakeTmp/src.c
Linking C executable cmTC_0cfc1
/opt/homebrew/Cellar/cmake/3.19.6/bin/cmake -E cmake_link_script CMakeFiles/cmTC_0cfc1.dir/link.txt --verbose=1
/Applications/Xcode.app/Contents/Developer/Toolchains/XcodeDefault.xctoolchain/usr/bin/cc -arch arm64 -mmacosx-version-min=10.13 -stdlib=libc++  -arch arm64 -isysroot /Applications/Xcode.app/Contents/Developer/Platforms/MacOSX.platform/Developer/SDKs/MacOSX11.3.sdk -Wl,-search_paths_first -Wl,-headerpad_max_install_names CMakeFiles/cmTC_0cfc1.dir/src.c.o -o cmTC_0cfc1 
make[2]: Leaving directory '/Users/macmade/Documents/Macmade/GitHub/libgit/libgit2/build/arm64/CMakeFiles/CMakeTmp'
make[1]: Leaving directory '/Users/macmade/Documents/Macmade/GitHub/libgit/libgit2/build/arm64/CMakeFiles/CMakeTmp'


Source file was:
#include <pthread.h>

static void* test_func(void* data)
{
  return data;
}

int main(void)
{
  pthread_t thread;
  pthread_create(&thread, NULL, test_func, NULL);
  pthread_detach(thread);
  pthread_cancel(thread);
  pthread_join(thread, NULL);
  pthread_atfork(NULL, NULL, NULL);
  pthread_exit(NULL);

  return 0;
}

Performing C SOURCE FILE Test HAVE_STRUCT_STAT_ST_MTIMESPEC succeeded with the following output:
Change Dir: /Users/macmade/Documents/Macmade/GitHub/libgit/libgit2/build/arm64/CMakeFiles/CMakeTmp

Run Build Command(s):/usr/local/make/bin/make cmTC_ff878/fast && make[1]: Entering directory '/Users/macmade/Documents/Macmade/GitHub/libgit/libgit2/build/arm64/CMakeFiles/CMakeTmp'
/usr/local/make/bin/make  -f CMakeFiles/cmTC_ff878.dir/build.make CMakeFiles/cmTC_ff878.dir/build
make[2]: Entering directory '/Users/macmade/Documents/Macmade/GitHub/libgit/libgit2/build/arm64/CMakeFiles/CMakeTmp'
Building C object CMakeFiles/cmTC_ff878.dir/src.c.o
/Applications/Xcode.app/Contents/Developer/Toolchains/XcodeDefault.xctoolchain/usr/bin/cc -DHAVE_STRUCT_STAT_ST_MTIMESPEC  -arch arm64 -mmacosx-version-min=10.13 -stdlib=libc++  -arch arm64 -isysroot /Applications/Xcode.app/Contents/Developer/Platforms/MacOSX.platform/Developer/SDKs/MacOSX11.3.sdk -o CMakeFiles/cmTC_ff878.dir/src.c.o -c /Users/macmade/Documents/Macmade/GitHub/libgit/libgit2/build/arm64/CMakeFiles/CMakeTmp/src.c
Linking C executable cmTC_ff878
/opt/homebrew/Cellar/cmake/3.19.6/bin/cmake -E cmake_link_script CMakeFiles/cmTC_ff878.dir/link.txt --verbose=1
/Applications/Xcode.app/Contents/Developer/Toolchains/XcodeDefault.xctoolchain/usr/bin/cc -arch arm64 -mmacosx-version-min=10.13 -stdlib=libc++  -arch arm64 -isysroot /Applications/Xcode.app/Contents/Developer/Platforms/MacOSX.platform/Developer/SDKs/MacOSX11.3.sdk -Wl,-search_paths_first -Wl,-headerpad_max_install_names CMakeFiles/cmTC_ff878.dir/src.c.o -o cmTC_ff878 
make[2]: Leaving directory '/Users/macmade/Documents/Macmade/GitHub/libgit/libgit2/build/arm64/CMakeFiles/CMakeTmp'
make[1]: Leaving directory '/Users/macmade/Documents/Macmade/GitHub/libgit/libgit2/build/arm64/CMakeFiles/CMakeTmp'


Source file was:

#include <sys/types.h>
#include <sys/stat.h>

int main()
{
  (void)sizeof(((struct stat *)0)->st_mtimespec);
  return 0;
}

Performing C SOURCE FILE Test HAVE_STRUCT_STAT_NSEC succeeded with the following output:
Change Dir: /Users/macmade/Documents/Macmade/GitHub/libgit/libgit2/build/arm64/CMakeFiles/CMakeTmp

Run Build Command(s):/usr/local/make/bin/make cmTC_a8cb2/fast && make[1]: Entering directory '/Users/macmade/Documents/Macmade/GitHub/libgit/libgit2/build/arm64/CMakeFiles/CMakeTmp'
/usr/local/make/bin/make  -f CMakeFiles/cmTC_a8cb2.dir/build.make CMakeFiles/cmTC_a8cb2.dir/build
make[2]: Entering directory '/Users/macmade/Documents/Macmade/GitHub/libgit/libgit2/build/arm64/CMakeFiles/CMakeTmp'
Building C object CMakeFiles/cmTC_a8cb2.dir/src.c.o
/Applications/Xcode.app/Contents/Developer/Toolchains/XcodeDefault.xctoolchain/usr/bin/cc -DHAVE_STRUCT_STAT_NSEC  -arch arm64 -mmacosx-version-min=10.13 -stdlib=libc++  -arch arm64 -isysroot /Applications/Xcode.app/Contents/Developer/Platforms/MacOSX.platform/Developer/SDKs/MacOSX11.3.sdk -o CMakeFiles/cmTC_a8cb2.dir/src.c.o -c /Users/macmade/Documents/Macmade/GitHub/libgit/libgit2/build/arm64/CMakeFiles/CMakeTmp/src.c
Linking C executable cmTC_a8cb2
/opt/homebrew/Cellar/cmake/3.19.6/bin/cmake -E cmake_link_script CMakeFiles/cmTC_a8cb2.dir/link.txt --verbose=1
/Applications/Xcode.app/Contents/Developer/Toolchains/XcodeDefault.xctoolchain/usr/bin/cc -arch arm64 -mmacosx-version-min=10.13 -stdlib=libc++  -arch arm64 -isysroot /Applications/Xcode.app/Contents/Developer/Platforms/MacOSX.platform/Developer/SDKs/MacOSX11.3.sdk -Wl,-search_paths_first -Wl,-headerpad_max_install_names CMakeFiles/cmTC_a8cb2.dir/src.c.o -o cmTC_a8cb2 
make[2]: Leaving directory '/Users/macmade/Documents/Macmade/GitHub/libgit/libgit2/build/arm64/CMakeFiles/CMakeTmp'
make[1]: Leaving directory '/Users/macmade/Documents/Macmade/GitHub/libgit/libgit2/build/arm64/CMakeFiles/CMakeTmp'


Source file was:

#include <sys/stat.h>

int main()
{
  (void)sizeof(((struct stat *)0)->st_mtimespec.tv_nsec);
  return 0;
}

Performing C SOURCE FILE Test IS_WERROR_SUPPORTED succeeded with the following output:
Change Dir: /Users/macmade/Documents/Macmade/GitHub/libgit/libgit2/build/arm64/CMakeFiles/CMakeTmp

Run Build Command(s):/usr/local/make/bin/make cmTC_04833/fast && make[1]: Entering directory '/Users/macmade/Documents/Macmade/GitHub/libgit/libgit2/build/arm64/CMakeFiles/CMakeTmp'
/usr/local/make/bin/make  -f CMakeFiles/cmTC_04833.dir/build.make CMakeFiles/cmTC_04833.dir/build
make[2]: Entering directory '/Users/macmade/Documents/Macmade/GitHub/libgit/libgit2/build/arm64/CMakeFiles/CMakeTmp'
Building C object CMakeFiles/cmTC_04833.dir/src.c.o
/Applications/Xcode.app/Contents/Developer/Toolchains/XcodeDefault.xctoolchain/usr/bin/cc -DIS_WERROR_SUPPORTED  -arch arm64 -mmacosx-version-min=10.13 -stdlib=libc++  -arch arm64 -isysroot /Applications/Xcode.app/Contents/Developer/Platforms/MacOSX.platform/Developer/SDKs/MacOSX11.3.sdk   -Werror -o CMakeFiles/cmTC_04833.dir/src.c.o -c /Users/macmade/Documents/Macmade/GitHub/libgit/libgit2/build/arm64/CMakeFiles/CMakeTmp/src.c
Linking C executable cmTC_04833
/opt/homebrew/Cellar/cmake/3.19.6/bin/cmake -E cmake_link_script CMakeFiles/cmTC_04833.dir/link.txt --verbose=1
/Applications/Xcode.app/Contents/Developer/Toolchains/XcodeDefault.xctoolchain/usr/bin/cc -arch arm64 -mmacosx-version-min=10.13 -stdlib=libc++  -arch arm64 -isysroot /Applications/Xcode.app/Contents/Developer/Platforms/MacOSX.platform/Developer/SDKs/MacOSX11.3.sdk -Wl,-search_paths_first -Wl,-headerpad_max_install_names CMakeFiles/cmTC_04833.dir/src.c.o -o cmTC_04833 
make[2]: Leaving directory '/Users/macmade/Documents/Macmade/GitHub/libgit/libgit2/build/arm64/CMakeFiles/CMakeTmp'
make[1]: Leaving directory '/Users/macmade/Documents/Macmade/GitHub/libgit/libgit2/build/arm64/CMakeFiles/CMakeTmp'


Source file was:
int main(void) { return 0; }
Determining if the futimens exist passed with the following output:
Change Dir: /Users/macmade/Documents/Macmade/GitHub/libgit/libgit2/build/arm64/CMakeFiles/CMakeTmp

Run Build Command(s):/usr/local/make/bin/make cmTC_daa14/fast && make[1]: Entering directory '/Users/macmade/Documents/Macmade/GitHub/libgit/libgit2/build/arm64/CMakeFiles/CMakeTmp'
/usr/local/make/bin/make  -f CMakeFiles/cmTC_daa14.dir/build.make CMakeFiles/cmTC_daa14.dir/build
make[2]: Entering directory '/Users/macmade/Documents/Macmade/GitHub/libgit/libgit2/build/arm64/CMakeFiles/CMakeTmp'
Building C object CMakeFiles/cmTC_daa14.dir/CheckSymbolExists.c.o
/Applications/Xcode.app/Contents/Developer/Toolchains/XcodeDefault.xctoolchain/usr/bin/cc   -arch arm64 -mmacosx-version-min=10.13 -stdlib=libc++ -Werror  -arch arm64 -isysroot /Applications/Xcode.app/Contents/Developer/Platforms/MacOSX.platform/Developer/SDKs/MacOSX11.3.sdk -o CMakeFiles/cmTC_daa14.dir/CheckSymbolExists.c.o -c /Users/macmade/Documents/Macmade/GitHub/libgit/libgit2/build/arm64/CMakeFiles/CMakeTmp/CheckSymbolExists.c
Linking C executable cmTC_daa14
/opt/homebrew/Cellar/cmake/3.19.6/bin/cmake -E cmake_link_script CMakeFiles/cmTC_daa14.dir/link.txt --verbose=1
/Applications/Xcode.app/Contents/Developer/Toolchains/XcodeDefault.xctoolchain/usr/bin/cc -arch arm64 -mmacosx-version-min=10.13 -stdlib=libc++ -Werror  -arch arm64 -isysroot /Applications/Xcode.app/Contents/Developer/Platforms/MacOSX.platform/Developer/SDKs/MacOSX11.3.sdk -Wl,-search_paths_first -Wl,-headerpad_max_install_names CMakeFiles/cmTC_daa14.dir/CheckSymbolExists.c.o -o cmTC_daa14 
make[2]: Leaving directory '/Users/macmade/Documents/Macmade/GitHub/libgit/libgit2/build/arm64/CMakeFiles/CMakeTmp'
make[1]: Leaving directory '/Users/macmade/Documents/Macmade/GitHub/libgit/libgit2/build/arm64/CMakeFiles/CMakeTmp'


File /Users/macmade/Documents/Macmade/GitHub/libgit/libgit2/build/arm64/CMakeFiles/CMakeTmp/CheckSymbolExists.c:
/* */
#include <sys/stat.h>

int main(int argc, char** argv)
{
  (void)argv;
#ifndef futimens
  return ((int*)(&futimens))[argc];
#else
  (void)argc;
  return 0;
#endif
}
Performing C SOURCE FILE Test IS_WNO_ERROR_SUPPORTED succeeded with the following output:
Change Dir: /Users/macmade/Documents/Macmade/GitHub/libgit/libgit2/build/arm64/CMakeFiles/CMakeTmp

Run Build Command(s):/usr/local/make/bin/make cmTC_20c7f/fast && make[1]: Entering directory '/Users/macmade/Documents/Macmade/GitHub/libgit/libgit2/build/arm64/CMakeFiles/CMakeTmp'
/usr/local/make/bin/make  -f CMakeFiles/cmTC_20c7f.dir/build.make CMakeFiles/cmTC_20c7f.dir/build
make[2]: Entering directory '/Users/macmade/Documents/Macmade/GitHub/libgit/libgit2/build/arm64/CMakeFiles/CMakeTmp'
Building C object CMakeFiles/cmTC_20c7f.dir/src.c.o
/Applications/Xcode.app/Contents/Developer/Toolchains/XcodeDefault.xctoolchain/usr/bin/cc -DIS_WNO_ERROR_SUPPORTED  -arch arm64 -mmacosx-version-min=10.13 -stdlib=libc++ -Werror  -arch arm64 -isysroot /Applications/Xcode.app/Contents/Developer/Platforms/MacOSX.platform/Developer/SDKs/MacOSX11.3.sdk   -Wno-error -o CMakeFiles/cmTC_20c7f.dir/src.c.o -c /Users/macmade/Documents/Macmade/GitHub/libgit/libgit2/build/arm64/CMakeFiles/CMakeTmp/src.c
Linking C executable cmTC_20c7f
/opt/homebrew/Cellar/cmake/3.19.6/bin/cmake -E cmake_link_script CMakeFiles/cmTC_20c7f.dir/link.txt --verbose=1
/Applications/Xcode.app/Contents/Developer/Toolchains/XcodeDefault.xctoolchain/usr/bin/cc -arch arm64 -mmacosx-version-min=10.13 -stdlib=libc++ -Werror  -arch arm64 -isysroot /Applications/Xcode.app/Contents/Developer/Platforms/MacOSX.platform/Developer/SDKs/MacOSX11.3.sdk -Wl,-search_paths_first -Wl,-headerpad_max_install_names CMakeFiles/cmTC_20c7f.dir/src.c.o -o cmTC_20c7f 
make[2]: Leaving directory '/Users/macmade/Documents/Macmade/GitHub/libgit/libgit2/build/arm64/CMakeFiles/CMakeTmp'
make[1]: Leaving directory '/Users/macmade/Documents/Macmade/GitHub/libgit/libgit2/build/arm64/CMakeFiles/CMakeTmp'


Source file was:
int main(void) { return 0; }
Performing C SOURCE FILE Test IS_WALL_SUPPORTED succeeded with the following output:
Change Dir: /Users/macmade/Documents/Macmade/GitHub/libgit/libgit2/build/arm64/CMakeFiles/CMakeTmp

Run Build Command(s):/usr/local/make/bin/make cmTC_f2e5c/fast && make[1]: Entering directory '/Users/macmade/Documents/Macmade/GitHub/libgit/libgit2/build/arm64/CMakeFiles/CMakeTmp'
/usr/local/make/bin/make  -f CMakeFiles/cmTC_f2e5c.dir/build.make CMakeFiles/cmTC_f2e5c.dir/build
make[2]: Entering directory '/Users/macmade/Documents/Macmade/GitHub/libgit/libgit2/build/arm64/CMakeFiles/CMakeTmp'
Building C object CMakeFiles/cmTC_f2e5c.dir/src.c.o
/Applications/Xcode.app/Contents/Developer/Toolchains/XcodeDefault.xctoolchain/usr/bin/cc -DIS_WALL_SUPPORTED  -D_GNU_SOURCE -arch arm64 -mmacosx-version-min=10.13 -stdlib=libc++ -Werror -Wno-error  -arch arm64 -isysroot /Applications/Xcode.app/Contents/Developer/Platforms/MacOSX.platform/Developer/SDKs/MacOSX11.3.sdk   -Wall -o CMakeFiles/cmTC_f2e5c.dir/src.c.o -c /Users/macmade/Documents/Macmade/GitHub/libgit/libgit2/build/arm64/CMakeFiles/CMakeTmp/src.c
Linking C executable cmTC_f2e5c
/opt/homebrew/Cellar/cmake/3.19.6/bin/cmake -E cmake_link_script CMakeFiles/cmTC_f2e5c.dir/link.txt --verbose=1
/Applications/Xcode.app/Contents/Developer/Toolchains/XcodeDefault.xctoolchain/usr/bin/cc -D_GNU_SOURCE -arch arm64 -mmacosx-version-min=10.13 -stdlib=libc++ -Werror -Wno-error  -arch arm64 -isysroot /Applications/Xcode.app/Contents/Developer/Platforms/MacOSX.platform/Developer/SDKs/MacOSX11.3.sdk -Wl,-search_paths_first -Wl,-headerpad_max_install_names CMakeFiles/cmTC_f2e5c.dir/src.c.o -o cmTC_f2e5c 
make[2]: Leaving directory '/Users/macmade/Documents/Macmade/GitHub/libgit/libgit2/build/arm64/CMakeFiles/CMakeTmp'
make[1]: Leaving directory '/Users/macmade/Documents/Macmade/GitHub/libgit/libgit2/build/arm64/CMakeFiles/CMakeTmp'


Source file was:
int main(void) { return 0; }
Performing C SOURCE FILE Test IS_WEXTRA_SUPPORTED succeeded with the following output:
Change Dir: /Users/macmade/Documents/Macmade/GitHub/libgit/libgit2/build/arm64/CMakeFiles/CMakeTmp

Run Build Command(s):/usr/local/make/bin/make cmTC_f733f/fast && make[1]: Entering directory '/Users/macmade/Documents/Macmade/GitHub/libgit/libgit2/build/arm64/CMakeFiles/CMakeTmp'
/usr/local/make/bin/make  -f CMakeFiles/cmTC_f733f.dir/build.make CMakeFiles/cmTC_f733f.dir/build
make[2]: Entering directory '/Users/macmade/Documents/Macmade/GitHub/libgit/libgit2/build/arm64/CMakeFiles/CMakeTmp'
Building C object CMakeFiles/cmTC_f733f.dir/src.c.o
/Applications/Xcode.app/Contents/Developer/Toolchains/XcodeDefault.xctoolchain/usr/bin/cc -DIS_WEXTRA_SUPPORTED  -D_GNU_SOURCE -arch arm64 -mmacosx-version-min=10.13 -stdlib=libc++ -Werror -Wno-error -Wall  -arch arm64 -isysroot /Applications/Xcode.app/Contents/Developer/Platforms/MacOSX.platform/Developer/SDKs/MacOSX11.3.sdk   -Wextra -o CMakeFiles/cmTC_f733f.dir/src.c.o -c /Users/macmade/Documents/Macmade/GitHub/libgit/libgit2/build/arm64/CMakeFiles/CMakeTmp/src.c
Linking C executable cmTC_f733f
/opt/homebrew/Cellar/cmake/3.19.6/bin/cmake -E cmake_link_script CMakeFiles/cmTC_f733f.dir/link.txt --verbose=1
/Applications/Xcode.app/Contents/Developer/Toolchains/XcodeDefault.xctoolchain/usr/bin/cc -D_GNU_SOURCE -arch arm64 -mmacosx-version-min=10.13 -stdlib=libc++ -Werror -Wno-error -Wall  -arch arm64 -isysroot /Applications/Xcode.app/Contents/Developer/Platforms/MacOSX.platform/Developer/SDKs/MacOSX11.3.sdk -Wl,-search_paths_first -Wl,-headerpad_max_install_names CMakeFiles/cmTC_f733f.dir/src.c.o -o cmTC_f733f 
make[2]: Leaving directory '/Users/macmade/Documents/Macmade/GitHub/libgit/libgit2/build/arm64/CMakeFiles/CMakeTmp'
make[1]: Leaving directory '/Users/macmade/Documents/Macmade/GitHub/libgit/libgit2/build/arm64/CMakeFiles/CMakeTmp'


Source file was:
int main(void) { return 0; }
Performing C SOURCE FILE Test IS_WDOCUMENTATION_SUPPORTED succeeded with the following output:
Change Dir: /Users/macmade/Documents/Macmade/GitHub/libgit/libgit2/build/arm64/CMakeFiles/CMakeTmp

Run Build Command(s):/usr/local/make/bin/make cmTC_55b1f/fast && make[1]: Entering directory '/Users/macmade/Documents/Macmade/GitHub/libgit/libgit2/build/arm64/CMakeFiles/CMakeTmp'
/usr/local/make/bin/make  -f CMakeFiles/cmTC_55b1f.dir/build.make CMakeFiles/cmTC_55b1f.dir/build
make[2]: Entering directory '/Users/macmade/Documents/Macmade/GitHub/libgit/libgit2/build/arm64/CMakeFiles/CMakeTmp'
Building C object CMakeFiles/cmTC_55b1f.dir/src.c.o
/Applications/Xcode.app/Contents/Developer/Toolchains/XcodeDefault.xctoolchain/usr/bin/cc -DIS_WDOCUMENTATION_SUPPORTED  -D_GNU_SOURCE -arch arm64 -mmacosx-version-min=10.13 -stdlib=libc++ -Werror -Wno-error -Wall -Wextra  -arch arm64 -isysroot /Applications/Xcode.app/Contents/Developer/Platforms/MacOSX.platform/Developer/SDKs/MacOSX11.3.sdk   -Wdocumentation -o CMakeFiles/cmTC_55b1f.dir/src.c.o -c /Users/macmade/Documents/Macmade/GitHub/libgit/libgit2/build/arm64/CMakeFiles/CMakeTmp/src.c
Linking C executable cmTC_55b1f
/opt/homebrew/Cellar/cmake/3.19.6/bin/cmake -E cmake_link_script CMakeFiles/cmTC_55b1f.dir/link.txt --verbose=1
/Applications/Xcode.app/Contents/Developer/Toolchains/XcodeDefault.xctoolchain/usr/bin/cc -D_GNU_SOURCE -arch arm64 -mmacosx-version-min=10.13 -stdlib=libc++ -Werror -Wno-error -Wall -Wextra  -arch arm64 -isysroot /Applications/Xcode.app/Contents/Developer/Platforms/MacOSX.platform/Developer/SDKs/MacOSX11.3.sdk -Wl,-search_paths_first -Wl,-headerpad_max_install_names CMakeFiles/cmTC_55b1f.dir/src.c.o -o cmTC_55b1f 
make[2]: Leaving directory '/Users/macmade/Documents/Macmade/GitHub/libgit/libgit2/build/arm64/CMakeFiles/CMakeTmp'
make[1]: Leaving directory '/Users/macmade/Documents/Macmade/GitHub/libgit/libgit2/build/arm64/CMakeFiles/CMakeTmp'


Source file was:
int main(void) { return 0; }
Performing C SOURCE FILE Test IS_WNO_DOCUMENTATION_DEPRECATED_SYNC_SUPPORTED succeeded with the following output:
Change Dir: /Users/macmade/Documents/Macmade/GitHub/libgit/libgit2/build/arm64/CMakeFiles/CMakeTmp

Run Build Command(s):/usr/local/make/bin/make cmTC_62225/fast && make[1]: Entering directory '/Users/macmade/Documents/Macmade/GitHub/libgit/libgit2/build/arm64/CMakeFiles/CMakeTmp'
/usr/local/make/bin/make  -f CMakeFiles/cmTC_62225.dir/build.make CMakeFiles/cmTC_62225.dir/build
make[2]: Entering directory '/Users/macmade/Documents/Macmade/GitHub/libgit/libgit2/build/arm64/CMakeFiles/CMakeTmp'
Building C object CMakeFiles/cmTC_62225.dir/src.c.o
/Applications/Xcode.app/Contents/Developer/Toolchains/XcodeDefault.xctoolchain/usr/bin/cc -DIS_WNO_DOCUMENTATION_DEPRECATED_SYNC_SUPPORTED  -D_GNU_SOURCE -arch arm64 -mmacosx-version-min=10.13 -stdlib=libc++ -Werror -Wno-error -Wall -Wextra -Wdocumentation  -arch arm64 -isysroot /Applications/Xcode.app/Contents/Developer/Platforms/MacOSX.platform/Developer/SDKs/MacOSX11.3.sdk   -Wno-documentation-deprecated-sync -o CMakeFiles/cmTC_62225.dir/src.c.o -c /Users/macmade/Documents/Macmade/GitHub/libgit/libgit2/build/arm64/CMakeFiles/CMakeTmp/src.c
Linking C executable cmTC_62225
/opt/homebrew/Cellar/cmake/3.19.6/bin/cmake -E cmake_link_script CMakeFiles/cmTC_62225.dir/link.txt --verbose=1
/Applications/Xcode.app/Contents/Developer/Toolchains/XcodeDefault.xctoolchain/usr/bin/cc -D_GNU_SOURCE -arch arm64 -mmacosx-version-min=10.13 -stdlib=libc++ -Werror -Wno-error -Wall -Wextra -Wdocumentation  -arch arm64 -isysroot /Applications/Xcode.app/Contents/Developer/Platforms/MacOSX.platform/Developer/SDKs/MacOSX11.3.sdk -Wl,-search_paths_first -Wl,-headerpad_max_install_names CMakeFiles/cmTC_62225.dir/src.c.o -o cmTC_62225 
make[2]: Leaving directory '/Users/macmade/Documents/Macmade/GitHub/libgit/libgit2/build/arm64/CMakeFiles/CMakeTmp'
make[1]: Leaving directory '/Users/macmade/Documents/Macmade/GitHub/libgit/libgit2/build/arm64/CMakeFiles/CMakeTmp'


Source file was:
int main(void) { return 0; }
Performing C SOURCE FILE Test IS_WNO_MISSING_FIELD_INITIALIZERS_SUPPORTED succeeded with the following output:
Change Dir: /Users/macmade/Documents/Macmade/GitHub/libgit/libgit2/build/arm64/CMakeFiles/CMakeTmp

Run Build Command(s):/usr/local/make/bin/make cmTC_b7907/fast && make[1]: Entering directory '/Users/macmade/Documents/Macmade/GitHub/libgit/libgit2/build/arm64/CMakeFiles/CMakeTmp'
/usr/local/make/bin/make  -f CMakeFiles/cmTC_b7907.dir/build.make CMakeFiles/cmTC_b7907.dir/build
make[2]: Entering directory '/Users/macmade/Documents/Macmade/GitHub/libgit/libgit2/build/arm64/CMakeFiles/CMakeTmp'
Building C object CMakeFiles/cmTC_b7907.dir/src.c.o
/Applications/Xcode.app/Contents/Developer/Toolchains/XcodeDefault.xctoolchain/usr/bin/cc -DIS_WNO_MISSING_FIELD_INITIALIZERS_SUPPORTED  -D_GNU_SOURCE -arch arm64 -mmacosx-version-min=10.13 -stdlib=libc++ -Werror -Wno-error -Wall -Wextra -Wdocumentation -Wno-documentation-deprecated-sync  -arch arm64 -isysroot /Applications/Xcode.app/Contents/Developer/Platforms/MacOSX.platform/Developer/SDKs/MacOSX11.3.sdk   -Wno-missing-field-initializers -o CMakeFiles/cmTC_b7907.dir/src.c.o -c /Users/macmade/Documents/Macmade/GitHub/libgit/libgit2/build/arm64/CMakeFiles/CMakeTmp/src.c
Linking C executable cmTC_b7907
/opt/homebrew/Cellar/cmake/3.19.6/bin/cmake -E cmake_link_script CMakeFiles/cmTC_b7907.dir/link.txt --verbose=1
/Applications/Xcode.app/Contents/Developer/Toolchains/XcodeDefault.xctoolchain/usr/bin/cc -D_GNU_SOURCE -arch arm64 -mmacosx-version-min=10.13 -stdlib=libc++ -Werror -Wno-error -Wall -Wextra -Wdocumentation -Wno-documentation-deprecated-sync  -arch arm64 -isysroot /Applications/Xcode.app/Contents/Developer/Platforms/MacOSX.platform/Developer/SDKs/MacOSX11.3.sdk -Wl,-search_paths_first -Wl,-headerpad_max_install_names CMakeFiles/cmTC_b7907.dir/src.c.o -o cmTC_b7907 
make[2]: Leaving directory '/Users/macmade/Documents/Macmade/GitHub/libgit/libgit2/build/arm64/CMakeFiles/CMakeTmp'
make[1]: Leaving directory '/Users/macmade/Documents/Macmade/GitHub/libgit/libgit2/build/arm64/CMakeFiles/CMakeTmp'


Source file was:
int main(void) { return 0; }
Performing C SOURCE FILE Test IS_WSTRICT_ALIASING_SUPPORTED succeeded with the following output:
Change Dir: /Users/macmade/Documents/Macmade/GitHub/libgit/libgit2/build/arm64/CMakeFiles/CMakeTmp

Run Build Command(s):/usr/local/make/bin/make cmTC_762f1/fast && make[1]: Entering directory '/Users/macmade/Documents/Macmade/GitHub/libgit/libgit2/build/arm64/CMakeFiles/CMakeTmp'
/usr/local/make/bin/make  -f CMakeFiles/cmTC_762f1.dir/build.make CMakeFiles/cmTC_762f1.dir/build
make[2]: Entering directory '/Users/macmade/Documents/Macmade/GitHub/libgit/libgit2/build/arm64/CMakeFiles/CMakeTmp'
Building C object CMakeFiles/cmTC_762f1.dir/src.c.o
/Applications/Xcode.app/Contents/Developer/Toolchains/XcodeDefault.xctoolchain/usr/bin/cc -DIS_WSTRICT_ALIASING_SUPPORTED  -D_GNU_SOURCE -arch arm64 -mmacosx-version-min=10.13 -stdlib=libc++ -Werror -Wno-error -Wall -Wextra -Wdocumentation -Wno-documentation-deprecated-sync -Wno-missing-field-initializers  -arch arm64 -isysroot /Applications/Xcode.app/Contents/Developer/Platforms/MacOSX.platform/Developer/SDKs/MacOSX11.3.sdk   -Wstrict-aliasing -o CMakeFiles/cmTC_762f1.dir/src.c.o -c /Users/macmade/Documents/Macmade/GitHub/libgit/libgit2/build/arm64/CMakeFiles/CMakeTmp/src.c
Linking C executable cmTC_762f1
/opt/homebrew/Cellar/cmake/3.19.6/bin/cmake -E cmake_link_script CMakeFiles/cmTC_762f1.dir/link.txt --verbose=1
/Applications/Xcode.app/Contents/Developer/Toolchains/XcodeDefault.xctoolchain/usr/bin/cc -D_GNU_SOURCE -arch arm64 -mmacosx-version-min=10.13 -stdlib=libc++ -Werror -Wno-error -Wall -Wextra -Wdocumentation -Wno-documentation-deprecated-sync -Wno-missing-field-initializers  -arch arm64 -isysroot /Applications/Xcode.app/Contents/Developer/Platforms/MacOSX.platform/Developer/SDKs/MacOSX11.3.sdk -Wl,-search_paths_first -Wl,-headerpad_max_install_names CMakeFiles/cmTC_762f1.dir/src.c.o -o cmTC_762f1 
make[2]: Leaving directory '/Users/macmade/Documents/Macmade/GitHub/libgit/libgit2/build/arm64/CMakeFiles/CMakeTmp'
make[1]: Leaving directory '/Users/macmade/Documents/Macmade/GitHub/libgit/libgit2/build/arm64/CMakeFiles/CMakeTmp'


Source file was:
int main(void) { return 0; }
Performing C SOURCE FILE Test IS_WSTRICT_PROTOTYPES_SUPPORTED succeeded with the following output:
Change Dir: /Users/macmade/Documents/Macmade/GitHub/libgit/libgit2/build/arm64/CMakeFiles/CMakeTmp

Run Build Command(s):/usr/local/make/bin/make cmTC_eec70/fast && make[1]: Entering directory '/Users/macmade/Documents/Macmade/GitHub/libgit/libgit2/build/arm64/CMakeFiles/CMakeTmp'
/usr/local/make/bin/make  -f CMakeFiles/cmTC_eec70.dir/build.make CMakeFiles/cmTC_eec70.dir/build
make[2]: Entering directory '/Users/macmade/Documents/Macmade/GitHub/libgit/libgit2/build/arm64/CMakeFiles/CMakeTmp'
Building C object CMakeFiles/cmTC_eec70.dir/src.c.o
/Applications/Xcode.app/Contents/Developer/Toolchains/XcodeDefault.xctoolchain/usr/bin/cc -DIS_WSTRICT_PROTOTYPES_SUPPORTED  -D_GNU_SOURCE -arch arm64 -mmacosx-version-min=10.13 -stdlib=libc++ -Werror -Wno-error -Wall -Wextra -Wdocumentation -Wno-documentation-deprecated-sync -Wno-missing-field-initializers -Wstrict-aliasing  -arch arm64 -isysroot /Applications/Xcode.app/Contents/Developer/Platforms/MacOSX.platform/Developer/SDKs/MacOSX11.3.sdk   -Wstrict-prototypes -o CMakeFiles/cmTC_eec70.dir/src.c.o -c /Users/macmade/Documents/Macmade/GitHub/libgit/libgit2/build/arm64/CMakeFiles/CMakeTmp/src.c
Linking C executable cmTC_eec70
/opt/homebrew/Cellar/cmake/3.19.6/bin/cmake -E cmake_link_script CMakeFiles/cmTC_eec70.dir/link.txt --verbose=1
/Applications/Xcode.app/Contents/Developer/Toolchains/XcodeDefault.xctoolchain/usr/bin/cc -D_GNU_SOURCE -arch arm64 -mmacosx-version-min=10.13 -stdlib=libc++ -Werror -Wno-error -Wall -Wextra -Wdocumentation -Wno-documentation-deprecated-sync -Wno-missing-field-initializers -Wstrict-aliasing  -arch arm64 -isysroot /Applications/Xcode.app/Contents/Developer/Platforms/MacOSX.platform/Developer/SDKs/MacOSX11.3.sdk -Wl,-search_paths_first -Wl,-headerpad_max_install_names CMakeFiles/cmTC_eec70.dir/src.c.o -o cmTC_eec70 
make[2]: Leaving directory '/Users/macmade/Documents/Macmade/GitHub/libgit/libgit2/build/arm64/CMakeFiles/CMakeTmp'
make[1]: Leaving directory '/Users/macmade/Documents/Macmade/GitHub/libgit/libgit2/build/arm64/CMakeFiles/CMakeTmp'


Source file was:
int main(void) { return 0; }
Performing C SOURCE FILE Test IS_WDECLARATION_AFTER_STATEMENT_SUPPORTED succeeded with the following output:
Change Dir: /Users/macmade/Documents/Macmade/GitHub/libgit/libgit2/build/arm64/CMakeFiles/CMakeTmp

Run Build Command(s):/usr/local/make/bin/make cmTC_1d7e0/fast && make[1]: Entering directory '/Users/macmade/Documents/Macmade/GitHub/libgit/libgit2/build/arm64/CMakeFiles/CMakeTmp'
/usr/local/make/bin/make  -f CMakeFiles/cmTC_1d7e0.dir/build.make CMakeFiles/cmTC_1d7e0.dir/build
make[2]: Entering directory '/Users/macmade/Documents/Macmade/GitHub/libgit/libgit2/build/arm64/CMakeFiles/CMakeTmp'
Building C object CMakeFiles/cmTC_1d7e0.dir/src.c.o
/Applications/Xcode.app/Contents/Developer/Toolchains/XcodeDefault.xctoolchain/usr/bin/cc -DIS_WDECLARATION_AFTER_STATEMENT_SUPPORTED  -D_GNU_SOURCE -arch arm64 -mmacosx-version-min=10.13 -stdlib=libc++ -Werror -Wno-error -Wall -Wextra -Wdocumentation -Wno-documentation-deprecated-sync -Wno-missing-field-initializers -Wstrict-aliasing -Wstrict-prototypes  -arch arm64 -isysroot /Applications/Xcode.app/Contents/Developer/Platforms/MacOSX.platform/Developer/SDKs/MacOSX11.3.sdk   -Wdeclaration-after-statement -o CMakeFiles/cmTC_1d7e0.dir/src.c.o -c /Users/macmade/Documents/Macmade/GitHub/libgit/libgit2/build/arm64/CMakeFiles/CMakeTmp/src.c
Linking C executable cmTC_1d7e0
/opt/homebrew/Cellar/cmake/3.19.6/bin/cmake -E cmake_link_script CMakeFiles/cmTC_1d7e0.dir/link.txt --verbose=1
/Applications/Xcode.app/Contents/Developer/Toolchains/XcodeDefault.xctoolchain/usr/bin/cc -D_GNU_SOURCE -arch arm64 -mmacosx-version-min=10.13 -stdlib=libc++ -Werror -Wno-error -Wall -Wextra -Wdocumentation -Wno-documentation-deprecated-sync -Wno-missing-field-initializers -Wstrict-aliasing -Wstrict-prototypes  -arch arm64 -isysroot /Applications/Xcode.app/Contents/Developer/Platforms/MacOSX.platform/Developer/SDKs/MacOSX11.3.sdk -Wl,-search_paths_first -Wl,-headerpad_max_install_names CMakeFiles/cmTC_1d7e0.dir/src.c.o -o cmTC_1d7e0 
make[2]: Leaving directory '/Users/macmade/Documents/Macmade/GitHub/libgit/libgit2/build/arm64/CMakeFiles/CMakeTmp'
make[1]: Leaving directory '/Users/macmade/Documents/Macmade/GitHub/libgit/libgit2/build/arm64/CMakeFiles/CMakeTmp'


Source file was:
int main(void) { return 0; }
Performing C SOURCE FILE Test IS_WSHIFT_COUNT_OVERFLOW_SUPPORTED succeeded with the following output:
Change Dir: /Users/macmade/Documents/Macmade/GitHub/libgit/libgit2/build/arm64/CMakeFiles/CMakeTmp

Run Build Command(s):/usr/local/make/bin/make cmTC_e832d/fast && make[1]: Entering directory '/Users/macmade/Documents/Macmade/GitHub/libgit/libgit2/build/arm64/CMakeFiles/CMakeTmp'
/usr/local/make/bin/make  -f CMakeFiles/cmTC_e832d.dir/build.make CMakeFiles/cmTC_e832d.dir/build
make[2]: Entering directory '/Users/macmade/Documents/Macmade/GitHub/libgit/libgit2/build/arm64/CMakeFiles/CMakeTmp'
Building C object CMakeFiles/cmTC_e832d.dir/src.c.o
/Applications/Xcode.app/Contents/Developer/Toolchains/XcodeDefault.xctoolchain/usr/bin/cc -DIS_WSHIFT_COUNT_OVERFLOW_SUPPORTED  -D_GNU_SOURCE -arch arm64 -mmacosx-version-min=10.13 -stdlib=libc++ -Werror -Wno-error -Wall -Wextra -Wdocumentation -Wno-documentation-deprecated-sync -Wno-missing-field-initializers -Wstrict-aliasing -Wstrict-prototypes -Wdeclaration-after-statement  -arch arm64 -isysroot /Applications/Xcode.app/Contents/Developer/Platforms/MacOSX.platform/Developer/SDKs/MacOSX11.3.sdk   -Wshift-count-overflow -o CMakeFiles/cmTC_e832d.dir/src.c.o -c /Users/macmade/Documents/Macmade/GitHub/libgit/libgit2/build/arm64/CMakeFiles/CMakeTmp/src.c
Linking C executable cmTC_e832d
/opt/homebrew/Cellar/cmake/3.19.6/bin/cmake -E cmake_link_script CMakeFiles/cmTC_e832d.dir/link.txt --verbose=1
/Applications/Xcode.app/Contents/Developer/Toolchains/XcodeDefault.xctoolchain/usr/bin/cc -D_GNU_SOURCE -arch arm64 -mmacosx-version-min=10.13 -stdlib=libc++ -Werror -Wno-error -Wall -Wextra -Wdocumentation -Wno-documentation-deprecated-sync -Wno-missing-field-initializers -Wstrict-aliasing -Wstrict-prototypes -Wdeclaration-after-statement  -arch arm64 -isysroot /Applications/Xcode.app/Contents/Developer/Platforms/MacOSX.platform/Developer/SDKs/MacOSX11.3.sdk -Wl,-search_paths_first -Wl,-headerpad_max_install_names CMakeFiles/cmTC_e832d.dir/src.c.o -o cmTC_e832d 
make[2]: Leaving directory '/Users/macmade/Documents/Macmade/GitHub/libgit/libgit2/build/arm64/CMakeFiles/CMakeTmp'
make[1]: Leaving directory '/Users/macmade/Documents/Macmade/GitHub/libgit/libgit2/build/arm64/CMakeFiles/CMakeTmp'


Source file was:
int main(void) { return 0; }
Performing C SOURCE FILE Test IS_WUNUSED_CONST_VARIABLE_SUPPORTED succeeded with the following output:
Change Dir: /Users/macmade/Documents/Macmade/GitHub/libgit/libgit2/build/arm64/CMakeFiles/CMakeTmp

Run Build Command(s):/usr/local/make/bin/make cmTC_e14d9/fast && make[1]: Entering directory '/Users/macmade/Documents/Macmade/GitHub/libgit/libgit2/build/arm64/CMakeFiles/CMakeTmp'
/usr/local/make/bin/make  -f CMakeFiles/cmTC_e14d9.dir/build.make CMakeFiles/cmTC_e14d9.dir/build
make[2]: Entering directory '/Users/macmade/Documents/Macmade/GitHub/libgit/libgit2/build/arm64/CMakeFiles/CMakeTmp'
Building C object CMakeFiles/cmTC_e14d9.dir/src.c.o
/Applications/Xcode.app/Contents/Developer/Toolchains/XcodeDefault.xctoolchain/usr/bin/cc -DIS_WUNUSED_CONST_VARIABLE_SUPPORTED  -D_GNU_SOURCE -arch arm64 -mmacosx-version-min=10.13 -stdlib=libc++ -Werror -Wno-error -Wall -Wextra -Wdocumentation -Wno-documentation-deprecated-sync -Wno-missing-field-initializers -Wstrict-aliasing -Wstrict-prototypes -Wdeclaration-after-statement -Wshift-count-overflow  -arch arm64 -isysroot /Applications/Xcode.app/Contents/Developer/Platforms/MacOSX.platform/Developer/SDKs/MacOSX11.3.sdk   -Wunused-const-variable -o CMakeFiles/cmTC_e14d9.dir/src.c.o -c /Users/macmade/Documents/Macmade/GitHub/libgit/libgit2/build/arm64/CMakeFiles/CMakeTmp/src.c
Linking C executable cmTC_e14d9
/opt/homebrew/Cellar/cmake/3.19.6/bin/cmake -E cmake_link_script CMakeFiles/cmTC_e14d9.dir/link.txt --verbose=1
/Applications/Xcode.app/Contents/Developer/Toolchains/XcodeDefault.xctoolchain/usr/bin/cc -D_GNU_SOURCE -arch arm64 -mmacosx-version-min=10.13 -stdlib=libc++ -Werror -Wno-error -Wall -Wextra -Wdocumentation -Wno-documentation-deprecated-sync -Wno-missing-field-initializers -Wstrict-aliasing -Wstrict-prototypes -Wdeclaration-after-statement -Wshift-count-overflow  -arch arm64 -isysroot /Applications/Xcode.app/Contents/Developer/Platforms/MacOSX.platform/Developer/SDKs/MacOSX11.3.sdk -Wl,-search_paths_first -Wl,-headerpad_max_install_names CMakeFiles/cmTC_e14d9.dir/src.c.o -o cmTC_e14d9 
make[2]: Leaving directory '/Users/macmade/Documents/Macmade/GitHub/libgit/libgit2/build/arm64/CMakeFiles/CMakeTmp'
make[1]: Leaving directory '/Users/macmade/Documents/Macmade/GitHub/libgit/libgit2/build/arm64/CMakeFiles/CMakeTmp'


Source file was:
int main(void) { return 0; }
Performing C SOURCE FILE Test IS_WUNUSED_FUNCTION_SUPPORTED succeeded with the following output:
Change Dir: /Users/macmade/Documents/Macmade/GitHub/libgit/libgit2/build/arm64/CMakeFiles/CMakeTmp

Run Build Command(s):/usr/local/make/bin/make cmTC_be787/fast && make[1]: Entering directory '/Users/macmade/Documents/Macmade/GitHub/libgit/libgit2/build/arm64/CMakeFiles/CMakeTmp'
/usr/local/make/bin/make  -f CMakeFiles/cmTC_be787.dir/build.make CMakeFiles/cmTC_be787.dir/build
make[2]: Entering directory '/Users/macmade/Documents/Macmade/GitHub/libgit/libgit2/build/arm64/CMakeFiles/CMakeTmp'
Building C object CMakeFiles/cmTC_be787.dir/src.c.o
/Applications/Xcode.app/Contents/Developer/Toolchains/XcodeDefault.xctoolchain/usr/bin/cc -DIS_WUNUSED_FUNCTION_SUPPORTED  -D_GNU_SOURCE -arch arm64 -mmacosx-version-min=10.13 -stdlib=libc++ -Werror -Wno-error -Wall -Wextra -Wdocumentation -Wno-documentation-deprecated-sync -Wno-missing-field-initializers -Wstrict-aliasing -Wstrict-prototypes -Wdeclaration-after-statement -Wshift-count-overflow -Wunused-const-variable  -arch arm64 -isysroot /Applications/Xcode.app/Contents/Developer/Platforms/MacOSX.platform/Developer/SDKs/MacOSX11.3.sdk   -Wunused-function -o CMakeFiles/cmTC_be787.dir/src.c.o -c /Users/macmade/Documents/Macmade/GitHub/libgit/libgit2/build/arm64/CMakeFiles/CMakeTmp/src.c
Linking C executable cmTC_be787
/opt/homebrew/Cellar/cmake/3.19.6/bin/cmake -E cmake_link_script CMakeFiles/cmTC_be787.dir/link.txt --verbose=1
/Applications/Xcode.app/Contents/Developer/Toolchains/XcodeDefault.xctoolchain/usr/bin/cc -D_GNU_SOURCE -arch arm64 -mmacosx-version-min=10.13 -stdlib=libc++ -Werror -Wno-error -Wall -Wextra -Wdocumentation -Wno-documentation-deprecated-sync -Wno-missing-field-initializers -Wstrict-aliasing -Wstrict-prototypes -Wdeclaration-after-statement -Wshift-count-overflow -Wunused-const-variable  -arch arm64 -isysroot /Applications/Xcode.app/Contents/Developer/Platforms/MacOSX.platform/Developer/SDKs/MacOSX11.3.sdk -Wl,-search_paths_first -Wl,-headerpad_max_install_names CMakeFiles/cmTC_be787.dir/src.c.o -o cmTC_be787 
make[2]: Leaving directory '/Users/macmade/Documents/Macmade/GitHub/libgit/libgit2/build/arm64/CMakeFiles/CMakeTmp'
make[1]: Leaving directory '/Users/macmade/Documents/Macmade/GitHub/libgit/libgit2/build/arm64/CMakeFiles/CMakeTmp'


Source file was:
int main(void) { return 0; }
Performing C SOURCE FILE Test IS_WINT_CONVERSION_SUPPORTED succeeded with the following output:
Change Dir: /Users/macmade/Documents/Macmade/GitHub/libgit/libgit2/build/arm64/CMakeFiles/CMakeTmp

Run Build Command(s):/usr/local/make/bin/make cmTC_85e84/fast && make[1]: Entering directory '/Users/macmade/Documents/Macmade/GitHub/libgit/libgit2/build/arm64/CMakeFiles/CMakeTmp'
/usr/local/make/bin/make  -f CMakeFiles/cmTC_85e84.dir/build.make CMakeFiles/cmTC_85e84.dir/build
make[2]: Entering directory '/Users/macmade/Documents/Macmade/GitHub/libgit/libgit2/build/arm64/CMakeFiles/CMakeTmp'
Building C object CMakeFiles/cmTC_85e84.dir/src.c.o
/Applications/Xcode.app/Contents/Developer/Toolchains/XcodeDefault.xctoolchain/usr/bin/cc -DIS_WINT_CONVERSION_SUPPORTED  -D_GNU_SOURCE -arch arm64 -mmacosx-version-min=10.13 -stdlib=libc++ -Werror -Wno-error -Wall -Wextra -Wdocumentation -Wno-documentation-deprecated-sync -Wno-missing-field-initializers -Wstrict-aliasing -Wstrict-prototypes -Wdeclaration-after-statement -Wshift-count-overflow -Wunused-const-variable -Wunused-function  -arch arm64 -isysroot /Applications/Xcode.app/Contents/Developer/Platforms/MacOSX.platform/Developer/SDKs/MacOSX11.3.sdk   -Wint-conversion -o CMakeFiles/cmTC_85e84.dir/src.c.o -c /Users/macmade/Documents/Macmade/GitHub/libgit/libgit2/build/arm64/CMakeFiles/CMakeTmp/src.c
Linking C executable cmTC_85e84
/opt/homebrew/Cellar/cmake/3.19.6/bin/cmake -E cmake_link_script CMakeFiles/cmTC_85e84.dir/link.txt --verbose=1
/Applications/Xcode.app/Contents/Developer/Toolchains/XcodeDefault.xctoolchain/usr/bin/cc -D_GNU_SOURCE -arch arm64 -mmacosx-version-min=10.13 -stdlib=libc++ -Werror -Wno-error -Wall -Wextra -Wdocumentation -Wno-documentation-deprecated-sync -Wno-missing-field-initializers -Wstrict-aliasing -Wstrict-prototypes -Wdeclaration-after-statement -Wshift-count-overflow -Wunused-const-variable -Wunused-function  -arch arm64 -isysroot /Applications/Xcode.app/Contents/Developer/Platforms/MacOSX.platform/Developer/SDKs/MacOSX11.3.sdk -Wl,-search_paths_first -Wl,-headerpad_max_install_names CMakeFiles/cmTC_85e84.dir/src.c.o -o cmTC_85e84 
make[2]: Leaving directory '/Users/macmade/Documents/Macmade/GitHub/libgit/libgit2/build/arm64/CMakeFiles/CMakeTmp'
make[1]: Leaving directory '/Users/macmade/Documents/Macmade/GitHub/libgit/libgit2/build/arm64/CMakeFiles/CMakeTmp'


Source file was:
int main(void) { return 0; }
Performing C SOURCE FILE Test IS_WC11_EXTENSIONS_SUPPORTED succeeded with the following output:
Change Dir: /Users/macmade/Documents/Macmade/GitHub/libgit/libgit2/build/arm64/CMakeFiles/CMakeTmp

Run Build Command(s):/usr/local/make/bin/make cmTC_46c33/fast && make[1]: Entering directory '/Users/macmade/Documents/Macmade/GitHub/libgit/libgit2/build/arm64/CMakeFiles/CMakeTmp'
/usr/local/make/bin/make  -f CMakeFiles/cmTC_46c33.dir/build.make CMakeFiles/cmTC_46c33.dir/build
make[2]: Entering directory '/Users/macmade/Documents/Macmade/GitHub/libgit/libgit2/build/arm64/CMakeFiles/CMakeTmp'
Building C object CMakeFiles/cmTC_46c33.dir/src.c.o
/Applications/Xcode.app/Contents/Developer/Toolchains/XcodeDefault.xctoolchain/usr/bin/cc -DIS_WC11_EXTENSIONS_SUPPORTED  -D_GNU_SOURCE -arch arm64 -mmacosx-version-min=10.13 -stdlib=libc++ -Werror -Wno-error -Wall -Wextra -Wdocumentation -Wno-documentation-deprecated-sync -Wno-missing-field-initializers -Wstrict-aliasing -Wstrict-prototypes -Wdeclaration-after-statement -Wshift-count-overflow -Wunused-const-variable -Wunused-function -Wint-conversion  -arch arm64 -isysroot /Applications/Xcode.app/Contents/Developer/Platforms/MacOSX.platform/Developer/SDKs/MacOSX11.3.sdk   -Wc11-extensions -o CMakeFiles/cmTC_46c33.dir/src.c.o -c /Users/macmade/Documents/Macmade/GitHub/libgit/libgit2/build/arm64/CMakeFiles/CMakeTmp/src.c
Linking C executable cmTC_46c33
/opt/homebrew/Cellar/cmake/3.19.6/bin/cmake -E cmake_link_script CMakeFiles/cmTC_46c33.dir/link.txt --verbose=1
/Applications/Xcode.app/Contents/Developer/Toolchains/XcodeDefault.xctoolchain/usr/bin/cc -D_GNU_SOURCE -arch arm64 -mmacosx-version-min=10.13 -stdlib=libc++ -Werror -Wno-error -Wall -Wextra -Wdocumentation -Wno-documentation-deprecated-sync -Wno-missing-field-initializers -Wstrict-aliasing -Wstrict-prototypes -Wdeclaration-after-statement -Wshift-count-overflow -Wunused-const-variable -Wunused-function -Wint-conversion  -arch arm64 -isysroot /Applications/Xcode.app/Contents/Developer/Platforms/MacOSX.platform/Developer/SDKs/MacOSX11.3.sdk -Wl,-search_paths_first -Wl,-headerpad_max_install_names CMakeFiles/cmTC_46c33.dir/src.c.o -o cmTC_46c33 
make[2]: Leaving directory '/Users/macmade/Documents/Macmade/GitHub/libgit/libgit2/build/arm64/CMakeFiles/CMakeTmp'
make[1]: Leaving directory '/Users/macmade/Documents/Macmade/GitHub/libgit/libgit2/build/arm64/CMakeFiles/CMakeTmp'


Source file was:
int main(void) { return 0; }
Performing C SOURCE FILE Test IS_WFORMAT_SUPPORTED succeeded with the following output:
Change Dir: /Users/macmade/Documents/Macmade/GitHub/libgit/libgit2/build/arm64/CMakeFiles/CMakeTmp

Run Build Command(s):/usr/local/make/bin/make cmTC_e924c/fast && make[1]: Entering directory '/Users/macmade/Documents/Macmade/GitHub/libgit/libgit2/build/arm64/CMakeFiles/CMakeTmp'
/usr/local/make/bin/make  -f CMakeFiles/cmTC_e924c.dir/build.make CMakeFiles/cmTC_e924c.dir/build
make[2]: Entering directory '/Users/macmade/Documents/Macmade/GitHub/libgit/libgit2/build/arm64/CMakeFiles/CMakeTmp'
Building C object CMakeFiles/cmTC_e924c.dir/src.c.o
/Applications/Xcode.app/Contents/Developer/Toolchains/XcodeDefault.xctoolchain/usr/bin/cc -DIS_WFORMAT_SUPPORTED  -D_GNU_SOURCE -arch arm64 -mmacosx-version-min=10.13 -stdlib=libc++ -Werror -Wno-error -Wall -Wextra -Wdocumentation -Wno-documentation-deprecated-sync -Wno-missing-field-initializers -Wstrict-aliasing -Wstrict-prototypes -Wdeclaration-after-statement -Wshift-count-overflow -Wunused-const-variable -Wunused-function -Wint-conversion -Wc11-extensions  -arch arm64 -isysroot /Applications/Xcode.app/Contents/Developer/Platforms/MacOSX.platform/Developer/SDKs/MacOSX11.3.sdk   -Wformat -o CMakeFiles/cmTC_e924c.dir/src.c.o -c /Users/macmade/Documents/Macmade/GitHub/libgit/libgit2/build/arm64/CMakeFiles/CMakeTmp/src.c
Linking C executable cmTC_e924c
/opt/homebrew/Cellar/cmake/3.19.6/bin/cmake -E cmake_link_script CMakeFiles/cmTC_e924c.dir/link.txt --verbose=1
/Applications/Xcode.app/Contents/Developer/Toolchains/XcodeDefault.xctoolchain/usr/bin/cc -D_GNU_SOURCE -arch arm64 -mmacosx-version-min=10.13 -stdlib=libc++ -Werror -Wno-error -Wall -Wextra -Wdocumentation -Wno-documentation-deprecated-sync -Wno-missing-field-initializers -Wstrict-aliasing -Wstrict-prototypes -Wdeclaration-after-statement -Wshift-count-overflow -Wunused-const-variable -Wunused-function -Wint-conversion -Wc11-extensions  -arch arm64 -isysroot /Applications/Xcode.app/Contents/Developer/Platforms/MacOSX.platform/Developer/SDKs/MacOSX11.3.sdk -Wl,-search_paths_first -Wl,-headerpad_max_install_names CMakeFiles/cmTC_e924c.dir/src.c.o -o cmTC_e924c 
make[2]: Leaving directory '/Users/macmade/Documents/Macmade/GitHub/libgit/libgit2/build/arm64/CMakeFiles/CMakeTmp'
make[1]: Leaving directory '/Users/macmade/Documents/Macmade/GitHub/libgit/libgit2/build/arm64/CMakeFiles/CMakeTmp'


Source file was:
int main(void) { return 0; }
Performing C SOURCE FILE Test IS_WFORMAT_SECURITY_SUPPORTED succeeded with the following output:
Change Dir: /Users/macmade/Documents/Macmade/GitHub/libgit/libgit2/build/arm64/CMakeFiles/CMakeTmp

Run Build Command(s):/usr/local/make/bin/make cmTC_00f14/fast && make[1]: Entering directory '/Users/macmade/Documents/Macmade/GitHub/libgit/libgit2/build/arm64/CMakeFiles/CMakeTmp'
/usr/local/make/bin/make  -f CMakeFiles/cmTC_00f14.dir/build.make CMakeFiles/cmTC_00f14.dir/build
make[2]: Entering directory '/Users/macmade/Documents/Macmade/GitHub/libgit/libgit2/build/arm64/CMakeFiles/CMakeTmp'
Building C object CMakeFiles/cmTC_00f14.dir/src.c.o
/Applications/Xcode.app/Contents/Developer/Toolchains/XcodeDefault.xctoolchain/usr/bin/cc -DIS_WFORMAT_SECURITY_SUPPORTED  -D_GNU_SOURCE -arch arm64 -mmacosx-version-min=10.13 -stdlib=libc++ -Werror -Wno-error -Wall -Wextra -Wdocumentation -Wno-documentation-deprecated-sync -Wno-missing-field-initializers -Wstrict-aliasing -Wstrict-prototypes -Wdeclaration-after-statement -Wshift-count-overflow -Wunused-const-variable -Wunused-function -Wint-conversion -Wc11-extensions -Wformat  -arch arm64 -isysroot /Applications/Xcode.app/Contents/Developer/Platforms/MacOSX.platform/Developer/SDKs/MacOSX11.3.sdk   -Wformat-security -o CMakeFiles/cmTC_00f14.dir/src.c.o -c /Users/macmade/Documents/Macmade/GitHub/libgit/libgit2/build/arm64/CMakeFiles/CMakeTmp/src.c
Linking C executable cmTC_00f14
/opt/homebrew/Cellar/cmake/3.19.6/bin/cmake -E cmake_link_script CMakeFiles/cmTC_00f14.dir/link.txt --verbose=1
/Applications/Xcode.app/Contents/Developer/Toolchains/XcodeDefault.xctoolchain/usr/bin/cc -D_GNU_SOURCE -arch arm64 -mmacosx-version-min=10.13 -stdlib=libc++ -Werror -Wno-error -Wall -Wextra -Wdocumentation -Wno-documentation-deprecated-sync -Wno-missing-field-initializers -Wstrict-aliasing -Wstrict-prototypes -Wdeclaration-after-statement -Wshift-count-overflow -Wunused-const-variable -Wunused-function -Wint-conversion -Wc11-extensions -Wformat  -arch arm64 -isysroot /Applications/Xcode.app/Contents/Developer/Platforms/MacOSX.platform/Developer/SDKs/MacOSX11.3.sdk -Wl,-search_paths_first -Wl,-headerpad_max_install_names CMakeFiles/cmTC_00f14.dir/src.c.o -o cmTC_00f14 
make[2]: Leaving directory '/Users/macmade/Documents/Macmade/GitHub/libgit/libgit2/build/arm64/CMakeFiles/CMakeTmp'
make[1]: Leaving directory '/Users/macmade/Documents/Macmade/GitHub/libgit/libgit2/build/arm64/CMakeFiles/CMakeTmp'


Source file was:
int main(void) { return 0; }
Performing C SOURCE FILE Test IS_WMISSING_DECLARATIONS_SUPPORTED succeeded with the following output:
Change Dir: /Users/macmade/Documents/Macmade/GitHub/libgit/libgit2/build/arm64/CMakeFiles/CMakeTmp

Run Build Command(s):/usr/local/make/bin/make cmTC_ac185/fast && make[1]: Entering directory '/Users/macmade/Documents/Macmade/GitHub/libgit/libgit2/build/arm64/CMakeFiles/CMakeTmp'
/usr/local/make/bin/make  -f CMakeFiles/cmTC_ac185.dir/build.make CMakeFiles/cmTC_ac185.dir/build
make[2]: Entering directory '/Users/macmade/Documents/Macmade/GitHub/libgit/libgit2/build/arm64/CMakeFiles/CMakeTmp'
Building C object CMakeFiles/cmTC_ac185.dir/src.c.o
/Applications/Xcode.app/Contents/Developer/Toolchains/XcodeDefault.xctoolchain/usr/bin/cc -DIS_WMISSING_DECLARATIONS_SUPPORTED  -D_GNU_SOURCE -arch arm64 -mmacosx-version-min=10.13 -stdlib=libc++ -Werror -Wno-error -Wall -Wextra -Wdocumentation -Wno-documentation-deprecated-sync -Wno-missing-field-initializers -Wstrict-aliasing -Wstrict-prototypes -Wdeclaration-after-statement -Wshift-count-overflow -Wunused-const-variable -Wunused-function -Wint-conversion -Wc11-extensions -Wformat -Wformat-security  -arch arm64 -isysroot /Applications/Xcode.app/Contents/Developer/Platforms/MacOSX.platform/Developer/SDKs/MacOSX11.3.sdk   -Wmissing-declarations -o CMakeFiles/cmTC_ac185.dir/src.c.o -c /Users/macmade/Documents/Macmade/GitHub/libgit/libgit2/build/arm64/CMakeFiles/CMakeTmp/src.c
Linking C executable cmTC_ac185
/opt/homebrew/Cellar/cmake/3.19.6/bin/cmake -E cmake_link_script CMakeFiles/cmTC_ac185.dir/link.txt --verbose=1
/Applications/Xcode.app/Contents/Developer/Toolchains/XcodeDefault.xctoolchain/usr/bin/cc -D_GNU_SOURCE -arch arm64 -mmacosx-version-min=10.13 -stdlib=libc++ -Werror -Wno-error -Wall -Wextra -Wdocumentation -Wno-documentation-deprecated-sync -Wno-missing-field-initializers -Wstrict-aliasing -Wstrict-prototypes -Wdeclaration-after-statement -Wshift-count-overflow -Wunused-const-variable -Wunused-function -Wint-conversion -Wc11-extensions -Wformat -Wformat-security  -arch arm64 -isysroot /Applications/Xcode.app/Contents/Developer/Platforms/MacOSX.platform/Developer/SDKs/MacOSX11.3.sdk -Wl,-search_paths_first -Wl,-headerpad_max_install_names CMakeFiles/cmTC_ac185.dir/src.c.o -o cmTC_ac185 
make[2]: Leaving directory '/Users/macmade/Documents/Macmade/GitHub/libgit/libgit2/build/arm64/CMakeFiles/CMakeTmp'
make[1]: Leaving directory '/Users/macmade/Documents/Macmade/GitHub/libgit/libgit2/build/arm64/CMakeFiles/CMakeTmp'


Source file was:
int main(void) { return 0; }
Determining if the prototype qsort_r exists for HAVE_QSORT_R_BSD passed with the following output:
Change Dir: /Users/macmade/Documents/Macmade/GitHub/libgit/libgit2/build/arm64/CMakeFiles/CMakeTmp

Run Build Command(s):/usr/local/make/bin/make cmTC_25bb1/fast && make[1]: Entering directory '/Users/macmade/Documents/Macmade/GitHub/libgit/libgit2/build/arm64/CMakeFiles/CMakeTmp'
/usr/local/make/bin/make  -f CMakeFiles/cmTC_25bb1.dir/build.make CMakeFiles/cmTC_25bb1.dir/build
make[2]: Entering directory '/Users/macmade/Documents/Macmade/GitHub/libgit/libgit2/build/arm64/CMakeFiles/CMakeTmp'
Building C object CMakeFiles/cmTC_25bb1.dir/CheckPrototypeDefinition.c.o
/Applications/Xcode.app/Contents/Developer/Toolchains/XcodeDefault.xctoolchain/usr/bin/cc   -D_GNU_SOURCE -arch arm64 -mmacosx-version-min=10.13 -stdlib=libc++ -Werror -Wno-error -Wall -Wextra -Wdocumentation -Wno-documentation-deprecated-sync -Wno-missing-field-initializers -Wstrict-aliasing -Wstrict-prototypes -Wdeclaration-after-statement -Wshift-count-overflow -Wunused-const-variable -Wunused-function -Wint-conversion -Wc11-extensions -Wformat -Wformat-security -Wmissing-declarations  -arch arm64 -isysroot /Applications/Xcode.app/Contents/Developer/Platforms/MacOSX.platform/Developer/SDKs/MacOSX11.3.sdk -o CMakeFiles/cmTC_25bb1.dir/CheckPrototypeDefinition.c.o -c /Users/macmade/Documents/Macmade/GitHub/libgit/libgit2/build/arm64/CMakeFiles/CMakeTmp/CheckPrototypeDefinition.c
/Users/macmade/Documents/Macmade/GitHub/libgit/libgit2/build/arm64/CMakeFiles/CMakeTmp/CheckPrototypeDefinition.c:14:20: warning: unused parameter 'base' [-Wunused-parameter]
void qsort_r(void *base, size_t nmemb, size_t size, void *thunk, int (*compar)(void *, const void *, const void *)) {
                   ^
/Users/macmade/Documents/Macmade/GitHub/libgit/libgit2/build/arm64/CMakeFiles/CMakeTmp/CheckPrototypeDefinition.c:14:33: warning: unused parameter 'nmemb' [-Wunused-parameter]
void qsort_r(void *base, size_t nmemb, size_t size, void *thunk, int (*compar)(void *, const void *, const void *)) {
                                ^
/Users/macmade/Documents/Macmade/GitHub/libgit/libgit2/build/arm64/CMakeFiles/CMakeTmp/CheckPrototypeDefinition.c:14:47: warning: unused parameter 'size' [-Wunused-parameter]
void qsort_r(void *base, size_t nmemb, size_t size, void *thunk, int (*compar)(void *, const void *, const void *)) {
                                              ^
/Users/macmade/Documents/Macmade/GitHub/libgit/libgit2/build/arm64/CMakeFiles/CMakeTmp/CheckPrototypeDefinition.c:14:59: warning: unused parameter 'thunk' [-Wunused-parameter]
void qsort_r(void *base, size_t nmemb, size_t size, void *thunk, int (*compar)(void *, const void *, const void *)) {
                                                          ^
/Users/macmade/Documents/Macmade/GitHub/libgit/libgit2/build/arm64/CMakeFiles/CMakeTmp/CheckPrototypeDefinition.c:14:72: warning: unused parameter 'compar' [-Wunused-parameter]
void qsort_r(void *base, size_t nmemb, size_t size, void *thunk, int (*compar)(void *, const void *, const void *)) {
                                                                       ^
5 warnings generated.
Linking C executable cmTC_25bb1
/opt/homebrew/Cellar/cmake/3.19.6/bin/cmake -E cmake_link_script CMakeFiles/cmTC_25bb1.dir/link.txt --verbose=1
/Applications/Xcode.app/Contents/Developer/Toolchains/XcodeDefault.xctoolchain/usr/bin/cc -D_GNU_SOURCE -arch arm64 -mmacosx-version-min=10.13 -stdlib=libc++ -Werror -Wno-error -Wall -Wextra -Wdocumentation -Wno-documentation-deprecated-sync -Wno-missing-field-initializers -Wstrict-aliasing -Wstrict-prototypes -Wdeclaration-after-statement -Wshift-count-overflow -Wunused-const-variable -Wunused-function -Wint-conversion -Wc11-extensions -Wformat -Wformat-security -Wmissing-declarations  -arch arm64 -isysroot /Applications/Xcode.app/Contents/Developer/Platforms/MacOSX.platform/Developer/SDKs/MacOSX11.3.sdk -Wl,-search_paths_first -Wl,-headerpad_max_install_names CMakeFiles/cmTC_25bb1.dir/CheckPrototypeDefinition.c.o -o cmTC_25bb1 
make[2]: Leaving directory '/Users/macmade/Documents/Macmade/GitHub/libgit/libgit2/build/arm64/CMakeFiles/CMakeTmp'
make[1]: Leaving directory '/Users/macmade/Documents/Macmade/GitHub/libgit/libgit2/build/arm64/CMakeFiles/CMakeTmp'



Determining if the function SSLCreateContext exists in the /Applications/Xcode.app/Contents/Developer/Platforms/MacOSX.platform/Developer/SDKs/MacOSX11.3.sdk/System/Library/Frameworks/Security.framework passed with the following output:
Change Dir: /Users/macmade/Documents/Macmade/GitHub/libgit/libgit2/build/arm64/CMakeFiles/CMakeTmp

Run Build Command(s):/usr/local/make/bin/make cmTC_f16b9/fast && make[1]: Entering directory '/Users/macmade/Documents/Macmade/GitHub/libgit/libgit2/build/arm64/CMakeFiles/CMakeTmp'
/usr/local/make/bin/make  -f CMakeFiles/cmTC_f16b9.dir/build.make CMakeFiles/cmTC_f16b9.dir/build
make[2]: Entering directory '/Users/macmade/Documents/Macmade/GitHub/libgit/libgit2/build/arm64/CMakeFiles/CMakeTmp'
Building C object CMakeFiles/cmTC_f16b9.dir/CheckFunctionExists.c.o
/Applications/Xcode.app/Contents/Developer/Toolchains/XcodeDefault.xctoolchain/usr/bin/cc   -D_GNU_SOURCE -arch arm64 -mmacosx-version-min=10.13 -stdlib=libc++ -Werror -Wno-error -Wall -Wextra -Wdocumentation -Wno-documentation-deprecated-sync -Wno-missing-field-initializers -Wstrict-aliasing -Wstrict-prototypes -Wdeclaration-after-statement -Wshift-count-overflow -Wunused-const-variable -Wunused-function -Wint-conversion -Wc11-extensions -Wformat -Wformat-security -Wmissing-declarations -DCHECK_FUNCTION_EXISTS=SSLCreateContext -arch arm64 -isysroot /Applications/Xcode.app/Contents/Developer/Platforms/MacOSX.platform/Developer/SDKs/MacOSX11.3.sdk -o CMakeFiles/cmTC_f16b9.dir/CheckFunctionExists.c.o -c /opt/homebrew/Cellar/cmake/3.19.6/share/cmake/Modules/CheckFunctionExists.c
Linking C executable cmTC_f16b9
/opt/homebrew/Cellar/cmake/3.19.6/bin/cmake -E cmake_link_script CMakeFiles/cmTC_f16b9.dir/link.txt --verbose=1
/Applications/Xcode.app/Contents/Developer/Toolchains/XcodeDefault.xctoolchain/usr/bin/cc -D_GNU_SOURCE -arch arm64 -mmacosx-version-min=10.13 -stdlib=libc++ -Werror -Wno-error -Wall -Wextra -Wdocumentation -Wno-documentation-deprecated-sync -Wno-missing-field-initializers -Wstrict-aliasing -Wstrict-prototypes -Wdeclaration-after-statement -Wshift-count-overflow -Wunused-const-variable -Wunused-function -Wint-conversion -Wc11-extensions -Wformat -Wformat-security -Wmissing-declarations -DCHECK_FUNCTION_EXISTS=SSLCreateContext -arch arm64 -isysroot /Applications/Xcode.app/Contents/Developer/Platforms/MacOSX.platform/Developer/SDKs/MacOSX11.3.sdk -Wl,-search_paths_first -Wl,-headerpad_max_install_names CMakeFiles/cmTC_f16b9.dir/CheckFunctionExists.c.o -o cmTC_f16b9   -L/Users/macmade/Documents/Macmade/GitHub/libgit/libgit2/build/arm64/CMakeFiles/CMakeTmp/Security/SecureTransport.h  -Wl,-rpath,/Users/macmade/Documents/Macmade/GitHub/libgit/libgit2/build/arm64/CMakeFiles/CMakeTmp/Security/SecureTransport.h -framework Security 
ld: warning: directory not found for option '-L/Users/macmade/Documents/Macmade/GitHub/libgit/libgit2/build/arm64/CMakeFiles/CMakeTmp/Security/SecureTransport.h'
make[2]: Leaving directory '/Users/macmade/Documents/Macmade/GitHub/libgit/libgit2/build/arm64/CMakeFiles/CMakeTmp'
make[1]: Leaving directory '/Users/macmade/Documents/Macmade/GitHub/libgit/libgit2/build/arm64/CMakeFiles/CMakeTmp'



Determining if the regcomp_l exist passed with the following output:
Change Dir: /Users/macmade/Documents/Macmade/GitHub/libgit/libgit2/build/arm64/CMakeFiles/CMakeTmp

Run Build Command(s):/usr/local/make/bin/make cmTC_c853c/fast && make[1]: Entering directory '/Users/macmade/Documents/Macmade/GitHub/libgit/libgit2/build/arm64/CMakeFiles/CMakeTmp'
/usr/local/make/bin/make  -f CMakeFiles/cmTC_c853c.dir/build.make CMakeFiles/cmTC_c853c.dir/build
make[2]: Entering directory '/Users/macmade/Documents/Macmade/GitHub/libgit/libgit2/build/arm64/CMakeFiles/CMakeTmp'
Building C object CMakeFiles/cmTC_c853c.dir/CheckSymbolExists.c.o
/Applications/Xcode.app/Contents/Developer/Toolchains/XcodeDefault.xctoolchain/usr/bin/cc   -D_GNU_SOURCE -arch arm64 -mmacosx-version-min=10.13 -stdlib=libc++ -Werror -Wno-error -Wall -Wextra -Wdocumentation -Wno-documentation-deprecated-sync -Wno-missing-field-initializers -Wstrict-aliasing -Wstrict-prototypes -Wdeclaration-after-statement -Wshift-count-overflow -Wunused-const-variable -Wunused-function -Wint-conversion -Wc11-extensions -Wformat -Wformat-security -Wmissing-declarations  -arch arm64 -isysroot /Applications/Xcode.app/Contents/Developer/Platforms/MacOSX.platform/Developer/SDKs/MacOSX11.3.sdk -o CMakeFiles/cmTC_c853c.dir/CheckSymbolExists.c.o -c /Users/macmade/Documents/Macmade/GitHub/libgit/libgit2/build/arm64/CMakeFiles/CMakeTmp/CheckSymbolExists.c
Linking C executable cmTC_c853c
/opt/homebrew/Cellar/cmake/3.19.6/bin/cmake -E cmake_link_script CMakeFiles/cmTC_c853c.dir/link.txt --verbose=1
/Applications/Xcode.app/Contents/Developer/Toolchains/XcodeDefault.xctoolchain/usr/bin/cc -D_GNU_SOURCE -arch arm64 -mmacosx-version-min=10.13 -stdlib=libc++ -Werror -Wno-error -Wall -Wextra -Wdocumentation -Wno-documentation-deprecated-sync -Wno-missing-field-initializers -Wstrict-aliasing -Wstrict-prototypes -Wdeclaration-after-statement -Wshift-count-overflow -Wunused-const-variable -Wunused-function -Wint-conversion -Wc11-extensions -Wformat -Wformat-security -Wmissing-declarations  -arch arm64 -isysroot /Applications/Xcode.app/Contents/Developer/Platforms/MacOSX.platform/Developer/SDKs/MacOSX11.3.sdk -Wl,-search_paths_first -Wl,-headerpad_max_install_names CMakeFiles/cmTC_c853c.dir/CheckSymbolExists.c.o -o cmTC_c853c 
make[2]: Leaving directory '/Users/macmade/Documents/Macmade/GitHub/libgit/libgit2/build/arm64/CMakeFiles/CMakeTmp'
make[1]: Leaving directory '/Users/macmade/Documents/Macmade/GitHub/libgit/libgit2/build/arm64/CMakeFiles/CMakeTmp'


File /Users/macmade/Documents/Macmade/GitHub/libgit/libgit2/build/arm64/CMakeFiles/CMakeTmp/CheckSymbolExists.c:
/* */
#include <regex.h>
#include <xlocale.h>

int main(int argc, char** argv)
{
  (void)argv;
#ifndef regcomp_l
  return ((int*)(&regcomp_l))[argc];
#else
  (void)argc;
  return 0;
#endif
}
Performing C SOURCE FILE Test IS_WNO_IMPLICIT_FALLTHROUGH_SUPPORTED succeeded with the following output:
Change Dir: /Users/macmade/Documents/Macmade/GitHub/libgit/libgit2/build/arm64/CMakeFiles/CMakeTmp

Run Build Command(s):/usr/local/make/bin/make cmTC_32c67/fast && make[1]: Entering directory '/Users/macmade/Documents/Macmade/GitHub/libgit/libgit2/build/arm64/CMakeFiles/CMakeTmp'
/usr/local/make/bin/make  -f CMakeFiles/cmTC_32c67.dir/build.make CMakeFiles/cmTC_32c67.dir/build
make[2]: Entering directory '/Users/macmade/Documents/Macmade/GitHub/libgit/libgit2/build/arm64/CMakeFiles/CMakeTmp'
Building C object CMakeFiles/cmTC_32c67.dir/src.c.o
/Applications/Xcode.app/Contents/Developer/Toolchains/XcodeDefault.xctoolchain/usr/bin/cc -DIS_WNO_IMPLICIT_FALLTHROUGH_SUPPORTED  -D_GNU_SOURCE -arch arm64 -mmacosx-version-min=10.13 -stdlib=libc++ -Werror -Wno-error -Wall -Wextra -Wdocumentation -Wno-documentation-deprecated-sync -Wno-missing-field-initializers -Wstrict-aliasing -Wstrict-prototypes -Wdeclaration-after-statement -Wshift-count-overflow -Wunused-const-variable -Wunused-function -Wint-conversion -Wc11-extensions -Wformat -Wformat-security -Wmissing-declarations  -arch arm64 -isysroot /Applications/Xcode.app/Contents/Developer/Platforms/MacOSX.platform/Developer/SDKs/MacOSX11.3.sdk   -Wno-implicit-fallthrough -o CMakeFiles/cmTC_32c67.dir/src.c.o -c /Users/macmade/Documents/Macmade/GitHub/libgit/libgit2/build/arm64/CMakeFiles/CMakeTmp/src.c
Linking C executable cmTC_32c67
/opt/homebrew/Cellar/cmake/3.19.6/bin/cmake -E cmake_link_script CMakeFiles/cmTC_32c67.dir/link.txt --verbose=1
/Applications/Xcode.app/Contents/Developer/Toolchains/XcodeDefault.xctoolchain/usr/bin/cc -D_GNU_SOURCE -arch arm64 -mmacosx-version-min=10.13 -stdlib=libc++ -Werror -Wno-error -Wall -Wextra -Wdocumentation -Wno-documentation-deprecated-sync -Wno-missing-field-initializers -Wstrict-aliasing -Wstrict-prototypes -Wdeclaration-after-statement -Wshift-count-overflow -Wunused-const-variable -Wunused-function -Wint-conversion -Wc11-extensions -Wformat -Wformat-security -Wmissing-declarations  -arch arm64 -isysroot /Applications/Xcode.app/Contents/Developer/Platforms/MacOSX.platform/Developer/SDKs/MacOSX11.3.sdk -Wl,-search_paths_first -Wl,-headerpad_max_install_names CMakeFiles/cmTC_32c67.dir/src.c.o -o cmTC_32c67 
make[2]: Leaving directory '/Users/macmade/Documents/Macmade/GitHub/libgit/libgit2/build/arm64/CMakeFiles/CMakeTmp'
make[1]: Leaving directory '/Users/macmade/Documents/Macmade/GitHub/libgit/libgit2/build/arm64/CMakeFiles/CMakeTmp'


Source file was:
int main(void) { return 0; }
